{"numTotalTestSuites":77,"numPassedTestSuites":77,"numFailedTestSuites":0,"numPendingTestSuites":0,"numTotalTests":118,"numPassedTests":118,"numFailedTests":0,"numPendingTests":0,"numTodoTests":0,"snapshot":{"added":0,"failure":false,"filesAdded":0,"filesRemoved":0,"filesRemovedList":[],"filesUnmatched":0,"filesUpdated":0,"matched":0,"total":0,"unchecked":0,"uncheckedKeysByFile":[],"unmatched":0,"updated":0,"didUpdate":false},"startTime":1777443334743,"success":true,"testResults":[{"assertionResults":[{"ancestorTitles":["App"],"fullName":"App when rendered, then shows the app list page with Create App button","status":"passed","title":"when rendered, then shows the app list page with Create App button","duration":103.2835,"failureMessages":[],"meta":{},"tags":[]}],"startTime":1777443336784,"endTime":1777443336887.2834,"status":"passed","message":"","name":"C:/Users/Kazum/Desktop/programming/AI/website/tddTodoApp/frontend/src/App.test.tsx"},{"assertionResults":[{"ancestorTitles":["AppForm","Happy Path - Rendering"],"fullName":"AppForm Happy Path - Rendering when rendered, then shows App Name input field","status":"passed","title":"when rendered, then shows App Name input field","duration":34.24829999999997,"failureMessages":[],"meta":{},"tags":[]},{"ancestorTitles":["AppForm","Happy Path - Rendering"],"fullName":"AppForm Happy Path - Rendering when rendered, then shows Cancel button","status":"passed","title":"when rendered, then shows Cancel button","duration":91.98950000000013,"failureMessages":[],"meta":{},"tags":[]},{"ancestorTitles":["AppForm","Happy Path - Rendering"],"fullName":"AppForm Happy Path - Rendering when rendered, then shows submit button (Create or Update)","status":"passed","title":"when rendered, then shows submit button (Create or Update)","duration":15.841599999999971,"failureMessages":[],"meta":{},"tags":[]},{"ancestorTitles":["AppForm","Validation Errors - Empty Name"],"fullName":"AppForm Validation Errors - Empty Name when submitted with empty name, then shows required validation error","status":"passed","title":"when submitted with empty name, then shows required validation error","duration":58.50760000000014,"failureMessages":[],"meta":{},"tags":[]},{"ancestorTitles":["AppForm","Validation Errors - Empty Name"],"fullName":"AppForm Validation Errors - Empty Name when submitted with empty name, then onSubmit is NOT called","status":"passed","title":"when submitted with empty name, then onSubmit is NOT called","duration":52.41470000000004,"failureMessages":[],"meta":{},"tags":[]},{"ancestorTitles":["AppForm","Validation Errors - Name Too Long"],"fullName":"AppForm Validation Errors - Name Too Long when submitted with name over 100 characters, then shows max length error","status":"passed","title":"when submitted with name over 100 characters, then shows max length error","duration":1641.8863999999999,"failureMessages":[],"meta":{},"tags":[]},{"ancestorTitles":["AppForm","Validation Errors - Name Too Long"],"fullName":"AppForm Validation Errors - Name Too Long when submitted with name over 100 characters, then onSubmit is NOT called","status":"passed","title":"when submitted with name over 100 characters, then onSubmit is NOT called","duration":1430.6242000000002,"failureMessages":[],"meta":{},"tags":[]},{"ancestorTitles":["AppForm","Interaction - Cancel"],"fullName":"AppForm Interaction - Cancel when Cancel button clicked, then calls onCancel once","status":"passed","title":"when Cancel button clicked, then calls onCancel once","duration":45.76929999999993,"failureMessages":[],"meta":{},"tags":[]},{"ancestorTitles":["AppForm","Loading State"],"fullName":"AppForm Loading State when isLoading is true, then submit button is disabled","status":"passed","title":"when isLoading is true, then submit button is disabled","duration":12.7492000000002,"failureMessages":[],"meta":{},"tags":[]},{"ancestorTitles":["AppForm","Loading State"],"fullName":"AppForm Loading State when isLoading is false, then submit button is enabled","status":"passed","title":"when isLoading is false, then submit button is enabled","duration":5.212999999999738,"failureMessages":[],"meta":{},"tags":[]},{"ancestorTitles":["AppForm","Boundary Cases - Name Length"],"fullName":"AppForm Boundary Cases - Name Length when name has exactly 1 character (minimum), then onSubmit is called on submit","status":"passed","title":"when name has exactly 1 character (minimum), then onSubmit is called on submit","duration":103.59990000000016,"failureMessages":[],"meta":{},"tags":[]},{"ancestorTitles":["AppForm","Boundary Cases - Name Length"],"fullName":"AppForm Boundary Cases - Name Length when name has exactly 100 characters (maximum), then onSubmit is called on submit","status":"passed","title":"when name has exactly 100 characters (maximum), then onSubmit is called on submit","duration":1581.3364000000001,"failureMessages":[],"meta":{},"tags":[]},{"ancestorTitles":["AppForm","Pre-filled Form (Edit Mode)"],"fullName":"AppForm Pre-filled Form (Edit Mode) when defaultValue provided, then input is pre-filled","status":"passed","title":"when defaultValue provided, then input is pre-filled","duration":6.837700000000041,"failureMessages":[],"meta":{},"tags":[]}],"startTime":1777443336471,"endTime":1777443341552.8376,"status":"passed","message":"","name":"C:/Users/Kazum/Desktop/programming/AI/website/tddTodoApp/frontend/src/features/app-create/components/AppForm.test.tsx"},{"assertionResults":[{"ancestorTitles":["AppCreatePage","Happy Path - Rendering"],"fullName":"AppCreatePage Happy Path - Rendering when rendered, then shows page title \"Create New App\"","status":"passed","title":"when rendered, then shows page title \"Create New App\"","duration":35.886999999999944,"failureMessages":[],"meta":{},"tags":[]},{"ancestorTitles":["AppCreatePage","Happy Path - Rendering"],"fullName":"AppCreatePage Happy Path - Rendering when rendered, then shows App Name input","status":"passed","title":"when rendered, then shows App Name input","duration":7.018399999999929,"failureMessages":[],"meta":{},"tags":[]},{"ancestorTitles":["AppCreatePage","Happy Path - Rendering"],"fullName":"AppCreatePage Happy Path - Rendering when rendered, then shows Create submit button","status":"passed","title":"when rendered, then shows Create submit button","duration":101.51950000000011,"failureMessages":[],"meta":{},"tags":[]},{"ancestorTitles":["AppCreatePage","Happy Path - Rendering"],"fullName":"AppCreatePage Happy Path - Rendering when rendered, then shows Cancel button","status":"passed","title":"when rendered, then shows Cancel button","duration":11.286800000000085,"failureMessages":[],"meta":{},"tags":[]},{"ancestorTitles":["AppCreatePage","Happy Path - Successful Submission"],"fullName":"AppCreatePage Happy Path - Successful Submission when form submitted with valid name, then calls POST /api/v1/apps","status":"passed","title":"when form submitted with valid name, then calls POST /api/v1/apps","duration":211.29650000000015,"failureMessages":[],"meta":{},"tags":[]},{"ancestorTitles":["AppCreatePage","Happy Path - Successful Submission"],"fullName":"AppCreatePage Happy Path - Successful Submission when POST succeeds, then navigates away from create page","status":"passed","title":"when POST succeeds, then navigates away from create page","duration":222.0695999999998,"failureMessages":[],"meta":{},"tags":[]},{"ancestorTitles":["AppCreatePage","Error Cases - Duplicate Name (409)"],"fullName":"AppCreatePage Error Cases - Duplicate Name (409) when POST returns 409, then shows conflict error alert","status":"passed","title":"when POST returns 409, then shows conflict error alert","duration":309.34519999999975,"failureMessages":[],"meta":{},"tags":[]},{"ancestorTitles":["AppCreatePage","Error Cases - Duplicate Name (409)"],"fullName":"AppCreatePage Error Cases - Duplicate Name (409) when POST returns 409, then stays on create page","status":"passed","title":"when POST returns 409, then stays on create page","duration":316.63740000000007,"failureMessages":[],"meta":{},"tags":[]},{"ancestorTitles":["AppCreatePage","Error Cases - Validation (422)"],"fullName":"AppCreatePage Error Cases - Validation (422) when POST returns 422, then shows validation error alert","status":"passed","title":"when POST returns 422, then shows validation error alert","duration":124.06420000000026,"failureMessages":[],"meta":{},"tags":[]},{"ancestorTitles":["AppCreatePage","Loading State"],"fullName":"AppCreatePage Loading State when form is submitting, then Create button is disabled","status":"passed","title":"when form is submitting, then Create button is disabled","duration":233.15959999999995,"failureMessages":[],"meta":{},"tags":[]},{"ancestorTitles":["AppCreatePage","Interaction - Cancel Navigation"],"fullName":"AppCreatePage Interaction - Cancel Navigation when Cancel button clicked, then navigates away from create page","status":"passed","title":"when Cancel button clicked, then navigates away from create page","duration":76.80649999999969,"failureMessages":[],"meta":{},"tags":[]},{"ancestorTitles":["AppCreatePage","Boundary Cases - App Name Length"],"fullName":"AppCreatePage Boundary Cases - App Name Length when name has exactly 1 character (minimum), then POST is called on submit","status":"passed","title":"when name has exactly 1 character (minimum), then POST is called on submit","duration":139.91629999999986,"failureMessages":[],"meta":{},"tags":[]},{"ancestorTitles":["AppCreatePage","Boundary Cases - App Name Length"],"fullName":"AppCreatePage Boundary Cases - App Name Length when name has exactly 100 characters (maximum), then POST is called on submit","status":"passed","title":"when name has exactly 100 characters (maximum), then POST is called on submit","duration":1486.6329,"failureMessages":[],"meta":{},"tags":[]},{"ancestorTitles":["AppCreatePage","Boundary Cases - App Name Length"],"fullName":"AppCreatePage Boundary Cases - App Name Length when name has 101 characters (over maximum), then POST is NOT called","status":"passed","title":"when name has 101 characters (over maximum), then POST is NOT called","duration":1585.1283000000003,"failureMessages":[],"meta":{},"tags":[]}],"startTime":1777443336467,"endTime":1777443341329.1284,"status":"passed","message":"","name":"C:/Users/Kazum/Desktop/programming/AI/website/tddTodoApp/frontend/src/features/app-create/pages/AppCreatePage.test.tsx"},{"assertionResults":[{"ancestorTitles":["AppDetailPage","Happy Path - Loading & Rendering"],"fullName":"AppDetailPage Happy Path - Loading & Rendering when page loads, then shows app name after data fetches","status":"passed","title":"when page loads, then shows app name after data fetches","duration":73.44749999999999,"failureMessages":[],"meta":{},"tags":[]},{"ancestorTitles":["AppDetailPage","Happy Path - Loading & Rendering"],"fullName":"AppDetailPage Happy Path - Loading & Rendering when page loads, then shows todos after data fetches","status":"passed","title":"when page loads, then shows todos after data fetches","duration":31.114499999999907,"failureMessages":[],"meta":{},"tags":[]},{"ancestorTitles":["AppDetailPage","Happy Path - Loading & Rendering"],"fullName":"AppDetailPage Happy Path - Loading & Rendering when page loads, then shows Edit button in header","status":"passed","title":"when page loads, then shows Edit button in header","duration":96.58670000000006,"failureMessages":[],"meta":{},"tags":[]},{"ancestorTitles":["AppDetailPage","Happy Path - Loading & Rendering"],"fullName":"AppDetailPage Happy Path - Loading & Rendering when page loads, then shows Delete button in header","status":"passed","title":"when page loads, then shows Delete button in header","duration":23.12830000000008,"failureMessages":[],"meta":{},"tags":[]},{"ancestorTitles":["AppDetailPage","Happy Path - Loading & Rendering"],"fullName":"AppDetailPage Happy Path - Loading & Rendering when page loads, then shows Create Todo button","status":"passed","title":"when page loads, then shows Create Todo button","duration":36.72999999999979,"failureMessages":[],"meta":{},"tags":[]},{"ancestorTitles":["AppDetailPage","Timestamps Display"],"fullName":"AppDetailPage Timestamps Display when page loads, then shows createdAt date","status":"passed","title":"when page loads, then shows createdAt date","duration":9.670700000000124,"failureMessages":[],"meta":{},"tags":[]},{"ancestorTitles":["AppDetailPage","Interaction - Delete App"],"fullName":"AppDetailPage Interaction - Delete App when Delete App button clicked, then shows confirmation dialog","status":"passed","title":"when Delete App button clicked, then shows confirmation dialog","duration":95.09840000000008,"failureMessages":[],"meta":{},"tags":[]},{"ancestorTitles":["AppDetailPage","Interaction - Delete App"],"fullName":"AppDetailPage Interaction - Delete App when delete is cancelled, then dialog closes and page stays unchanged","status":"passed","title":"when delete is cancelled, then dialog closes and page stays unchanged","duration":111.35050000000001,"failureMessages":[],"meta":{},"tags":[]},{"ancestorTitles":["AppDetailPage","Interaction - Delete App"],"fullName":"AppDetailPage Interaction - Delete App when delete confirmed, then calls DELETE API for the app","status":"passed","title":"when delete confirmed, then calls DELETE API for the app","duration":123.60939999999982,"failureMessages":[],"meta":{},"tags":[]},{"ancestorTitles":["AppDetailPage","Interaction - Delete App"],"fullName":"AppDetailPage Interaction - Delete App when delete confirmed, then shows success toast with \"App deleted successfully\"","status":"passed","title":"when delete confirmed, then shows success toast with \"App deleted successfully\"","duration":155.05430000000024,"failureMessages":[],"meta":{},"tags":[]},{"ancestorTitles":["AppDetailPage","Interaction - Delete App"],"fullName":"AppDetailPage Interaction - Delete App when delete confirmed, then navigates away from app detail","status":"passed","title":"when delete confirmed, then navigates away from app detail","duration":122.92450000000008,"failureMessages":[],"meta":{},"tags":[]},{"ancestorTitles":["AppDetailPage","Interaction - Edit App Navigation"],"fullName":"AppDetailPage Interaction - Edit App Navigation when Edit button clicked, then navigates to app-edit page","status":"passed","title":"when Edit button clicked, then navigates to app-edit page","duration":79.36110000000008,"failureMessages":[],"meta":{},"tags":[]},{"ancestorTitles":["AppDetailPage","Interaction - Create Todo"],"fullName":"AppDetailPage Interaction - Create Todo when Create Todo button clicked, then shows inline create form","status":"passed","title":"when Create Todo button clicked, then shows inline create form","duration":85.31669999999986,"failureMessages":[],"meta":{},"tags":[]},{"ancestorTitles":["AppDetailPage","Error Handling"],"fullName":"AppDetailPage Error Handling when app API returns 404, then shows not found error","status":"passed","title":"when app API returns 404, then shows not found error","duration":22.521400000000085,"failureMessages":[],"meta":{},"tags":[]}],"startTime":1777443336470,"endTime":1777443337537.5215,"status":"passed","message":"","name":"C:/Users/Kazum/Desktop/programming/AI/website/tddTodoApp/frontend/src/features/app-detail/pages/AppDetailPage.test.tsx"},{"assertionResults":[{"ancestorTitles":["AppHeader","Happy Path - Rendering"],"fullName":"AppHeader Happy Path - Rendering when rendered, then shows app name","status":"passed","title":"when rendered, then shows app name","duration":26.842999999999847,"failureMessages":[],"meta":{},"tags":[]},{"ancestorTitles":["AppHeader","Happy Path - Rendering"],"fullName":"AppHeader Happy Path - Rendering when rendered, then shows createdAt timestamp","status":"passed","title":"when rendered, then shows createdAt timestamp","duration":3.4700000000000273,"failureMessages":[],"meta":{},"tags":[]},{"ancestorTitles":["AppHeader","Happy Path - Rendering"],"fullName":"AppHeader Happy Path - Rendering when rendered, then shows Edit button","status":"passed","title":"when rendered, then shows Edit button","duration":90.13619999999992,"failureMessages":[],"meta":{},"tags":[]},{"ancestorTitles":["AppHeader","Happy Path - Rendering"],"fullName":"AppHeader Happy Path - Rendering when rendered, then shows Delete button","status":"passed","title":"when rendered, then shows Delete button","duration":12.205899999999929,"failureMessages":[],"meta":{},"tags":[]},{"ancestorTitles":["AppHeader","Happy Path - Rendering"],"fullName":"AppHeader Happy Path - Rendering when rendered, then shows Back button","status":"passed","title":"when rendered, then shows Back button","duration":9.907700000000204,"failureMessages":[],"meta":{},"tags":[]},{"ancestorTitles":["AppHeader","Interaction - Back callback"],"fullName":"AppHeader Interaction - Back callback when Back button clicked, then calls onBack once","status":"passed","title":"when Back button clicked, then calls onBack once","duration":61.48940000000016,"failureMessages":[],"meta":{},"tags":[]},{"ancestorTitles":["AppHeader","Interaction - Edit callback"],"fullName":"AppHeader Interaction - Edit callback when Edit button clicked, then calls onEdit once","status":"passed","title":"when Edit button clicked, then calls onEdit once","duration":45.49779999999987,"failureMessages":[],"meta":{},"tags":[]},{"ancestorTitles":["AppHeader","Interaction - Edit callback"],"fullName":"AppHeader Interaction - Edit callback when Edit button clicked, then does NOT call onDelete","status":"passed","title":"when Edit button clicked, then does NOT call onDelete","duration":62.108999999999924,"failureMessages":[],"meta":{},"tags":[]},{"ancestorTitles":["AppHeader","Interaction - Delete callback"],"fullName":"AppHeader Interaction - Delete callback when Delete button clicked, then calls onDelete once","status":"passed","title":"when Delete button clicked, then calls onDelete once","duration":62.7989,"failureMessages":[],"meta":{},"tags":[]},{"ancestorTitles":["AppHeader","Interaction - Delete callback"],"fullName":"AppHeader Interaction - Delete callback when Delete button clicked, then does NOT call onEdit","status":"passed","title":"when Delete button clicked, then does NOT call onEdit","duration":62.74900000000025,"failureMessages":[],"meta":{},"tags":[]}],"startTime":1777443336412,"endTime":1777443336849.749,"status":"passed","message":"","name":"C:/Users/Kazum/Desktop/programming/AI/website/tddTodoApp/frontend/src/features/app-detail/components/AppHeader.test.tsx"},{"assertionResults":[{"ancestorTitles":["TodoForm - edit mode","Happy Path - Pre-filled Form"],"fullName":"TodoForm - edit mode Happy Path - Pre-filled Form when in edit mode, then title field is pre-filled with existing title","status":"passed","title":"when in edit mode, then title field is pre-filled with existing title","duration":142.3447000000001,"failureMessages":[],"meta":{},"tags":[]},{"ancestorTitles":["TodoForm - edit mode","Happy Path - Pre-filled Form"],"fullName":"TodoForm - edit mode Happy Path - Pre-filled Form when in edit mode, then status field is read-only (disabled)","status":"passed","title":"when in edit mode, then status field is read-only (disabled)","duration":8.357600000000048,"failureMessages":[],"meta":{},"tags":[]},{"ancestorTitles":["TodoForm - edit mode","Happy Path - Pre-filled Form"],"fullName":"TodoForm - edit mode Happy Path - Pre-filled Form when in edit mode, then Save button is visible","status":"passed","title":"when in edit mode, then Save button is visible","duration":13.86200000000008,"failureMessages":[],"meta":{},"tags":[]},{"ancestorTitles":["TodoForm - edit mode","Happy Path - Pre-filled Form"],"fullName":"TodoForm - edit mode Happy Path - Pre-filled Form when in edit mode, then Cancel button is visible","status":"passed","title":"when in edit mode, then Cancel button is visible","duration":9.399699999999939,"failureMessages":[],"meta":{},"tags":[]},{"ancestorTitles":["TodoForm - edit mode","Interaction - Cancel"],"fullName":"TodoForm - edit mode Interaction - Cancel when Cancel clicked, then calls onCancel without saving","status":"passed","title":"when Cancel clicked, then calls onCancel without saving","duration":62.60270000000014,"failureMessages":[],"meta":{},"tags":[]},{"ancestorTitles":["TodoForm - edit mode","Validation Errors - Empty Title"],"fullName":"TodoForm - edit mode Validation Errors - Empty Title when title is cleared and Save clicked, then shows validation error alert","status":"passed","title":"when title is cleared and Save clicked, then shows validation error alert","duration":94.22289999999998,"failureMessages":[],"meta":{},"tags":[]},{"ancestorTitles":["TodoForm - edit mode","Validation Errors - Empty Title"],"fullName":"TodoForm - edit mode Validation Errors - Empty Title when title is cleared and Save clicked, then onSuccess is NOT called","status":"passed","title":"when title is cleared and Save clicked, then onSuccess is NOT called","duration":62.7645,"failureMessages":[],"meta":{},"tags":[]},{"ancestorTitles":["TodoForm - edit mode","Interaction - Save calls PUT API (edit mode)"],"fullName":"TodoForm - edit mode Interaction - Save calls PUT API (edit mode) when title edited and Save clicked in edit mode, then calls PUT API","status":"passed","title":"when title edited and Save clicked in edit mode, then calls PUT API","duration":360.46799999999985,"failureMessages":[],"meta":{},"tags":[]},{"ancestorTitles":["TodoForm - edit mode","Interaction - Save calls PUT API (edit mode)"],"fullName":"TodoForm - edit mode Interaction - Save calls PUT API (edit mode) when save succeeds in edit mode, then calls onSuccess callback","status":"passed","title":"when save succeeds in edit mode, then calls onSuccess callback","duration":296.3276000000001,"failureMessages":[],"meta":{},"tags":[]},{"ancestorTitles":["TodoForm - edit mode","Interaction - Save calls PUT API (edit mode)"],"fullName":"TodoForm - edit mode Interaction - Save calls PUT API (edit mode) when Save is in flight in edit mode, then Save button is disabled","status":"passed","title":"when Save is in flight in edit mode, then Save button is disabled","duration":314.7953000000002,"failureMessages":[],"meta":{},"tags":[]},{"ancestorTitles":["TodoForm - edit mode","Boundary Cases - Title Length"],"fullName":"TodoForm - edit mode Boundary Cases - Title Length when title exceeds 255 characters, then shows max length validation error","status":"passed","title":"when title exceeds 255 characters, then shows max length validation error","duration":3857.659,"failureMessages":[],"meta":{},"tags":[]},{"ancestorTitles":["TodoForm - create mode","Happy Path - Empty Form"],"fullName":"TodoForm - create mode Happy Path - Empty Form when in create mode, then title field is empty","status":"passed","title":"when in create mode, then title field is empty","duration":4.831199999999626,"failureMessages":[],"meta":{},"tags":[]},{"ancestorTitles":["TodoForm - create mode","Happy Path - Empty Form"],"fullName":"TodoForm - create mode Happy Path - Empty Form when in create mode, then status defaults to not completed (unchecked)","status":"passed","title":"when in create mode, then status defaults to not completed (unchecked)","duration":2.5199000000002343,"failureMessages":[],"meta":{},"tags":[]},{"ancestorTitles":["TodoForm - create mode","Happy Path - Empty Form"],"fullName":"TodoForm - create mode Happy Path - Empty Form when in create mode, then Create / Save button is visible","status":"passed","title":"when in create mode, then Create / Save button is visible","duration":4.872000000000298,"failureMessages":[],"meta":{},"tags":[]},{"ancestorTitles":["TodoForm - create mode","Validation Errors - Empty Title on Create"],"fullName":"TodoForm - create mode Validation Errors - Empty Title on Create when title is empty and Save clicked, then shows required validation error","status":"passed","title":"when title is empty and Save clicked, then shows required validation error","duration":54.91479999999956,"failureMessages":[],"meta":{},"tags":[]},{"ancestorTitles":["TodoForm - create mode","Interaction - Save calls POST API (create mode)"],"fullName":"TodoForm - create mode Interaction - Save calls POST API (create mode) when title entered and Save clicked in create mode, then calls POST API","status":"passed","title":"when title entered and Save clicked in create mode, then calls POST API","duration":339.2484000000004,"failureMessages":[],"meta":{},"tags":[]},{"ancestorTitles":["TodoForm - create mode","Interaction - Save calls POST API (create mode)"],"fullName":"TodoForm - create mode Interaction - Save calls POST API (create mode) when POST succeeds in create mode, then calls onSuccess callback","status":"passed","title":"when POST succeeds in create mode, then calls onSuccess callback","duration":316.21609999999964,"failureMessages":[],"meta":{},"tags":[]},{"ancestorTitles":["TodoForm - create mode","Interaction - Save calls POST API (create mode)"],"fullName":"TodoForm - create mode Interaction - Save calls POST API (create mode) when POST is in flight in create mode, then Save button is disabled","status":"passed","title":"when POST is in flight in create mode, then Save button is disabled","duration":325.3204999999998,"failureMessages":[],"meta":{},"tags":[]}],"startTime":1777443336456,"endTime":1777443342728.3206,"status":"passed","message":"","name":"C:/Users/Kazum/Desktop/programming/AI/website/tddTodoApp/frontend/src/features/app-detail/components/TodoForm.test.tsx"},{"assertionResults":[{"ancestorTitles":["TodoItem","Happy Path - Rendering"],"fullName":"TodoItem Happy Path - Rendering when rendered, then shows todo title","status":"passed","title":"when rendered, then shows todo title","duration":34.73910000000001,"failureMessages":[],"meta":{},"tags":[]},{"ancestorTitles":["TodoItem","Happy Path - Rendering"],"fullName":"TodoItem Happy Path - Rendering when todo is pending, then checkbox is unchecked","status":"passed","title":"when todo is pending, then checkbox is unchecked","duration":90.6558,"failureMessages":[],"meta":{},"tags":[]},{"ancestorTitles":["TodoItem","Happy Path - Rendering"],"fullName":"TodoItem Happy Path - Rendering when todo is completed, then checkbox is checked","status":"passed","title":"when todo is completed, then checkbox is checked","duration":8.75059999999985,"failureMessages":[],"meta":{},"tags":[]},{"ancestorTitles":["TodoItem","Happy Path - Rendering"],"fullName":"TodoItem Happy Path - Rendering when rendered, then shows Edit button","status":"passed","title":"when rendered, then shows Edit button","duration":15.609899999999925,"failureMessages":[],"meta":{},"tags":[]},{"ancestorTitles":["TodoItem","Happy Path - Rendering"],"fullName":"TodoItem Happy Path - Rendering when rendered, then shows Delete button","status":"passed","title":"when rendered, then shows Delete button","duration":13.154899999999998,"failureMessages":[],"meta":{},"tags":[]},{"ancestorTitles":["TodoItem","Interaction - Edit Mode"],"fullName":"TodoItem Interaction - Edit Mode when Edit button clicked, then shows inline edit form with textbox","status":"passed","title":"when Edit button clicked, then shows inline edit form with textbox","duration":58.01819999999998,"failureMessages":[],"meta":{},"tags":[]},{"ancestorTitles":["TodoItem","Interaction - Edit Mode"],"fullName":"TodoItem Interaction - Edit Mode when Edit button clicked, then textbox is pre-filled with todo title","status":"passed","title":"when Edit button clicked, then textbox is pre-filled with todo title","duration":45.77600000000007,"failureMessages":[],"meta":{},"tags":[]},{"ancestorTitles":["TodoItem","Interaction - Edit Mode"],"fullName":"TodoItem Interaction - Edit Mode when in edit mode, then shows Cancel button","status":"passed","title":"when in edit mode, then shows Cancel button","duration":63.22850000000017,"failureMessages":[],"meta":{},"tags":[]},{"ancestorTitles":["TodoItem","Interaction - Edit Mode"],"fullName":"TodoItem Interaction - Edit Mode when in edit mode, then shows Save button","status":"passed","title":"when in edit mode, then shows Save button","duration":62.440700000000106,"failureMessages":[],"meta":{},"tags":[]},{"ancestorTitles":["TodoItem","Interaction - Delete with Confirmation"],"fullName":"TodoItem Interaction - Delete with Confirmation when Delete button clicked, then shows confirmation dialog","status":"passed","title":"when Delete button clicked, then shows confirmation dialog","duration":63.076800000000276,"failureMessages":[],"meta":{},"tags":[]},{"ancestorTitles":["TodoItem","Interaction - Delete with Confirmation"],"fullName":"TodoItem Interaction - Delete with Confirmation when delete confirmed, then calls DELETE API and invokes onRefresh","status":"passed","title":"when delete confirmed, then calls DELETE API and invokes onRefresh","duration":123.25250000000005,"failureMessages":[],"meta":{},"tags":[]},{"ancestorTitles":["TodoItem","Interaction - Delete with Confirmation"],"fullName":"TodoItem Interaction - Delete with Confirmation when delete confirmed, then shows success toast \"Todo deleted successfully\"","status":"passed","title":"when delete confirmed, then shows success toast \"Todo deleted successfully\"","duration":122.46950000000015,"failureMessages":[],"meta":{},"tags":[]},{"ancestorTitles":["TodoItem","Interaction - Delete with Confirmation"],"fullName":"TodoItem Interaction - Delete with Confirmation when delete cancelled, then dialog closes without calling onRefresh","status":"passed","title":"when delete cancelled, then dialog closes without calling onRefresh","duration":94.88280000000032,"failureMessages":[],"meta":{},"tags":[]},{"ancestorTitles":["TodoItem","Interaction - Checkbox Toggle"],"fullName":"TodoItem Interaction - Checkbox Toggle when checkbox clicked on pending todo, then calls PATCH/PUT API to mark completed","status":"passed","title":"when checkbox clicked on pending todo, then calls PATCH/PUT API to mark completed","duration":60.95500000000038,"failureMessages":[],"meta":{},"tags":[]}],"startTime":1777443336477,"endTime":1777443337334.955,"status":"passed","message":"","name":"C:/Users/Kazum/Desktop/programming/AI/website/tddTodoApp/frontend/src/features/app-detail/components/TodoItem.test.tsx"},{"assertionResults":[{"ancestorTitles":["TodoList","Happy Path - Multiple Todos"],"fullName":"TodoList Happy Path - Multiple Todos when todos provided, then renders each todo item","status":"passed","title":"when todos provided, then renders each todo item","duration":38.69170000000008,"failureMessages":[],"meta":{},"tags":[]},{"ancestorTitles":["TodoList","Happy Path - Multiple Todos"],"fullName":"TodoList Happy Path - Multiple Todos when todos provided, then renders correct number of edit buttons","status":"passed","title":"when todos provided, then renders correct number of edit buttons","duration":96.38419999999996,"failureMessages":[],"meta":{},"tags":[]},{"ancestorTitles":["TodoList","Happy Path - Multiple Todos"],"fullName":"TodoList Happy Path - Multiple Todos when todos provided, then renders correct number of delete buttons","status":"passed","title":"when todos provided, then renders correct number of delete buttons","duration":14.610999999999876,"failureMessages":[],"meta":{},"tags":[]},{"ancestorTitles":["TodoList","Happy Path - Multiple Todos"],"fullName":"TodoList Happy Path - Multiple Todos when completed todo provided, then its checkbox is checked","status":"passed","title":"when completed todo provided, then its checkbox is checked","duration":12.183899999999994,"failureMessages":[],"meta":{},"tags":[]},{"ancestorTitles":["TodoList","Edge Case - Empty List"],"fullName":"TodoList Edge Case - Empty List when no todos, then shows empty state message","status":"passed","title":"when no todos, then shows empty state message","duration":4.901499999999942,"failureMessages":[],"meta":{},"tags":[]},{"ancestorTitles":["TodoList","Edge Case - Empty List"],"fullName":"TodoList Edge Case - Empty List when no todos, then does not render any checkboxes","status":"passed","title":"when no todos, then does not render any checkboxes","duration":2.2756999999999152,"failureMessages":[],"meta":{},"tags":[]}],"startTime":1777443336468,"endTime":1777443336637.2756,"status":"passed","message":"","name":"C:/Users/Kazum/Desktop/programming/AI/website/tddTodoApp/frontend/src/features/app-detail/components/TodoList.test.tsx"},{"assertionResults":[{"ancestorTitles":["AppEditPage","Happy Path - Pre-filled Form"],"fullName":"AppEditPage Happy Path - Pre-filled Form when page loads, then form is pre-filled with current app name","status":"passed","title":"when page loads, then form is pre-filled with current app name","duration":87.14859999999999,"failureMessages":[],"meta":{},"tags":[]},{"ancestorTitles":["AppEditPage","Happy Path - Pre-filled Form"],"fullName":"AppEditPage Happy Path - Pre-filled Form when page loads, then shows Edit App heading","status":"passed","title":"when page loads, then shows Edit App heading","duration":43.36180000000013,"failureMessages":[],"meta":{},"tags":[]},{"ancestorTitles":["AppEditPage","Happy Path - Pre-filled Form"],"fullName":"AppEditPage Happy Path - Pre-filled Form when page loads, then shows Update submit button","status":"passed","title":"when page loads, then shows Update submit button","duration":110.09500000000003,"failureMessages":[],"meta":{},"tags":[]},{"ancestorTitles":["AppEditPage","Happy Path - Successful Update"],"fullName":"AppEditPage Happy Path - Successful Update when Update clicked with valid name, then calls PUT /api/v1/apps/app-1","status":"passed","title":"when Update clicked with valid name, then calls PUT /api/v1/apps/app-1","duration":345.8888000000002,"failureMessages":[],"meta":{},"tags":[]},{"ancestorTitles":["AppEditPage","Happy Path - Successful Update"],"fullName":"AppEditPage Happy Path - Successful Update when PUT succeeds, then navigates to app-detail","status":"passed","title":"when PUT succeeds, then navigates to app-detail","duration":325.1100000000001,"failureMessages":[],"meta":{},"tags":[]},{"ancestorTitles":["AppEditPage","Error Cases - Duplicate Name (409)"],"fullName":"AppEditPage Error Cases - Duplicate Name (409) when PUT returns 409, then shows conflict error alert","status":"passed","title":"when PUT returns 409, then shows conflict error alert","duration":368.32230000000027,"failureMessages":[],"meta":{},"tags":[]},{"ancestorTitles":["AppEditPage","Error Cases - Duplicate Name (409)"],"fullName":"AppEditPage Error Cases - Duplicate Name (409) when PUT returns 409, then stays on edit page","status":"passed","title":"when PUT returns 409, then stays on edit page","duration":337.3778000000002,"failureMessages":[],"meta":{},"tags":[]},{"ancestorTitles":["AppEditPage","Validation Errors"],"fullName":"AppEditPage Validation Errors when name is cleared and Update clicked, then shows required error","status":"passed","title":"when name is cleared and Update clicked, then shows required error","duration":92.23759999999993,"failureMessages":[],"meta":{},"tags":[]},{"ancestorTitles":["AppEditPage","Validation Errors"],"fullName":"AppEditPage Validation Errors when name exceeds 100 characters and Update clicked, then shows max length error","status":"passed","title":"when name exceeds 100 characters and Update clicked, then shows max length error","duration":1602.3483,"failureMessages":[],"meta":{},"tags":[]},{"ancestorTitles":["AppEditPage","Interaction - Cancel Navigation"],"fullName":"AppEditPage Interaction - Cancel Navigation when Cancel clicked, then navigates back to app-detail","status":"passed","title":"when Cancel clicked, then navigates back to app-detail","duration":90.47069999999985,"failureMessages":[],"meta":{},"tags":[]}],"startTime":1777443336470,"endTime":1777443339872.4707,"status":"passed","message":"","name":"C:/Users/Kazum/Desktop/programming/AI/website/tddTodoApp/frontend/src/features/app-edit/pages/AppEditPage.test.tsx"},{"assertionResults":[{"ancestorTitles":["AppListPage","Happy Path - Loading & Rendering"],"fullName":"AppListPage Happy Path - Loading & Rendering when page loads, then shows loading state initially","status":"passed","title":"when page loads, then shows loading state initially","duration":98.12789999999973,"failureMessages":[],"meta":{},"tags":[]},{"ancestorTitles":["AppListPage","Happy Path - Loading & Rendering"],"fullName":"AppListPage Happy Path - Loading & Rendering when apps loaded successfully, then renders app cards","status":"passed","title":"when apps loaded successfully, then renders app cards","duration":16.02220000000034,"failureMessages":[],"meta":{},"tags":[]},{"ancestorTitles":["AppListPage","Happy Path - Loading & Rendering"],"fullName":"AppListPage Happy Path - Loading & Rendering when apps loaded, then page heading is visible","status":"passed","title":"when apps loaded, then page heading is visible","duration":32.49320000000034,"failureMessages":[],"meta":{},"tags":[]},{"ancestorTitles":["AppListPage","Edge Case - Empty List"],"fullName":"AppListPage Edge Case - Empty List when no apps exist, then shows empty state message","status":"passed","title":"when no apps exist, then shows empty state message","duration":32.019900000000234,"failureMessages":[],"meta":{},"tags":[]},{"ancestorTitles":["AppListPage","Interaction - Create App Navigation"],"fullName":"AppListPage Interaction - Create App Navigation when page renders, then Create App button is visible","status":"passed","title":"when page renders, then Create App button is visible","duration":13.490600000000086,"failureMessages":[],"meta":{},"tags":[]},{"ancestorTitles":["AppListPage","Interaction - Create App Navigation"],"fullName":"AppListPage Interaction - Create App Navigation when Create App button clicked, then navigates to app-create page","status":"passed","title":"when Create App button clicked, then navigates to app-create page","duration":48.37739999999985,"failureMessages":[],"meta":{},"tags":[]},{"ancestorTitles":["AppListPage","Interaction - Create App Navigation"],"fullName":"AppListPage Interaction - Create App Navigation when View button on an app card is clicked, then navigates to app-detail page","status":"passed","title":"when View button on an app card is clicked, then navigates to app-detail page","duration":92.45049999999992,"failureMessages":[],"meta":{},"tags":[]},{"ancestorTitles":["AppListPage","Error Handling"],"fullName":"AppListPage Error Handling when API returns 500, then shows error message","status":"passed","title":"when API returns 500, then shows error message","duration":31.219499999999698,"failureMessages":[],"meta":{},"tags":[]}],"startTime":1777443336784,"endTime":1777443337148.2195,"status":"passed","message":"","name":"C:/Users/Kazum/Desktop/programming/AI/website/tddTodoApp/frontend/src/features/app-list/pages/AppListPage.test.tsx"},{"assertionResults":[{"ancestorTitles":["AppCard","Happy Path - Rendering"],"fullName":"AppCard Happy Path - Rendering when rendered, then shows app name","status":"passed","title":"when rendered, then shows app name","duration":31.665899999999965,"failureMessages":[],"meta":{},"tags":[]},{"ancestorTitles":["AppCard","Happy Path - Rendering"],"fullName":"AppCard Happy Path - Rendering when rendered, then shows created date","status":"passed","title":"when rendered, then shows created date","duration":4.1030000000000655,"failureMessages":[],"meta":{},"tags":[]},{"ancestorTitles":["AppCard","Happy Path - Rendering"],"fullName":"AppCard Happy Path - Rendering when rendered, then shows View button","status":"passed","title":"when rendered, then shows View button","duration":86.87329999999997,"failureMessages":[],"meta":{},"tags":[]},{"ancestorTitles":["AppCard","Interaction - Navigation"],"fullName":"AppCard Interaction - Navigation when View button clicked, then onView callback is invoked","status":"passed","title":"when View button clicked, then onView callback is invoked","duration":49.630300000000034,"failureMessages":[],"meta":{},"tags":[]},{"ancestorTitles":["AppCard","Interaction - Navigation"],"fullName":"AppCard Interaction - Navigation when View button clicked, then callback receives app id","status":"passed","title":"when View button clicked, then callback receives app id","duration":63.48039999999992,"failureMessages":[],"meta":{},"tags":[]}],"startTime":1777443336428,"endTime":1777443336663.4805,"status":"passed","message":"","name":"C:/Users/Kazum/Desktop/programming/AI/website/tddTodoApp/frontend/src/features/app-list/components/AppCard.test.tsx"},{"assertionResults":[{"ancestorTitles":["AppList","Happy Path - Multiple Apps"],"fullName":"AppList Happy Path - Multiple Apps when apps provided, then renders each app card","status":"passed","title":"when apps provided, then renders each app card","duration":33.16730000000007,"failureMessages":[],"meta":{},"tags":[]},{"ancestorTitles":["AppList","Happy Path - Multiple Apps"],"fullName":"AppList Happy Path - Multiple Apps when apps provided, then renders correct number of View buttons","status":"passed","title":"when apps provided, then renders correct number of View buttons","duration":97.09039999999982,"failureMessages":[],"meta":{},"tags":[]},{"ancestorTitles":["AppList","Edge Case - Empty List"],"fullName":"AppList Edge Case - Empty List when no apps, then shows empty state message","status":"passed","title":"when no apps, then shows empty state message","duration":2.3811000000000604,"failureMessages":[],"meta":{},"tags":[]},{"ancestorTitles":["AppList","Edge Case - Empty List"],"fullName":"AppList Edge Case - Empty List when no apps, then does not render any View buttons","status":"passed","title":"when no apps, then does not render any View buttons","duration":1.7140999999999167,"failureMessages":[],"meta":{},"tags":[]},{"ancestorTitles":["AppList","Single App"],"fullName":"AppList Single App when one app provided, then renders exactly one app card","status":"passed","title":"when one app provided, then renders exactly one app card","duration":2.7230999999999312,"failureMessages":[],"meta":{},"tags":[]}],"startTime":1777443336400,"endTime":1777443336537.7231,"status":"passed","message":"","name":"C:/Users/Kazum/Desktop/programming/AI/website/tddTodoApp/frontend/src/features/app-list/components/AppList.test.tsx"}]}