{"numTotalTestSuites":84,"numPassedTestSuites":84,"numFailedTestSuites":0,"numPendingTestSuites":0,"numTotalTests":149,"numPassedTests":149,"numFailedTests":0,"numPendingTests":0,"numTodoTests":0,"snapshot":{"added":0,"failure":false,"filesAdded":0,"filesRemoved":0,"filesRemovedList":[],"filesUnmatched":0,"filesUpdated":0,"matched":0,"total":0,"unchecked":0,"uncheckedKeysByFile":[],"unmatched":0,"updated":0,"didUpdate":false},"startTime":1778309461964,"success":true,"testResults":[{"assertionResults":[{"ancestorTitles":["App"],"fullName":"App when rendered, then shows the app list page with Create App button","status":"passed","title":"when rendered, then shows the app list page with Create App button","duration":214.46697100000006,"failureMessages":[],"meta":{},"tags":[]}],"startTime":1778309473813,"endTime":1778309474027.467,"status":"passed","message":"","name":"/home/runner/work/TDD_todo_app/TDD_todo_app/frontend/src/App.test.tsx"},{"assertionResults":[{"ancestorTitles":["coverage reporting configuration"],"fullName":"coverage reporting configuration defines frontend coverage scripts","status":"passed","title":"defines frontend coverage scripts","duration":1.7027420000001712,"failureMessages":[],"meta":{},"tags":[]},{"ancestorTitles":["coverage reporting configuration"],"fullName":"coverage reporting configuration configures frontend coverage output","status":"passed","title":"configures frontend coverage output","duration":0.5192739999999958,"failureMessages":[],"meta":{},"tags":[]},{"ancestorTitles":["coverage reporting configuration"],"fullName":"coverage reporting configuration defines root coverage aggregation scripts","status":"passed","title":"defines root coverage aggregation scripts","duration":0.4989050000001498,"failureMessages":[],"meta":{},"tags":[]},{"ancestorTitles":["coverage reporting configuration"],"fullName":"coverage reporting configuration provides the combined coverage dashboard generator","status":"passed","title":"provides the combined coverage dashboard generator","duration":0.45069499999999607,"failureMessages":[],"meta":{},"tags":[]}],"startTime":1778309474648,"endTime":1778309474651.499,"status":"passed","message":"","name":"/home/runner/work/TDD_todo_app/TDD_todo_app/frontend/src/test/coverage.spec.ts"},{"assertionResults":[{"ancestorTitles":["AppForm","Happy Path - Rendering"],"fullName":"AppForm Happy Path - Rendering when rendered, then shows App Name input field","status":"passed","title":"when rendered, then shows App Name input field","duration":67.418995,"failureMessages":[],"meta":{},"tags":[]},{"ancestorTitles":["AppForm","Happy Path - Rendering"],"fullName":"AppForm Happy Path - Rendering when rendered, then shows Cancel button","status":"passed","title":"when rendered, then shows Cancel button","duration":216.80599500000017,"failureMessages":[],"meta":{},"tags":[]},{"ancestorTitles":["AppForm","Happy Path - Rendering"],"fullName":"AppForm Happy Path - Rendering when rendered, then shows submit button (Create or Update)","status":"passed","title":"when rendered, then shows submit button (Create or Update)","duration":36.03126600000019,"failureMessages":[],"meta":{},"tags":[]},{"ancestorTitles":["AppForm","Validation Errors - Empty Name"],"fullName":"AppForm Validation Errors - Empty Name when submitted with empty name, then shows required validation error","status":"passed","title":"when submitted with empty name, then shows required validation error","duration":86.9269589999999,"failureMessages":[],"meta":{},"tags":[]},{"ancestorTitles":["AppForm","Validation Errors - Empty Name"],"fullName":"AppForm Validation Errors - Empty Name when submitted with empty name, then onSubmit is NOT called","status":"passed","title":"when submitted with empty name, then onSubmit is NOT called","duration":48.72220000000016,"failureMessages":[],"meta":{},"tags":[]},{"ancestorTitles":["AppForm","Validation Errors - Name Too Long"],"fullName":"AppForm Validation Errors - Name Too Long when submitted with name over 100 characters, then shows max length error","status":"passed","title":"when submitted with name over 100 characters, then shows max length error","duration":313.1398800000002,"failureMessages":[],"meta":{},"tags":[]},{"ancestorTitles":["AppForm","Validation Errors - Name Too Long"],"fullName":"AppForm Validation Errors - Name Too Long when submitted with name over 100 characters, then onSubmit is NOT called","status":"passed","title":"when submitted with name over 100 characters, then onSubmit is NOT called","duration":264.96769300000005,"failureMessages":[],"meta":{},"tags":[]},{"ancestorTitles":["AppForm","Interaction - Cancel"],"fullName":"AppForm Interaction - Cancel when Cancel button clicked, then calls onCancel once","status":"passed","title":"when Cancel button clicked, then calls onCancel once","duration":26.894782999999734,"failureMessages":[],"meta":{},"tags":[]},{"ancestorTitles":["AppForm","Loading State"],"fullName":"AppForm Loading State when isLoading is true, then submit button is disabled","status":"passed","title":"when isLoading is true, then submit button is disabled","duration":10.72460000000001,"failureMessages":[],"meta":{},"tags":[]},{"ancestorTitles":["AppForm","Loading State"],"fullName":"AppForm Loading State when isLoading is false, then submit button is enabled","status":"passed","title":"when isLoading is false, then submit button is enabled","duration":9.214812999999594,"failureMessages":[],"meta":{},"tags":[]},{"ancestorTitles":["AppForm","Boundary Cases - Name Length"],"fullName":"AppForm Boundary Cases - Name Length when name has exactly 1 character (minimum), then onSubmit is called on submit","status":"passed","title":"when name has exactly 1 character (minimum), then onSubmit is called on submit","duration":33.29840899999999,"failureMessages":[],"meta":{},"tags":[]},{"ancestorTitles":["AppForm","Boundary Cases - Name Length"],"fullName":"AppForm Boundary Cases - Name Length when name has exactly 100 characters (maximum), then onSubmit is called on submit","status":"passed","title":"when name has exactly 100 characters (maximum), then onSubmit is called on submit","duration":235.13762799999995,"failureMessages":[],"meta":{},"tags":[]},{"ancestorTitles":["AppForm","Pre-filled Form (Edit Mode)"],"fullName":"AppForm Pre-filled Form (Edit Mode) when defaultValue provided, then input is pre-filled","status":"passed","title":"when defaultValue provided, then input is pre-filled","duration":4.52659500000027,"failureMessages":[],"meta":{},"tags":[]}],"startTime":1778309467456,"endTime":1778309468811.5266,"status":"passed","message":"","name":"/home/runner/work/TDD_todo_app/TDD_todo_app/frontend/src/features/app-create/components/AppForm.test.tsx"},{"assertionResults":[{"ancestorTitles":["AppCreatePage","Happy Path - Rendering"],"fullName":"AppCreatePage Happy Path - Rendering when rendered, then shows page title \"Create New App\"","status":"passed","title":"when rendered, then shows page title \"Create New App\"","duration":59.578445999999985,"failureMessages":[],"meta":{},"tags":[]},{"ancestorTitles":["AppCreatePage","Happy Path - Rendering"],"fullName":"AppCreatePage Happy Path - Rendering when rendered, then shows App Name input","status":"passed","title":"when rendered, then shows App Name input","duration":16.133741999999984,"failureMessages":[],"meta":{},"tags":[]},{"ancestorTitles":["AppCreatePage","Happy Path - Rendering"],"fullName":"AppCreatePage Happy Path - Rendering when rendered, then shows Create submit button","status":"passed","title":"when rendered, then shows Create submit button","duration":207.80455799999982,"failureMessages":[],"meta":{},"tags":[]},{"ancestorTitles":["AppCreatePage","Happy Path - Rendering"],"fullName":"AppCreatePage Happy Path - Rendering when rendered, then shows Cancel button","status":"passed","title":"when rendered, then shows Cancel button","duration":33.624267000000145,"failureMessages":[],"meta":{},"tags":[]},{"ancestorTitles":["AppCreatePage","Happy Path - Successful Submission"],"fullName":"AppCreatePage Happy Path - Successful Submission when form submitted with valid name, then calls POST /api/v1/apps","status":"passed","title":"when form submitted with valid name, then calls POST /api/v1/apps","duration":208.926563,"failureMessages":[],"meta":{},"tags":[]},{"ancestorTitles":["AppCreatePage","Happy Path - Successful Submission"],"fullName":"AppCreatePage Happy Path - Successful Submission when POST succeeds, then navigates away from create page","status":"passed","title":"when POST succeeds, then navigates away from create page","duration":86.26168499999994,"failureMessages":[],"meta":{},"tags":[]},{"ancestorTitles":["AppCreatePage","Error Cases - Duplicate Name (409)"],"fullName":"AppCreatePage Error Cases - Duplicate Name (409) when POST returns 409, then shows conflict error alert","status":"passed","title":"when POST returns 409, then shows conflict error alert","duration":106.14747000000034,"failureMessages":[],"meta":{},"tags":[]},{"ancestorTitles":["AppCreatePage","Error Cases - Duplicate Name (409)"],"fullName":"AppCreatePage Error Cases - Duplicate Name (409) when POST returns 409, then stays on create page","status":"passed","title":"when POST returns 409, then stays on create page","duration":95.33906800000022,"failureMessages":[],"meta":{},"tags":[]},{"ancestorTitles":["AppCreatePage","Error Cases - Validation (422)"],"fullName":"AppCreatePage Error Cases - Validation (422) when POST returns 422, then shows validation error alert","status":"passed","title":"when POST returns 422, then shows validation error alert","duration":72.16973000000007,"failureMessages":[],"meta":{},"tags":[]},{"ancestorTitles":["AppCreatePage","Error Cases - Unrecognized Status Codes"],"fullName":"AppCreatePage Error Cases - Unrecognized Status Codes when POST returns 500, then shows error alert and stays on create page","status":"passed","title":"when POST returns 500, then shows error alert and stays on create page","duration":73.072404,"failureMessages":[],"meta":{},"tags":[]},{"ancestorTitles":["AppCreatePage","Error Cases - Unrecognized Status Codes"],"fullName":"AppCreatePage Error Cases - Unrecognized Status Codes when POST returns 503 (Service Unavailable), then shows error alert and stays on create page","status":"passed","title":"when POST returns 503 (Service Unavailable), then shows error alert and stays on create page","duration":66.01261699999986,"failureMessages":[],"meta":{},"tags":[]},{"ancestorTitles":["AppCreatePage","Error Cases - Unrecognized Status Codes"],"fullName":"AppCreatePage Error Cases - Unrecognized Status Codes when POST returns 418 (I'm a teapot - boundary test), then shows error alert","status":"passed","title":"when POST returns 418 (I'm a teapot - boundary test), then shows error alert","duration":61.87367200000017,"failureMessages":[],"meta":{},"tags":[]},{"ancestorTitles":["AppCreatePage","Error Cases - Unrecognized Status Codes"],"fullName":"AppCreatePage Error Cases - Unrecognized Status Codes when POST returns 400 (Bad Request), then shows error alert","status":"passed","title":"when POST returns 400 (Bad Request), then shows error alert","duration":62.948073999999906,"failureMessages":[],"meta":{},"tags":[]},{"ancestorTitles":["AppCreatePage","Loading State"],"fullName":"AppCreatePage Loading State when form is submitting, then Create button is disabled","status":"passed","title":"when form is submitting, then Create button is disabled","duration":67.9187939999997,"failureMessages":[],"meta":{},"tags":[]},{"ancestorTitles":["AppCreatePage","Interaction - Cancel Navigation"],"fullName":"AppCreatePage Interaction - Cancel Navigation when Cancel button clicked, then navigates away from create page","status":"passed","title":"when Cancel button clicked, then navigates away from create page","duration":25.17104900000004,"failureMessages":[],"meta":{},"tags":[]},{"ancestorTitles":["AppCreatePage","Boundary Cases - App Name Length"],"fullName":"AppCreatePage Boundary Cases - App Name Length when name has exactly 1 character (minimum), then POST is called on submit","status":"passed","title":"when name has exactly 1 character (minimum), then POST is called on submit","duration":39.233050999999705,"failureMessages":[],"meta":{},"tags":[]},{"ancestorTitles":["AppCreatePage","Boundary Cases - App Name Length"],"fullName":"AppCreatePage Boundary Cases - App Name Length when name has exactly 100 characters (maximum), then POST is called on submit","status":"passed","title":"when name has exactly 100 characters (maximum), then POST is called on submit","duration":209.37541800000008,"failureMessages":[],"meta":{},"tags":[]},{"ancestorTitles":["AppCreatePage","Boundary Cases - App Name Length"],"fullName":"AppCreatePage Boundary Cases - App Name Length when name has 101 characters (over maximum), then POST is NOT called","status":"passed","title":"when name has 101 characters (over maximum), then POST is NOT called","duration":232.86459699999978,"failureMessages":[],"meta":{},"tags":[]}],"startTime":1778309463967,"endTime":1778309465692.8645,"status":"passed","message":"","name":"/home/runner/work/TDD_todo_app/TDD_todo_app/frontend/src/features/app-create/pages/AppCreatePage.test.tsx"},{"assertionResults":[{"ancestorTitles":["AppHeader","Happy Path - Rendering"],"fullName":"AppHeader Happy Path - Rendering when rendered, then shows app name","status":"passed","title":"when rendered, then shows app name","duration":57.53319299999998,"failureMessages":[],"meta":{},"tags":[]},{"ancestorTitles":["AppHeader","Happy Path - Rendering"],"fullName":"AppHeader Happy Path - Rendering when rendered, then shows createdAt timestamp","status":"passed","title":"when rendered, then shows createdAt timestamp","duration":5.717443999999887,"failureMessages":[],"meta":{},"tags":[]},{"ancestorTitles":["AppHeader","Happy Path - Rendering"],"fullName":"AppHeader Happy Path - Rendering when rendered, then shows Edit button","status":"passed","title":"when rendered, then shows Edit button","duration":184.14151700000002,"failureMessages":[],"meta":{},"tags":[]},{"ancestorTitles":["AppHeader","Happy Path - Rendering"],"fullName":"AppHeader Happy Path - Rendering when rendered, then shows Delete button","status":"passed","title":"when rendered, then shows Delete button","duration":29.86075299999993,"failureMessages":[],"meta":{},"tags":[]},{"ancestorTitles":["AppHeader","Happy Path - Rendering"],"fullName":"AppHeader Happy Path - Rendering when rendered, then shows Back button","status":"passed","title":"when rendered, then shows Back button","duration":41.777286000000004,"failureMessages":[],"meta":{},"tags":[]},{"ancestorTitles":["AppHeader","Interaction - Back callback"],"fullName":"AppHeader Interaction - Back callback when Back button clicked, then calls onBack once","status":"passed","title":"when Back button clicked, then calls onBack once","duration":70.56349799999998,"failureMessages":[],"meta":{},"tags":[]},{"ancestorTitles":["AppHeader","Interaction - Edit callback"],"fullName":"AppHeader Interaction - Edit callback when Edit button clicked, then calls onEdit once","status":"passed","title":"when Edit button clicked, then calls onEdit once","duration":32.807626000000255,"failureMessages":[],"meta":{},"tags":[]},{"ancestorTitles":["AppHeader","Interaction - Edit callback"],"fullName":"AppHeader Interaction - Edit callback when Edit button clicked, then does NOT call onDelete","status":"passed","title":"when Edit button clicked, then does NOT call onDelete","duration":34.145448000000215,"failureMessages":[],"meta":{},"tags":[]},{"ancestorTitles":["AppHeader","Interaction - Delete callback"],"fullName":"AppHeader Interaction - Delete callback when Delete button clicked, then calls onDelete once","status":"passed","title":"when Delete button clicked, then calls onDelete once","duration":34.346536000000015,"failureMessages":[],"meta":{},"tags":[]},{"ancestorTitles":["AppHeader","Interaction - Delete callback"],"fullName":"AppHeader Interaction - Delete callback when Delete button clicked, then does NOT call onEdit","status":"passed","title":"when Delete button clicked, then does NOT call onEdit","duration":29.743013999999675,"failureMessages":[],"meta":{},"tags":[]}],"startTime":1778309470736,"endTime":1778309471257.743,"status":"passed","message":"","name":"/home/runner/work/TDD_todo_app/TDD_todo_app/frontend/src/features/app-detail/components/AppHeader.test.tsx"},{"assertionResults":[{"ancestorTitles":["TodoForm - edit mode","Happy Path - Pre-filled Form"],"fullName":"TodoForm - edit mode Happy Path - Pre-filled Form when in edit mode, then title field is pre-filled with existing title","status":"passed","title":"when in edit mode, then title field is pre-filled with existing title","duration":256.2345730000002,"failureMessages":[],"meta":{},"tags":[]},{"ancestorTitles":["TodoForm - edit mode","Happy Path - Pre-filled Form"],"fullName":"TodoForm - edit mode Happy Path - Pre-filled Form when in edit mode, then status field is read-only (disabled)","status":"passed","title":"when in edit mode, then status field is read-only (disabled)","duration":13.099083000000064,"failureMessages":[],"meta":{},"tags":[]},{"ancestorTitles":["TodoForm - edit mode","Happy Path - Pre-filled Form"],"fullName":"TodoForm - edit mode Happy Path - Pre-filled Form when in edit mode, then Save button is visible","status":"passed","title":"when in edit mode, then Save button is visible","duration":34.02507699999978,"failureMessages":[],"meta":{},"tags":[]},{"ancestorTitles":["TodoForm - edit mode","Happy Path - Pre-filled Form"],"fullName":"TodoForm - edit mode Happy Path - Pre-filled Form when in edit mode, then Cancel button is visible","status":"passed","title":"when in edit mode, then Cancel button is visible","duration":19.995139999999992,"failureMessages":[],"meta":{},"tags":[]},{"ancestorTitles":["TodoForm - edit mode","Interaction - Cancel"],"fullName":"TodoForm - edit mode Interaction - Cancel when Cancel clicked, then calls onCancel without saving","status":"passed","title":"when Cancel clicked, then calls onCancel without saving","duration":63.84735999999975,"failureMessages":[],"meta":{},"tags":[]},{"ancestorTitles":["TodoForm - edit mode","Validation Errors - Empty Title"],"fullName":"TodoForm - edit mode Validation Errors - Empty Title when title is cleared and Save clicked, then shows validation error alert","status":"passed","title":"when title is cleared and Save clicked, then shows validation error alert","duration":82.56530800000019,"failureMessages":[],"meta":{},"tags":[]},{"ancestorTitles":["TodoForm - edit mode","Validation Errors - Empty Title"],"fullName":"TodoForm - edit mode Validation Errors - Empty Title when title is cleared and Save clicked, then onSuccess is NOT called","status":"passed","title":"when title is cleared and Save clicked, then onSuccess is NOT called","duration":51.456893000000036,"failureMessages":[],"meta":{},"tags":[]},{"ancestorTitles":["TodoForm - edit mode","Interaction - Save calls PUT API (edit mode)"],"fullName":"TodoForm - edit mode Interaction - Save calls PUT API (edit mode) when title edited and Save clicked in edit mode, then calls PUT API","status":"passed","title":"when title edited and Save clicked in edit mode, then calls PUT API","duration":141.29827400000022,"failureMessages":[],"meta":{},"tags":[]},{"ancestorTitles":["TodoForm - edit mode","Interaction - Save calls PUT API (edit mode)"],"fullName":"TodoForm - edit mode Interaction - Save calls PUT API (edit mode) when save succeeds in edit mode, then calls onSuccess callback","status":"passed","title":"when save succeeds in edit mode, then calls onSuccess callback","duration":98.07173899999998,"failureMessages":[],"meta":{},"tags":[]},{"ancestorTitles":["TodoForm - edit mode","Interaction - Save calls PUT API (edit mode)"],"fullName":"TodoForm - edit mode Interaction - Save calls PUT API (edit mode) when Save is in flight in edit mode, then Save button is disabled","status":"passed","title":"when Save is in flight in edit mode, then Save button is disabled","duration":99.46498199999996,"failureMessages":[],"meta":{},"tags":[]},{"ancestorTitles":["TodoForm - edit mode","Boundary Cases - Title Length"],"fullName":"TodoForm - edit mode Boundary Cases - Title Length when title exceeds 255 characters, then shows max length validation error","status":"passed","title":"when title exceeds 255 characters, then shows max length validation error","duration":548.0165910000001,"failureMessages":[],"meta":{},"tags":[]},{"ancestorTitles":["TodoForm - create mode","Happy Path - Empty Form"],"fullName":"TodoForm - create mode Happy Path - Empty Form when in create mode, then title field is empty","status":"passed","title":"when in create mode, then title field is empty","duration":8.464656999999988,"failureMessages":[],"meta":{},"tags":[]},{"ancestorTitles":["TodoForm - create mode","Happy Path - Empty Form"],"fullName":"TodoForm - create mode Happy Path - Empty Form when in create mode, then status defaults to not completed (unchecked)","status":"passed","title":"when in create mode, then status defaults to not completed (unchecked)","duration":4.263261000000057,"failureMessages":[],"meta":{},"tags":[]},{"ancestorTitles":["TodoForm - create mode","Happy Path - Empty Form"],"fullName":"TodoForm - create mode Happy Path - Empty Form when in create mode, then Create / Save button is visible","status":"passed","title":"when in create mode, then Create / Save button is visible","duration":9.631453999999849,"failureMessages":[],"meta":{},"tags":[]},{"ancestorTitles":["TodoForm - create mode","Validation Errors - Empty Title on Create"],"fullName":"TodoForm - create mode Validation Errors - Empty Title on Create when title is empty and Save clicked, then shows required validation error","status":"passed","title":"when title is empty and Save clicked, then shows required validation error","duration":20.63071200000013,"failureMessages":[],"meta":{},"tags":[]},{"ancestorTitles":["TodoForm - create mode","Interaction - Save calls POST API (create mode)"],"fullName":"TodoForm - create mode Interaction - Save calls POST API (create mode) when title entered and Save clicked in create mode, then calls POST API","status":"passed","title":"when title entered and Save clicked in create mode, then calls POST API","duration":59.77972499999987,"failureMessages":[],"meta":{},"tags":[]},{"ancestorTitles":["TodoForm - create mode","Interaction - Save calls POST API (create mode)"],"fullName":"TodoForm - create mode Interaction - Save calls POST API (create mode) when POST succeeds in create mode, then calls onSuccess callback","status":"passed","title":"when POST succeeds in create mode, then calls onSuccess callback","duration":72.78747000000021,"failureMessages":[],"meta":{},"tags":[]},{"ancestorTitles":["TodoForm - create mode","Interaction - Save calls POST API (create mode)"],"fullName":"TodoForm - create mode Interaction - Save calls POST API (create mode) when completed checkbox is checked and Save clicked, then POST API receives completed: true","status":"passed","title":"when completed checkbox is checked and Save clicked, then POST API receives completed: true","duration":76.94866299999967,"failureMessages":[],"meta":{},"tags":[]},{"ancestorTitles":["TodoForm - create mode","Interaction - Save calls POST API (create mode)"],"fullName":"TodoForm - create mode Interaction - Save calls POST API (create mode) when completed checkbox is unchecked and Save clicked, then POST API receives completed: false","status":"passed","title":"when completed checkbox is unchecked and Save clicked, then POST API receives completed: false","duration":67.33171099999981,"failureMessages":[],"meta":{},"tags":[]},{"ancestorTitles":["TodoForm - create mode","Interaction - Save calls POST API (create mode)"],"fullName":"TodoForm - create mode Interaction - Save calls POST API (create mode) when POST is in flight in create mode, then Save button is disabled","status":"passed","title":"when POST is in flight in create mode, then Save button is disabled","duration":88.04239899999993,"failureMessages":[],"meta":{},"tags":[]},{"ancestorTitles":["TodoForm - create mode","Error Cases - Failed PUT (4xx/5xx)"],"fullName":"TodoForm - create mode Error Cases - Failed PUT (4xx/5xx) when PUT returns 422 (validation error), then onSuccess is NOT called","status":"passed","title":"when PUT returns 422 (validation error), then onSuccess is NOT called","duration":186.59609799999998,"failureMessages":[],"meta":{},"tags":[]},{"ancestorTitles":["TodoForm - create mode","Error Cases - Failed PUT (4xx/5xx)"],"fullName":"TodoForm - create mode Error Cases - Failed PUT (4xx/5xx) when POST returns 409 (conflict), then onSuccess is NOT called","status":"passed","title":"when POST returns 409 (conflict), then onSuccess is NOT called","duration":173.66174999999976,"failureMessages":[],"meta":{},"tags":[]},{"ancestorTitles":["TodoForm - create mode","Error Cases - Failed PUT (4xx/5xx)"],"fullName":"TodoForm - create mode Error Cases - Failed PUT (4xx/5xx) when PUT returns 500, then onSuccess is NOT called","status":"passed","title":"when PUT returns 500, then onSuccess is NOT called","duration":168.42364499999985,"failureMessages":[],"meta":{},"tags":[]}],"startTime":1778309463951,"endTime":1778309466297.4236,"status":"passed","message":"","name":"/home/runner/work/TDD_todo_app/TDD_todo_app/frontend/src/features/app-detail/components/TodoForm.test.tsx"},{"assertionResults":[{"ancestorTitles":["TodoItem","Happy Path - Rendering"],"fullName":"TodoItem Happy Path - Rendering when rendered, then shows todo title","status":"passed","title":"when rendered, then shows todo title","duration":39.835289999999986,"failureMessages":[],"meta":{},"tags":[]},{"ancestorTitles":["TodoItem","Happy Path - Rendering"],"fullName":"TodoItem Happy Path - Rendering when todo is pending, then checkbox is unchecked","status":"passed","title":"when todo is pending, then checkbox is unchecked","duration":186.3581220000001,"failureMessages":[],"meta":{},"tags":[]},{"ancestorTitles":["TodoItem","Happy Path - Rendering"],"fullName":"TodoItem Happy Path - Rendering when todo is completed, then checkbox is checked","status":"passed","title":"when todo is completed, then checkbox is checked","duration":23.208650999999918,"failureMessages":[],"meta":{},"tags":[]},{"ancestorTitles":["TodoItem","Happy Path - Rendering"],"fullName":"TodoItem Happy Path - Rendering when rendered, then shows Edit button","status":"passed","title":"when rendered, then shows Edit button","duration":31.46086800000012,"failureMessages":[],"meta":{},"tags":[]},{"ancestorTitles":["TodoItem","Happy Path - Rendering"],"fullName":"TodoItem Happy Path - Rendering when rendered, then shows Delete button","status":"passed","title":"when rendered, then shows Delete button","duration":49.57916399999999,"failureMessages":[],"meta":{},"tags":[]},{"ancestorTitles":["TodoItem","Interaction - Edit Mode"],"fullName":"TodoItem Interaction - Edit Mode when Edit button clicked, then shows inline edit form with textbox","status":"passed","title":"when Edit button clicked, then shows inline edit form with textbox","duration":89.82440800000018,"failureMessages":[],"meta":{},"tags":[]},{"ancestorTitles":["TodoItem","Interaction - Edit Mode"],"fullName":"TodoItem Interaction - Edit Mode when Edit button clicked, then textbox is pre-filled with todo title","status":"passed","title":"when Edit button clicked, then textbox is pre-filled with todo title","duration":49.93947600000001,"failureMessages":[],"meta":{},"tags":[]},{"ancestorTitles":["TodoItem","Interaction - Edit Mode"],"fullName":"TodoItem Interaction - Edit Mode when in edit mode, then shows Cancel button","status":"passed","title":"when in edit mode, then shows Cancel button","duration":47.390472000000045,"failureMessages":[],"meta":{},"tags":[]},{"ancestorTitles":["TodoItem","Interaction - Edit Mode"],"fullName":"TodoItem Interaction - Edit Mode when in edit mode, then shows Save button","status":"passed","title":"when in edit mode, then shows Save button","duration":32.42149300000028,"failureMessages":[],"meta":{},"tags":[]},{"ancestorTitles":["TodoItem","Interaction - Delete with Confirmation"],"fullName":"TodoItem Interaction - Delete with Confirmation when Delete button clicked, then shows confirmation dialog","status":"passed","title":"when Delete button clicked, then shows confirmation dialog","duration":33.47726899999998,"failureMessages":[],"meta":{},"tags":[]},{"ancestorTitles":["TodoItem","Interaction - Delete with Confirmation"],"fullName":"TodoItem Interaction - Delete with Confirmation when delete confirmed, then calls DELETE API and invokes onRefresh","status":"passed","title":"when delete confirmed, then calls DELETE API and invokes onRefresh","duration":73.76838599999974,"failureMessages":[],"meta":{},"tags":[]},{"ancestorTitles":["TodoItem","Interaction - Delete with Confirmation"],"fullName":"TodoItem Interaction - Delete with Confirmation when delete confirmed, then shows success toast \"Todo deleted successfully\"","status":"passed","title":"when delete confirmed, then shows success toast \"Todo deleted successfully\"","duration":54.93924100000004,"failureMessages":[],"meta":{},"tags":[]},{"ancestorTitles":["TodoItem","Interaction - Delete with Confirmation"],"fullName":"TodoItem Interaction - Delete with Confirmation when delete cancelled, then dialog closes without calling onRefresh","status":"passed","title":"when delete cancelled, then dialog closes without calling onRefresh","duration":54.1543700000002,"failureMessages":[],"meta":{},"tags":[]},{"ancestorTitles":["TodoItem","Interaction - Checkbox Toggle"],"fullName":"TodoItem Interaction - Checkbox Toggle when checkbox clicked on pending todo, then calls PATCH/PUT API to mark completed","status":"passed","title":"when checkbox clicked on pending todo, then calls PATCH/PUT API to mark completed","duration":22.734875999999986,"failureMessages":[],"meta":{},"tags":[]},{"ancestorTitles":["TodoItem","Error Cases - Failed Delete (4xx/5xx)"],"fullName":"TodoItem Error Cases - Failed Delete (4xx/5xx) when DELETE returns 404, then does NOT show success message","status":"passed","title":"when DELETE returns 404, then does NOT show success message","duration":146.15321300000005,"failureMessages":[],"meta":{},"tags":[]},{"ancestorTitles":["TodoItem","Error Cases - Failed Delete (4xx/5xx)"],"fullName":"TodoItem Error Cases - Failed Delete (4xx/5xx) when DELETE returns 404, then does NOT call onRefresh","status":"passed","title":"when DELETE returns 404, then does NOT call onRefresh","duration":172.3037519999998,"failureMessages":[],"meta":{},"tags":[]},{"ancestorTitles":["TodoItem","Error Cases - Failed Delete (4xx/5xx)"],"fullName":"TodoItem Error Cases - Failed Delete (4xx/5xx) when DELETE returns 500, then does NOT show success message","status":"passed","title":"when DELETE returns 500, then does NOT show success message","duration":151.15751900000032,"failureMessages":[],"meta":{},"tags":[]},{"ancestorTitles":["TodoItem","Error Cases - Failed Delete (4xx/5xx)"],"fullName":"TodoItem Error Cases - Failed Delete (4xx/5xx) when DELETE returns 422, then does NOT call onRefresh","status":"passed","title":"when DELETE returns 422, then does NOT call onRefresh","duration":146.10808499999985,"failureMessages":[],"meta":{},"tags":[]}],"startTime":1778309467501,"endTime":1778309468907.1082,"status":"passed","message":"","name":"/home/runner/work/TDD_todo_app/TDD_todo_app/frontend/src/features/app-detail/components/TodoItem.test.tsx"},{"assertionResults":[{"ancestorTitles":["TodoList","Happy Path - Multiple Todos"],"fullName":"TodoList Happy Path - Multiple Todos when todos provided, then renders each todo item","status":"passed","title":"when todos provided, then renders each todo item","duration":67.79059000000007,"failureMessages":[],"meta":{},"tags":[]},{"ancestorTitles":["TodoList","Happy Path - Multiple Todos"],"fullName":"TodoList Happy Path - Multiple Todos when todos provided, then renders correct number of edit buttons","status":"passed","title":"when todos provided, then renders correct number of edit buttons","duration":219.795889,"failureMessages":[],"meta":{},"tags":[]},{"ancestorTitles":["TodoList","Happy Path - Multiple Todos"],"fullName":"TodoList Happy Path - Multiple Todos when todos provided, then renders correct number of delete buttons","status":"passed","title":"when todos provided, then renders correct number of delete buttons","duration":44.40975400000002,"failureMessages":[],"meta":{},"tags":[]},{"ancestorTitles":["TodoList","Happy Path - Multiple Todos"],"fullName":"TodoList Happy Path - Multiple Todos when completed todo provided, then its checkbox is checked","status":"passed","title":"when completed todo provided, then its checkbox is checked","duration":55.908908999999994,"failureMessages":[],"meta":{},"tags":[]},{"ancestorTitles":["TodoList","Edge Case - Empty List"],"fullName":"TodoList Edge Case - Empty List when no todos, then shows empty state message","status":"passed","title":"when no todos, then shows empty state message","duration":4.156281000000035,"failureMessages":[],"meta":{},"tags":[]},{"ancestorTitles":["TodoList","Edge Case - Empty List"],"fullName":"TodoList Edge Case - Empty List when no todos, then does not render any checkboxes","status":"passed","title":"when no todos, then does not render any checkboxes","duration":4.14073099999996,"failureMessages":[],"meta":{},"tags":[]}],"startTime":1778309472981,"endTime":1778309473378.1406,"status":"passed","message":"","name":"/home/runner/work/TDD_todo_app/TDD_todo_app/frontend/src/features/app-detail/components/TodoList.test.tsx"},{"assertionResults":[{"ancestorTitles":["AppDetailPage","Happy Path - Loading & Rendering"],"fullName":"AppDetailPage Happy Path - Loading & Rendering when page loads, then shows app name after data fetches","status":"passed","title":"when page loads, then shows app name after data fetches","duration":91.54068000000007,"failureMessages":[],"meta":{},"tags":[]},{"ancestorTitles":["AppDetailPage","Happy Path - Loading & Rendering"],"fullName":"AppDetailPage Happy Path - Loading & Rendering when page loads, then shows todos after data fetches","status":"passed","title":"when page loads, then shows todos after data fetches","duration":46.75281300000006,"failureMessages":[],"meta":{},"tags":[]},{"ancestorTitles":["AppDetailPage","Happy Path - Loading & Rendering"],"fullName":"AppDetailPage Happy Path - Loading & Rendering when page loads, then shows Edit button in header","status":"passed","title":"when page loads, then shows Edit button in header","duration":230.36852099999987,"failureMessages":[],"meta":{},"tags":[]},{"ancestorTitles":["AppDetailPage","Happy Path - Loading & Rendering"],"fullName":"AppDetailPage Happy Path - Loading & Rendering when page loads, then shows Delete button in header","status":"passed","title":"when page loads, then shows Delete button in header","duration":64.65570399999979,"failureMessages":[],"meta":{},"tags":[]},{"ancestorTitles":["AppDetailPage","Happy Path - Loading & Rendering"],"fullName":"AppDetailPage Happy Path - Loading & Rendering when page loads, then shows Create Todo button","status":"passed","title":"when page loads, then shows Create Todo button","duration":45.81694299999981,"failureMessages":[],"meta":{},"tags":[]},{"ancestorTitles":["AppDetailPage","Timestamps Display"],"fullName":"AppDetailPage Timestamps Display when page loads, then shows createdAt date","status":"passed","title":"when page loads, then shows createdAt date","duration":17.120335999999952,"failureMessages":[],"meta":{},"tags":[]},{"ancestorTitles":["AppDetailPage","Interaction - Delete App"],"fullName":"AppDetailPage Interaction - Delete App when Delete App button clicked, then shows confirmation dialog","status":"passed","title":"when Delete App button clicked, then shows confirmation dialog","duration":84.50119499999983,"failureMessages":[],"meta":{},"tags":[]},{"ancestorTitles":["AppDetailPage","Interaction - Delete App"],"fullName":"AppDetailPage Interaction - Delete App when delete is cancelled, then dialog closes and page stays unchanged","status":"passed","title":"when delete is cancelled, then dialog closes and page stays unchanged","duration":103.72236000000021,"failureMessages":[],"meta":{},"tags":[]},{"ancestorTitles":["AppDetailPage","Interaction - Delete App"],"fullName":"AppDetailPage Interaction - Delete App when delete confirmed, then calls DELETE API for the app","status":"passed","title":"when delete confirmed, then calls DELETE API for the app","duration":86.72017099999994,"failureMessages":[],"meta":{},"tags":[]},{"ancestorTitles":["AppDetailPage","Interaction - Delete App"],"fullName":"AppDetailPage Interaction - Delete App when delete confirmed, then shows success toast with \"App deleted successfully\"","status":"passed","title":"when delete confirmed, then shows success toast with \"App deleted successfully\"","duration":77.8767170000001,"failureMessages":[],"meta":{},"tags":[]},{"ancestorTitles":["AppDetailPage","Interaction - Delete App"],"fullName":"AppDetailPage Interaction - Delete App when delete confirmed, then navigates away from app detail","status":"passed","title":"when delete confirmed, then navigates away from app detail","duration":77.87977600000022,"failureMessages":[],"meta":{},"tags":[]},{"ancestorTitles":["AppDetailPage","Interaction - Delete App"],"fullName":"AppDetailPage Interaction - Delete App when DELETE returns 422 (validation error), then onSuccess is NOT called and success message NOT shown","status":"passed","title":"when DELETE returns 422 (validation error), then onSuccess is NOT called and success message NOT shown","duration":168.55311399999982,"failureMessages":[],"meta":{},"tags":[]},{"ancestorTitles":["AppDetailPage","Interaction - Delete App"],"fullName":"AppDetailPage Interaction - Delete App when DELETE returns 409 (conflict), then success message is NOT shown","status":"passed","title":"when DELETE returns 409 (conflict), then success message is NOT shown","duration":181.302052,"failureMessages":[],"meta":{},"tags":[]},{"ancestorTitles":["AppDetailPage","Interaction - Delete App"],"fullName":"AppDetailPage Interaction - Delete App when DELETE returns 500 (server error), then success message is NOT shown","status":"passed","title":"when DELETE returns 500 (server error), then success message is NOT shown","duration":167.82687799999985,"failureMessages":[],"meta":{},"tags":[]},{"ancestorTitles":["AppDetailPage","Interaction - Delete App"],"fullName":"AppDetailPage Interaction - Delete App when DELETE returns 404 (not found), then success message is NOT shown","status":"passed","title":"when DELETE returns 404 (not found), then success message is NOT shown","duration":169.40099400000008,"failureMessages":[],"meta":{},"tags":[]},{"ancestorTitles":["AppDetailPage","Interaction - Edit App Navigation"],"fullName":"AppDetailPage Interaction - Edit App Navigation when Edit button clicked, then navigates to app-edit page","status":"passed","title":"when Edit button clicked, then navigates to app-edit page","duration":43.29645300000038,"failureMessages":[],"meta":{},"tags":[]},{"ancestorTitles":["AppDetailPage","Interaction - Create Todo"],"fullName":"AppDetailPage Interaction - Create Todo when Create Todo button clicked, then shows inline create form","status":"passed","title":"when Create Todo button clicked, then shows inline create form","duration":64.00691499999994,"failureMessages":[],"meta":{},"tags":[]},{"ancestorTitles":["AppDetailPage","Error Handling"],"fullName":"AppDetailPage Error Handling when app API returns 404, then shows not found error","status":"passed","title":"when app API returns 404, then shows not found error","duration":15.53717400000005,"failureMessages":[],"meta":{},"tags":[]}],"startTime":1778309464031,"endTime":1778309465769.537,"status":"passed","message":"","name":"/home/runner/work/TDD_todo_app/TDD_todo_app/frontend/src/features/app-detail/pages/AppDetailPage.test.tsx"},{"assertionResults":[{"ancestorTitles":["AppEditPage","Happy Path - Pre-filled Form"],"fullName":"AppEditPage Happy Path - Pre-filled Form when page loads, then form is pre-filled with current app name","status":"passed","title":"when page loads, then form is pre-filled with current app name","duration":85.14972000000012,"failureMessages":[],"meta":{},"tags":[]},{"ancestorTitles":["AppEditPage","Happy Path - Pre-filled Form"],"fullName":"AppEditPage Happy Path - Pre-filled Form when page loads, then shows Edit App heading","status":"passed","title":"when page loads, then shows Edit App heading","duration":22.96549700000014,"failureMessages":[],"meta":{},"tags":[]},{"ancestorTitles":["AppEditPage","Happy Path - Pre-filled Form"],"fullName":"AppEditPage Happy Path - Pre-filled Form when page loads, then shows Update submit button","status":"passed","title":"when page loads, then shows Update submit button","duration":166.33251399999972,"failureMessages":[],"meta":{},"tags":[]},{"ancestorTitles":["AppEditPage","Happy Path - Successful Update"],"fullName":"AppEditPage Happy Path - Successful Update when Update clicked with valid name, then calls PUT /api/v1/apps/app-1","status":"passed","title":"when Update clicked with valid name, then calls PUT /api/v1/apps/app-1","duration":130.02896099999998,"failureMessages":[],"meta":{},"tags":[]},{"ancestorTitles":["AppEditPage","Happy Path - Successful Update"],"fullName":"AppEditPage Happy Path - Successful Update when PUT succeeds, then navigates to app-detail","status":"passed","title":"when PUT succeeds, then navigates to app-detail","duration":87.80130399999962,"failureMessages":[],"meta":{},"tags":[]},{"ancestorTitles":["AppEditPage","Error Cases - Duplicate Name (409)"],"fullName":"AppEditPage Error Cases - Duplicate Name (409) when PUT returns 409, then shows conflict error alert","status":"passed","title":"when PUT returns 409, then shows conflict error alert","duration":101.63171000000011,"failureMessages":[],"meta":{},"tags":[]},{"ancestorTitles":["AppEditPage","Error Cases - Duplicate Name (409)"],"fullName":"AppEditPage Error Cases - Duplicate Name (409) when PUT returns 409, then stays on edit page","status":"passed","title":"when PUT returns 409, then stays on edit page","duration":82.16894500000035,"failureMessages":[],"meta":{},"tags":[]},{"ancestorTitles":["AppEditPage","Validation Errors"],"fullName":"AppEditPage Validation Errors when name is cleared and Update clicked, then shows required error","status":"passed","title":"when name is cleared and Update clicked, then shows required error","duration":62.105327000000216,"failureMessages":[],"meta":{},"tags":[]},{"ancestorTitles":["AppEditPage","Validation Errors"],"fullName":"AppEditPage Validation Errors when name exceeds 100 characters and Update clicked, then shows max length error","status":"passed","title":"when name exceeds 100 characters and Update clicked, then shows max length error","duration":314.5902960000003,"failureMessages":[],"meta":{},"tags":[]},{"ancestorTitles":["AppEditPage","Interaction - Cancel Navigation"],"fullName":"AppEditPage Interaction - Cancel Navigation when Cancel clicked, then navigates back to app-detail","status":"passed","title":"when Cancel clicked, then navigates back to app-detail","duration":39.79718199999979,"failureMessages":[],"meta":{},"tags":[]},{"ancestorTitles":["AppEditPage","Error Cases - GET Returns 404"],"fullName":"AppEditPage Error Cases - GET Returns 404 when GET /api/v1/apps/:id returns 404, then shows error message instead of loading","status":"passed","title":"when GET /api/v1/apps/:id returns 404, then shows error message instead of loading","duration":12.699704999999994,"failureMessages":[],"meta":{},"tags":[]},{"ancestorTitles":["AppEditPage","Error Cases - GET Returns 404"],"fullName":"AppEditPage Error Cases - GET Returns 404 when GET /api/v1/apps/:id returns 500, then shows error message instead of loading","status":"passed","title":"when GET /api/v1/apps/:id returns 500, then shows error message instead of loading","duration":10.821594000000005,"failureMessages":[],"meta":{},"tags":[]},{"ancestorTitles":["AppEditPage","Error Cases - GET Returns 404"],"fullName":"AppEditPage Error Cases - GET Returns 404 when GET /api/v1/apps/:id returns 403, then shows error message instead of loading","status":"passed","title":"when GET /api/v1/apps/:id returns 403, then shows error message instead of loading","duration":11.272429999999986,"failureMessages":[],"meta":{},"tags":[]}],"startTime":1778309468242,"endTime":1778309469371.2725,"status":"passed","message":"","name":"/home/runner/work/TDD_todo_app/TDD_todo_app/frontend/src/features/app-edit/pages/AppEditPage.test.tsx"},{"assertionResults":[{"ancestorTitles":["AppCard","Happy Path - Rendering"],"fullName":"AppCard Happy Path - Rendering when rendered, then shows app name","status":"passed","title":"when rendered, then shows app name","duration":57.06940399999985,"failureMessages":[],"meta":{},"tags":[]},{"ancestorTitles":["AppCard","Happy Path - Rendering"],"fullName":"AppCard Happy Path - Rendering when rendered, then shows created date","status":"passed","title":"when rendered, then shows created date","duration":8.89405099999999,"failureMessages":[],"meta":{},"tags":[]},{"ancestorTitles":["AppCard","Happy Path - Rendering"],"fullName":"AppCard Happy Path - Rendering when rendered, then shows View button","status":"passed","title":"when rendered, then shows View button","duration":162.8774199999998,"failureMessages":[],"meta":{},"tags":[]},{"ancestorTitles":["AppCard","Interaction - Navigation"],"fullName":"AppCard Interaction - Navigation when View button clicked, then onView callback is invoked","status":"passed","title":"when View button clicked, then onView callback is invoked","duration":39.04583599999978,"failureMessages":[],"meta":{},"tags":[]},{"ancestorTitles":["AppCard","Interaction - Navigation"],"fullName":"AppCard Interaction - Navigation when View button clicked, then callback receives app id","status":"passed","title":"when View button clicked, then callback receives app id","duration":28.548232000000098,"failureMessages":[],"meta":{},"tags":[]}],"startTime":1778309471265,"endTime":1778309471562.5483,"status":"passed","message":"","name":"/home/runner/work/TDD_todo_app/TDD_todo_app/frontend/src/features/app-list/components/AppCard.test.tsx"},{"assertionResults":[{"ancestorTitles":["AppList","Happy Path - Multiple Apps"],"fullName":"AppList Happy Path - Multiple Apps when apps provided, then renders each app card","status":"passed","title":"when apps provided, then renders each app card","duration":69.11063800000011,"failureMessages":[],"meta":{},"tags":[]},{"ancestorTitles":["AppList","Happy Path - Multiple Apps"],"fullName":"AppList Happy Path - Multiple Apps when apps provided, then renders correct number of View buttons","status":"passed","title":"when apps provided, then renders correct number of View buttons","duration":195.72391199999993,"failureMessages":[],"meta":{},"tags":[]},{"ancestorTitles":["AppList","Edge Case - Empty List"],"fullName":"AppList Edge Case - Empty List when no apps, then shows empty state message","status":"passed","title":"when no apps, then shows empty state message","duration":4.67946199999983,"failureMessages":[],"meta":{},"tags":[]},{"ancestorTitles":["AppList","Edge Case - Empty List"],"fullName":"AppList Edge Case - Empty List when no apps, then does not render any View buttons","status":"passed","title":"when no apps, then does not render any View buttons","duration":3.0660870000001523,"failureMessages":[],"meta":{},"tags":[]},{"ancestorTitles":["AppList","Single App"],"fullName":"AppList Single App when one app provided, then renders exactly one app card","status":"passed","title":"when one app provided, then renders exactly one app card","duration":4.400509000000056,"failureMessages":[],"meta":{},"tags":[]}],"startTime":1778309473198,"endTime":1778309473476.4004,"status":"passed","message":"","name":"/home/runner/work/TDD_todo_app/TDD_todo_app/frontend/src/features/app-list/components/AppList.test.tsx"},{"assertionResults":[{"ancestorTitles":["AppListPage","Happy Path - Loading & Rendering"],"fullName":"AppListPage Happy Path - Loading & Rendering when page loads, then shows loading state initially","status":"passed","title":"when page loads, then shows loading state initially","duration":215.9650740000002,"failureMessages":[],"meta":{},"tags":[]},{"ancestorTitles":["AppListPage","Happy Path - Loading & Rendering"],"fullName":"AppListPage Happy Path - Loading & Rendering when apps loaded successfully, then renders app cards","status":"passed","title":"when apps loaded successfully, then renders app cards","duration":46.67445899999984,"failureMessages":[],"meta":{},"tags":[]},{"ancestorTitles":["AppListPage","Happy Path - Loading & Rendering"],"fullName":"AppListPage Happy Path - Loading & Rendering when apps loaded, then page heading is visible","status":"passed","title":"when apps loaded, then page heading is visible","duration":26.00847399999975,"failureMessages":[],"meta":{},"tags":[]},{"ancestorTitles":["AppListPage","Edge Case - Empty List"],"fullName":"AppListPage Edge Case - Empty List when no apps exist, then shows empty state message","status":"passed","title":"when no apps exist, then shows empty state message","duration":14.388620999999603,"failureMessages":[],"meta":{},"tags":[]},{"ancestorTitles":["AppListPage","Interaction - Create App Navigation"],"fullName":"AppListPage Interaction - Create App Navigation when page renders, then Create App button is visible","status":"passed","title":"when page renders, then Create App button is visible","duration":32.0476920000001,"failureMessages":[],"meta":{},"tags":[]},{"ancestorTitles":["AppListPage","Interaction - Create App Navigation"],"fullName":"AppListPage Interaction - Create App Navigation when Create App button clicked, then navigates to app-create page","status":"passed","title":"when Create App button clicked, then navigates to app-create page","duration":56.60593299999982,"failureMessages":[],"meta":{},"tags":[]},{"ancestorTitles":["AppListPage","Interaction - Create App Navigation"],"fullName":"AppListPage Interaction - Create App Navigation when View button on an app card is clicked, then navigates to app-detail page","status":"passed","title":"when View button on an app card is clicked, then navigates to app-detail page","duration":41.36699099999987,"failureMessages":[],"meta":{},"tags":[]},{"ancestorTitles":["AppListPage","Error Handling"],"fullName":"AppListPage Error Handling when API returns 500, then shows error message","status":"passed","title":"when API returns 500, then shows error message","duration":21.84445800000003,"failureMessages":[],"meta":{},"tags":[]},{"ancestorTitles":["AppListPage","Error Handling"],"fullName":"AppListPage Error Handling when fetch completely fails (network error), then shows error alert","status":"passed","title":"when fetch completely fails (network error), then shows error alert","duration":17.519938000000366,"failureMessages":[],"meta":{},"tags":[]},{"ancestorTitles":["AppListPage","Error Handling"],"fullName":"AppListPage Error Handling when fetch returns with network timeout, then shows error alert","status":"passed","title":"when fetch returns with network timeout, then shows error alert","duration":22.643392999999833,"failureMessages":[],"meta":{},"tags":[]},{"ancestorTitles":["AppListPage","Error Handling"],"fullName":"AppListPage Error Handling when CORS is blocked, then shows error alert","status":"passed","title":"when CORS is blocked, then shows error alert","duration":26.237300000000232,"failureMessages":[],"meta":{},"tags":[]},{"ancestorTitles":["AppListPage","Query Gate - Active Page Control"],"fullName":"AppListPage Query Gate - Active Page Control when currentPage.name === \"app-list\", then query is enabled","status":"passed","title":"when currentPage.name === \"app-list\", then query is enabled","duration":15.612564999999904,"failureMessages":[],"meta":{},"tags":[]},{"ancestorTitles":["AppListPage","Query Gate - Active Page Control"],"fullName":"AppListPage Query Gate - Active Page Control when currentPage.name is not \"app-list\", then component renders nothing","status":"passed","title":"when currentPage.name is not \"app-list\", then component renders nothing","duration":6.964104000000134,"failureMessages":[],"meta":{},"tags":[]},{"ancestorTitles":["AppListPage","Query Gate - Active Page Control"],"fullName":"AppListPage Query Gate - Active Page Control when apps loaded successfully, then Create button is visible","status":"passed","title":"when apps loaded successfully, then Create button is visible","duration":17.96014500000001,"failureMessages":[],"meta":{},"tags":[]},{"ancestorTitles":["AppListPage","Query Gate - Active Page Control"],"fullName":"AppListPage Query Gate - Active Page Control when apps loaded successfully, then query should not be refetching unnecessarily","status":"passed","title":"when apps loaded successfully, then query should not be refetching unnecessarily","duration":509.9752089999997,"failureMessages":[],"meta":{},"tags":[]}],"startTime":1778309470935,"endTime":1778309472007.975,"status":"passed","message":"","name":"/home/runner/work/TDD_todo_app/TDD_todo_app/frontend/src/features/app-list/pages/AppListPage.test.tsx"}]}