{"numTotalTestSuites":128,"numPassedTestSuites":128,"numFailedTestSuites":0,"numPendingTestSuites":0,"numTotalTests":385,"numPassedTests":385,"numFailedTests":0,"numPendingTests":0,"numTodoTests":0,"snapshot":{"added":0,"failure":false,"filesAdded":0,"filesRemoved":0,"filesRemovedList":[],"filesUnmatched":0,"filesUpdated":0,"matched":0,"total":0,"unchecked":0,"uncheckedKeysByFile":[],"unmatched":0,"updated":0,"didUpdate":false},"startTime":1777126029086,"success":true,"testResults":[{"assertionResults":[{"ancestorTitles":["createInMemoryAppRepository","save / findActiveById"],"fullName":"createInMemoryAppRepository save / findActiveById stores and retrieves an app by id","status":"passed","title":"stores and retrieves an app by id","duration":1.9021000000000186,"failureMessages":[],"meta":{},"tags":[]},{"ancestorTitles":["createInMemoryAppRepository","save / findActiveById"],"fullName":"createInMemoryAppRepository save / findActiveById returns null for an unknown id","status":"passed","title":"returns null for an unknown id","duration":0.20069999999998345,"failureMessages":[],"meta":{},"tags":[]},{"ancestorTitles":["createInMemoryAppRepository","save / findActiveById"],"fullName":"createInMemoryAppRepository save / findActiveById returns null for a soft-deleted app","status":"passed","title":"returns null for a soft-deleted app","duration":0.17719999999997071,"failureMessages":[],"meta":{},"tags":[]},{"ancestorTitles":["createInMemoryAppRepository","save / findActiveById"],"fullName":"createInMemoryAppRepository save / findActiveById returns a copy, not the original reference","status":"passed","title":"returns a copy, not the original reference","duration":0.5188999999999737,"failureMessages":[],"meta":{},"tags":[]},{"ancestorTitles":["createInMemoryAppRepository","save / findActiveById"],"fullName":"createInMemoryAppRepository save / findActiveById overwrites the app on repeated saves","status":"passed","title":"overwrites the app on repeated saves","duration":0.2407000000000039,"failureMessages":[],"meta":{},"tags":[]},{"ancestorTitles":["createInMemoryAppRepository","listActive"],"fullName":"createInMemoryAppRepository listActive returns all active (non-deleted) apps","status":"passed","title":"returns all active (non-deleted) apps","duration":0.6478999999999928,"failureMessages":[],"meta":{},"tags":[]},{"ancestorTitles":["createInMemoryAppRepository","listActive"],"fullName":"createInMemoryAppRepository listActive excludes soft-deleted apps","status":"passed","title":"excludes soft-deleted apps","duration":0.31569999999999254,"failureMessages":[],"meta":{},"tags":[]},{"ancestorTitles":["createInMemoryAppRepository","listActive"],"fullName":"createInMemoryAppRepository listActive returns an empty array when no apps exist","status":"passed","title":"returns an empty array when no apps exist","duration":0.13549999999997908,"failureMessages":[],"meta":{},"tags":[]},{"ancestorTitles":["createInMemoryAppRepository","existsActiveByName"],"fullName":"createInMemoryAppRepository existsActiveByName returns true when an active app with the name exists","status":"passed","title":"returns true when an active app with the name exists","duration":0.49190000000004375,"failureMessages":[],"meta":{},"tags":[]},{"ancestorTitles":["createInMemoryAppRepository","existsActiveByName"],"fullName":"createInMemoryAppRepository existsActiveByName returns false when no app with the name exists","status":"passed","title":"returns false when no app with the name exists","duration":0.2936000000000263,"failureMessages":[],"meta":{},"tags":[]},{"ancestorTitles":["createInMemoryAppRepository","existsActiveByName"],"fullName":"createInMemoryAppRepository existsActiveByName returns false for a soft-deleted app with the same name","status":"passed","title":"returns false for a soft-deleted app with the same name","duration":0.3172999999999888,"failureMessages":[],"meta":{},"tags":[]},{"ancestorTitles":["createInMemoryAppRepository","existsActiveByName"],"fullName":"createInMemoryAppRepository existsActiveByName returns false when the only match is the excluded id","status":"passed","title":"returns false when the only match is the excluded id","duration":0.16409999999996217,"failureMessages":[],"meta":{},"tags":[]},{"ancestorTitles":["createInMemoryAppRepository","existsActiveByName"],"fullName":"createInMemoryAppRepository existsActiveByName returns true when another app has the same name (excluding self)","status":"passed","title":"returns true when another app has the same name (excluding self)","duration":0.1490000000000009,"failureMessages":[],"meta":{},"tags":[]},{"ancestorTitles":["createInMemoryTodoRepository","save / findActiveById"],"fullName":"createInMemoryTodoRepository save / findActiveById stores and retrieves a todo by appId and todoId","status":"passed","title":"stores and retrieves a todo by appId and todoId","duration":0.4666000000000281,"failureMessages":[],"meta":{},"tags":[]},{"ancestorTitles":["createInMemoryTodoRepository","save / findActiveById"],"fullName":"createInMemoryTodoRepository save / findActiveById returns null for an unknown todo id","status":"passed","title":"returns null for an unknown todo id","duration":0.15109999999998536,"failureMessages":[],"meta":{},"tags":[]},{"ancestorTitles":["createInMemoryTodoRepository","save / findActiveById"],"fullName":"createInMemoryTodoRepository save / findActiveById returns null when appId does not match","status":"passed","title":"returns null when appId does not match","duration":0.14969999999999573,"failureMessages":[],"meta":{},"tags":[]},{"ancestorTitles":["createInMemoryTodoRepository","save / findActiveById"],"fullName":"createInMemoryTodoRepository save / findActiveById returns null for a soft-deleted todo","status":"passed","title":"returns null for a soft-deleted todo","duration":0.14969999999999573,"failureMessages":[],"meta":{},"tags":[]},{"ancestorTitles":["createInMemoryTodoRepository","save / findActiveById"],"fullName":"createInMemoryTodoRepository save / findActiveById returns a copy, not the original reference","status":"passed","title":"returns a copy, not the original reference","duration":0.18189999999998463,"failureMessages":[],"meta":{},"tags":[]},{"ancestorTitles":["createInMemoryTodoRepository","listActiveByAppId"],"fullName":"createInMemoryTodoRepository listActiveByAppId returns active todos for the given appId","status":"passed","title":"returns active todos for the given appId","duration":0.337099999999964,"failureMessages":[],"meta":{},"tags":[]},{"ancestorTitles":["createInMemoryTodoRepository","listActiveByAppId"],"fullName":"createInMemoryTodoRepository listActiveByAppId excludes todos from a different app","status":"passed","title":"excludes todos from a different app","duration":0.24500000000000455,"failureMessages":[],"meta":{},"tags":[]},{"ancestorTitles":["createInMemoryTodoRepository","listActiveByAppId"],"fullName":"createInMemoryTodoRepository listActiveByAppId excludes soft-deleted todos","status":"passed","title":"excludes soft-deleted todos","duration":1.086999999999989,"failureMessages":[],"meta":{},"tags":[]},{"ancestorTitles":["createInMemoryTodoRepository","listActiveByAppId"],"fullName":"createInMemoryTodoRepository listActiveByAppId returns an empty array when no todos exist for the appId","status":"passed","title":"returns an empty array when no todos exist for the appId","duration":0.14100000000001955,"failureMessages":[],"meta":{},"tags":[]},{"ancestorTitles":["createInMemoryTodoRepository","REPOSITORY_ERROR wrapping"],"fullName":"createInMemoryTodoRepository REPOSITORY_ERROR wrapping save on a corrupted storage wraps the error as AppError","status":"passed","title":"save on a corrupted storage wraps the error as AppError","duration":1.082899999999995,"failureMessages":[],"meta":{},"tags":[]}],"startTime":1777126029445,"endTime":1777126029456.083,"status":"passed","message":"","name":"C:/Users/Kazum/Desktop/programming/AI/website/tddTodoApp/backend/src/infrastructure/in-memory-repositories.test.ts"},{"assertionResults":[{"ancestorTitles":["presentApp"],"fullName":"presentApp returns the correct DTO fields","status":"passed","title":"returns the correct DTO fields","duration":2.6392999999999915,"failureMessages":[],"meta":{},"tags":[]},{"ancestorTitles":["presentApp"],"fullName":"presentApp does not include deletedAt in the output","status":"passed","title":"does not include deletedAt in the output","duration":0.38530000000000086,"failureMessages":[],"meta":{},"tags":[]},{"ancestorTitles":["presentApp"],"fullName":"presentApp works when deletedAt has a value on the entity","status":"passed","title":"works when deletedAt has a value on the entity","duration":0.20950000000001978,"failureMessages":[],"meta":{},"tags":[]},{"ancestorTitles":["presentTodo"],"fullName":"presentTodo returns the correct DTO fields","status":"passed","title":"returns the correct DTO fields","duration":0.36990000000000123,"failureMessages":[],"meta":{},"tags":[]},{"ancestorTitles":["presentTodo"],"fullName":"presentTodo does not include deletedAt in the output","status":"passed","title":"does not include deletedAt in the output","duration":0.20480000000000587,"failureMessages":[],"meta":{},"tags":[]},{"ancestorTitles":["presentTodo"],"fullName":"presentTodo reflects completed: true","status":"passed","title":"reflects completed: true","duration":0.1675999999999931,"failureMessages":[],"meta":{},"tags":[]},{"ancestorTitles":["presentSuccess"],"fullName":"presentSuccess defaults to status 200","status":"passed","title":"defaults to status 200","duration":0.27839999999997644,"failureMessages":[],"meta":{},"tags":[]},{"ancestorTitles":["presentSuccess"],"fullName":"presentSuccess uses the provided status code","status":"passed","title":"uses the provided status code","duration":0.1821999999999946,"failureMessages":[],"meta":{},"tags":[]},{"ancestorTitles":["presentSuccess"],"fullName":"presentSuccess sets success to true","status":"passed","title":"sets success to true","duration":0.6282999999999959,"failureMessages":[],"meta":{},"tags":[]},{"ancestorTitles":["presentSuccess"],"fullName":"presentSuccess passes through the data payload","status":"passed","title":"passes through the data payload","duration":0.26650000000000773,"failureMessages":[],"meta":{},"tags":[]},{"ancestorTitles":["presentSuccess"],"fullName":"presentSuccess does not include an error field","status":"passed","title":"does not include an error field","duration":0.15200000000001523,"failureMessages":[],"meta":{},"tags":[]},{"ancestorTitles":["presentError"],"fullName":"presentError maps VALIDATION_ERROR to status 422","status":"passed","title":"maps VALIDATION_ERROR to status 422","duration":0.17439999999999145,"failureMessages":[],"meta":{},"tags":[]},{"ancestorTitles":["presentError"],"fullName":"presentError maps CONFLICT to status 409","status":"passed","title":"maps CONFLICT to status 409","duration":0.11830000000000496,"failureMessages":[],"meta":{},"tags":[]},{"ancestorTitles":["presentError"],"fullName":"presentError maps NOT_FOUND to status 404","status":"passed","title":"maps NOT_FOUND to status 404","duration":0.0841000000000065,"failureMessages":[],"meta":{},"tags":[]},{"ancestorTitles":["presentError"],"fullName":"presentError maps REPOSITORY_ERROR to status 500","status":"passed","title":"maps REPOSITORY_ERROR to status 500","duration":0.057799999999986085,"failureMessages":[],"meta":{},"tags":[]},{"ancestorTitles":["presentError"],"fullName":"presentError sets success to false","status":"passed","title":"sets success to false","duration":0.05689999999998463,"failureMessages":[],"meta":{},"tags":[]},{"ancestorTitles":["presentError"],"fullName":"presentError sets data to null","status":"passed","title":"sets data to null","duration":0.06810000000001537,"failureMessages":[],"meta":{},"tags":[]},{"ancestorTitles":["presentError"],"fullName":"presentError includes the error code and message in the body","status":"passed","title":"includes the error code and message in the body","duration":0.08109999999999218,"failureMessages":[],"meta":{},"tags":[]}],"startTime":1777126029467,"endTime":1777126029474.081,"status":"passed","message":"","name":"C:/Users/Kazum/Desktop/programming/AI/website/tddTodoApp/backend/src/controllers/http-presenter.test.ts"},{"assertionResults":[{"ancestorTitles":["parseCreateAppInput"],"fullName":"parseCreateAppInput returns CreateAppInput with trimmed name for valid input","status":"passed","title":"returns CreateAppInput with trimmed name for valid input","duration":1.598099999999988,"failureMessages":[],"meta":{},"tags":[]},{"ancestorTitles":["parseCreateAppInput"],"fullName":"parseCreateAppInput trims surrounding whitespace from name","status":"passed","title":"trims surrounding whitespace from name","duration":0.24989999999999668,"failureMessages":[],"meta":{},"tags":[]},{"ancestorTitles":["parseCreateAppInput"],"fullName":"parseCreateAppInput accepts a name exactly 100 characters long","status":"passed","title":"accepts a name exactly 100 characters long","duration":0.14289999999999736,"failureMessages":[],"meta":{},"tags":[]},{"ancestorTitles":["parseCreateAppInput"],"fullName":"parseCreateAppInput throws VALIDATION_ERROR when name is missing","status":"passed","title":"throws VALIDATION_ERROR when name is missing","duration":0.4435000000000002,"failureMessages":[],"meta":{},"tags":[]},{"ancestorTitles":["parseCreateAppInput"],"fullName":"parseCreateAppInput throws VALIDATION_ERROR when name is not a string","status":"passed","title":"throws VALIDATION_ERROR when name is not a string","duration":0.13620000000000232,"failureMessages":[],"meta":{},"tags":[]},{"ancestorTitles":["parseCreateAppInput"],"fullName":"parseCreateAppInput throws VALIDATION_ERROR when name is empty string","status":"passed","title":"throws VALIDATION_ERROR when name is empty string","duration":0.11140000000000327,"failureMessages":[],"meta":{},"tags":[]},{"ancestorTitles":["parseCreateAppInput"],"fullName":"parseCreateAppInput throws VALIDATION_ERROR when name is whitespace only","status":"passed","title":"throws VALIDATION_ERROR when name is whitespace only","duration":0.16429999999999723,"failureMessages":[],"meta":{},"tags":[]},{"ancestorTitles":["parseCreateAppInput"],"fullName":"parseCreateAppInput throws VALIDATION_ERROR when name exceeds 100 characters","status":"passed","title":"throws VALIDATION_ERROR when name exceeds 100 characters","duration":0.1658999999999935,"failureMessages":[],"meta":{},"tags":[]},{"ancestorTitles":["parseCreateAppInput"],"fullName":"parseCreateAppInput returns empty record when body is not an object","status":"passed","title":"returns empty record when body is not an object","duration":0.47230000000001837,"failureMessages":[],"meta":{},"tags":[]},{"ancestorTitles":["parseUpdateAppInput"],"fullName":"parseUpdateAppInput returns UpdateAppInput with appId and trimmed name","status":"passed","title":"returns UpdateAppInput with appId and trimmed name","duration":0.244199999999978,"failureMessages":[],"meta":{},"tags":[]},{"ancestorTitles":["parseUpdateAppInput"],"fullName":"parseUpdateAppInput returns UpdateAppInput with only appId when name is not provided","status":"passed","title":"returns UpdateAppInput with only appId when name is not provided","duration":0.19079999999999586,"failureMessages":[],"meta":{},"tags":[]},{"ancestorTitles":["parseUpdateAppInput"],"fullName":"parseUpdateAppInput does not include name key when body has no name","status":"passed","title":"does not include name key when body has no name","duration":0.07159999999998945,"failureMessages":[],"meta":{},"tags":[]},{"ancestorTitles":["parseUpdateAppInput"],"fullName":"parseUpdateAppInput throws VALIDATION_ERROR when name is empty string","status":"passed","title":"throws VALIDATION_ERROR when name is empty string","duration":0.16259999999999764,"failureMessages":[],"meta":{},"tags":[]},{"ancestorTitles":["parseUpdateAppInput"],"fullName":"parseUpdateAppInput throws VALIDATION_ERROR when name is whitespace only","status":"passed","title":"throws VALIDATION_ERROR when name is whitespace only","duration":0.09540000000001214,"failureMessages":[],"meta":{},"tags":[]},{"ancestorTitles":["parseUpdateAppInput"],"fullName":"parseUpdateAppInput throws VALIDATION_ERROR when name exceeds 100 characters","status":"passed","title":"throws VALIDATION_ERROR when name exceeds 100 characters","duration":0.07160000000001787,"failureMessages":[],"meta":{},"tags":[]},{"ancestorTitles":["parseCreateTodoInput"],"fullName":"parseCreateTodoInput returns CreateTodoInput with appId and trimmed title","status":"passed","title":"returns CreateTodoInput with appId and trimmed title","duration":0.14709999999999468,"failureMessages":[],"meta":{},"tags":[]},{"ancestorTitles":["parseCreateTodoInput"],"fullName":"parseCreateTodoInput trims surrounding whitespace from title","status":"passed","title":"trims surrounding whitespace from title","duration":0.06289999999998486,"failureMessages":[],"meta":{},"tags":[]},{"ancestorTitles":["parseCreateTodoInput"],"fullName":"parseCreateTodoInput accepts a title exactly 200 characters long","status":"passed","title":"accepts a title exactly 200 characters long","duration":0.05629999999999313,"failureMessages":[],"meta":{},"tags":[]},{"ancestorTitles":["parseCreateTodoInput"],"fullName":"parseCreateTodoInput throws VALIDATION_ERROR when title is missing","status":"passed","title":"throws VALIDATION_ERROR when title is missing","duration":0.13509999999999422,"failureMessages":[],"meta":{},"tags":[]},{"ancestorTitles":["parseCreateTodoInput"],"fullName":"parseCreateTodoInput throws VALIDATION_ERROR when title is not a string","status":"passed","title":"throws VALIDATION_ERROR when title is not a string","duration":0.09040000000001669,"failureMessages":[],"meta":{},"tags":[]},{"ancestorTitles":["parseCreateTodoInput"],"fullName":"parseCreateTodoInput throws VALIDATION_ERROR when title is empty string","status":"passed","title":"throws VALIDATION_ERROR when title is empty string","duration":0.06729999999998881,"failureMessages":[],"meta":{},"tags":[]},{"ancestorTitles":["parseCreateTodoInput"],"fullName":"parseCreateTodoInput throws VALIDATION_ERROR when title is whitespace only","status":"passed","title":"throws VALIDATION_ERROR when title is whitespace only","duration":0.05389999999999873,"failureMessages":[],"meta":{},"tags":[]},{"ancestorTitles":["parseCreateTodoInput"],"fullName":"parseCreateTodoInput throws VALIDATION_ERROR when title exceeds 200 characters","status":"passed","title":"throws VALIDATION_ERROR when title exceeds 200 characters","duration":0.06460000000001287,"failureMessages":[],"meta":{},"tags":[]},{"ancestorTitles":["parseUpdateTodoInput"],"fullName":"parseUpdateTodoInput returns UpdateTodoInput with appId, todoId, and trimmed title","status":"passed","title":"returns UpdateTodoInput with appId, todoId, and trimmed title","duration":0.11830000000000496,"failureMessages":[],"meta":{},"tags":[]},{"ancestorTitles":["parseUpdateTodoInput"],"fullName":"parseUpdateTodoInput returns UpdateTodoInput with completed field","status":"passed","title":"returns UpdateTodoInput with completed field","duration":0.07670000000001664,"failureMessages":[],"meta":{},"tags":[]},{"ancestorTitles":["parseUpdateTodoInput"],"fullName":"parseUpdateTodoInput accepts completed: false","status":"passed","title":"accepts completed: false","duration":0.04939999999999145,"failureMessages":[],"meta":{},"tags":[]},{"ancestorTitles":["parseUpdateTodoInput"],"fullName":"parseUpdateTodoInput returns base input when body has no fields","status":"passed","title":"returns base input when body has no fields","duration":0.05740000000000123,"failureMessages":[],"meta":{},"tags":[]},{"ancestorTitles":["parseUpdateTodoInput"],"fullName":"parseUpdateTodoInput throws VALIDATION_ERROR when title is empty","status":"passed","title":"throws VALIDATION_ERROR when title is empty","duration":0.07430000000002224,"failureMessages":[],"meta":{},"tags":[]},{"ancestorTitles":["parseUpdateTodoInput"],"fullName":"parseUpdateTodoInput throws VALIDATION_ERROR when title is whitespace only","status":"passed","title":"throws VALIDATION_ERROR when title is whitespace only","duration":0.07900000000000773,"failureMessages":[],"meta":{},"tags":[]},{"ancestorTitles":["parseUpdateTodoInput"],"fullName":"parseUpdateTodoInput throws VALIDATION_ERROR when title exceeds 200 characters","status":"passed","title":"throws VALIDATION_ERROR when title exceeds 200 characters","duration":0.06120000000001369,"failureMessages":[],"meta":{},"tags":[]},{"ancestorTitles":["parseUpdateTodoInput"],"fullName":"parseUpdateTodoInput throws VALIDATION_ERROR when completed is not a boolean","status":"passed","title":"throws VALIDATION_ERROR when completed is not a boolean","duration":0.05860000000001264,"failureMessages":[],"meta":{},"tags":[]},{"ancestorTitles":["parseUpdateTodoInput"],"fullName":"parseUpdateTodoInput throws VALIDATION_ERROR when completed is a number","status":"passed","title":"throws VALIDATION_ERROR when completed is a number","duration":0.054200000000008686,"failureMessages":[],"meta":{},"tags":[]}],"startTime":1777126029452,"endTime":1777126029458.1184,"status":"passed","message":"","name":"C:/Users/Kazum/Desktop/programming/AI/website/tddTodoApp/backend/src/controllers/request-validation.test.ts"},{"assertionResults":[{"ancestorTitles":["createAppInteractor.create"],"fullName":"createAppInteractor.create saves and returns a new app entity","status":"passed","title":"saves and returns a new app entity","duration":4.580600000000004,"failureMessages":[],"meta":{},"tags":[]},{"ancestorTitles":["createAppInteractor.create"],"fullName":"createAppInteractor.create throws CONFLICT when app name already exists","status":"passed","title":"throws CONFLICT when app name already exists","duration":1.6569000000000074,"failureMessages":[],"meta":{},"tags":[]},{"ancestorTitles":["createAppInteractor.create"],"fullName":"createAppInteractor.create does not call save when duplicate is detected","status":"passed","title":"does not call save when duplicate is detected","duration":1.0548000000000002,"failureMessages":[],"meta":{},"tags":[]},{"ancestorTitles":["createAppInteractor.list"],"fullName":"createAppInteractor.list returns the list of active apps from the repository","status":"passed","title":"returns the list of active apps from the repository","duration":0.398399999999981,"failureMessages":[],"meta":{},"tags":[]},{"ancestorTitles":["createAppInteractor.list"],"fullName":"createAppInteractor.list returns an empty array when no apps exist","status":"passed","title":"returns an empty array when no apps exist","duration":0.2530999999999608,"failureMessages":[],"meta":{},"tags":[]},{"ancestorTitles":["createAppInteractor.get"],"fullName":"createAppInteractor.get returns the app when found","status":"passed","title":"returns the app when found","duration":0.24939999999998008,"failureMessages":[],"meta":{},"tags":[]},{"ancestorTitles":["createAppInteractor.get"],"fullName":"createAppInteractor.get throws NOT_FOUND when app does not exist","status":"passed","title":"throws NOT_FOUND when app does not exist","duration":0.3158999999999992,"failureMessages":[],"meta":{},"tags":[]},{"ancestorTitles":["createAppInteractor.update"],"fullName":"createAppInteractor.update saves and returns the updated app entity","status":"passed","title":"saves and returns the updated app entity","duration":0.6519000000000119,"failureMessages":[],"meta":{},"tags":[]},{"ancestorTitles":["createAppInteractor.update"],"fullName":"createAppInteractor.update keeps original name when name is not provided in the update","status":"passed","title":"keeps original name when name is not provided in the update","duration":0.4549999999999841,"failureMessages":[],"meta":{},"tags":[]},{"ancestorTitles":["createAppInteractor.update"],"fullName":"createAppInteractor.update throws NOT_FOUND when app does not exist","status":"passed","title":"throws NOT_FOUND when app does not exist","duration":0.4189999999999827,"failureMessages":[],"meta":{},"tags":[]},{"ancestorTitles":["createAppInteractor.update"],"fullName":"createAppInteractor.update throws CONFLICT when new name is already taken by a different app","status":"passed","title":"throws CONFLICT when new name is already taken by a different app","duration":0.5006999999999948,"failureMessages":[],"meta":{},"tags":[]},{"ancestorTitles":["createAppInteractor.delete"],"fullName":"createAppInteractor.delete marks the app as deleted and returns it","status":"passed","title":"marks the app as deleted and returns it","duration":0.266900000000021,"failureMessages":[],"meta":{},"tags":[]},{"ancestorTitles":["createAppInteractor.delete"],"fullName":"createAppInteractor.delete saves the deleted app to the repository","status":"passed","title":"saves the deleted app to the repository","duration":0.2669999999999959,"failureMessages":[],"meta":{},"tags":[]},{"ancestorTitles":["createAppInteractor.delete"],"fullName":"createAppInteractor.delete cascade-deletes all active todos belonging to the app","status":"passed","title":"cascade-deletes all active todos belonging to the app","duration":2.031000000000006,"failureMessages":[],"meta":{},"tags":[]},{"ancestorTitles":["createAppInteractor.delete"],"fullName":"createAppInteractor.delete throws NOT_FOUND when app does not exist","status":"passed","title":"throws NOT_FOUND when app does not exist","duration":0.31220000000001846,"failureMessages":[],"meta":{},"tags":[]}],"startTime":1777126029449,"endTime":1777126029463.3123,"status":"passed","message":"","name":"C:/Users/Kazum/Desktop/programming/AI/website/tddTodoApp/backend/src/services/app-interactor.test.ts"},{"assertionResults":[{"ancestorTitles":["createTodoInteractor.create"],"fullName":"createTodoInteractor.create saves and returns a new todo entity","status":"passed","title":"saves and returns a new todo entity","duration":3.596300000000042,"failureMessages":[],"meta":{},"tags":[]},{"ancestorTitles":["createTodoInteractor.create"],"fullName":"createTodoInteractor.create throws NOT_FOUND when the app does not exist","status":"passed","title":"throws NOT_FOUND when the app does not exist","duration":1.175799999999981,"failureMessages":[],"meta":{},"tags":[]},{"ancestorTitles":["createTodoInteractor.create"],"fullName":"createTodoInteractor.create sets completed to false by default","status":"passed","title":"sets completed to false by default","duration":0.29849999999999,"failureMessages":[],"meta":{},"tags":[]},{"ancestorTitles":["createTodoInteractor.list"],"fullName":"createTodoInteractor.list returns the active todos for the given app","status":"passed","title":"returns the active todos for the given app","duration":0.28340000000002874,"failureMessages":[],"meta":{},"tags":[]},{"ancestorTitles":["createTodoInteractor.list"],"fullName":"createTodoInteractor.list throws NOT_FOUND when the app does not exist","status":"passed","title":"throws NOT_FOUND when the app does not exist","duration":0.2611999999999739,"failureMessages":[],"meta":{},"tags":[]},{"ancestorTitles":["createTodoInteractor.get"],"fullName":"createTodoInteractor.get returns the todo when found","status":"passed","title":"returns the todo when found","duration":0.3824000000000183,"failureMessages":[],"meta":{},"tags":[]},{"ancestorTitles":["createTodoInteractor.get"],"fullName":"createTodoInteractor.get throws NOT_FOUND when the todo does not exist","status":"passed","title":"throws NOT_FOUND when the todo does not exist","duration":0.34909999999996444,"failureMessages":[],"meta":{},"tags":[]},{"ancestorTitles":["createTodoInteractor.get"],"fullName":"createTodoInteractor.get throws NOT_FOUND when the app does not exist","status":"passed","title":"throws NOT_FOUND when the app does not exist","duration":0.25950000000000273,"failureMessages":[],"meta":{},"tags":[]},{"ancestorTitles":["createTodoInteractor.update"],"fullName":"createTodoInteractor.update saves and returns the todo with updated title","status":"passed","title":"saves and returns the todo with updated title","duration":0.7386999999999944,"failureMessages":[],"meta":{},"tags":[]},{"ancestorTitles":["createTodoInteractor.update"],"fullName":"createTodoInteractor.update updates completed status","status":"passed","title":"updates completed status","duration":0.41140000000001464,"failureMessages":[],"meta":{},"tags":[]},{"ancestorTitles":["createTodoInteractor.update"],"fullName":"createTodoInteractor.update preserves original values when no update fields are provided","status":"passed","title":"preserves original values when no update fields are provided","duration":0.2966000000000122,"failureMessages":[],"meta":{},"tags":[]},{"ancestorTitles":["createTodoInteractor.update"],"fullName":"createTodoInteractor.update throws NOT_FOUND when the todo does not exist","status":"passed","title":"throws NOT_FOUND when the todo does not exist","duration":0.22280000000000655,"failureMessages":[],"meta":{},"tags":[]},{"ancestorTitles":["createTodoInteractor.update"],"fullName":"createTodoInteractor.update throws NOT_FOUND when the app does not exist","status":"passed","title":"throws NOT_FOUND when the app does not exist","duration":0.955600000000004,"failureMessages":[],"meta":{},"tags":[]},{"ancestorTitles":["createTodoInteractor.delete"],"fullName":"createTodoInteractor.delete marks the todo as deleted and returns it","status":"passed","title":"marks the todo as deleted and returns it","duration":0.43720000000001846,"failureMessages":[],"meta":{},"tags":[]},{"ancestorTitles":["createTodoInteractor.delete"],"fullName":"createTodoInteractor.delete throws NOT_FOUND when the todo does not exist","status":"passed","title":"throws NOT_FOUND when the todo does not exist","duration":0.2758000000000038,"failureMessages":[],"meta":{},"tags":[]},{"ancestorTitles":["createTodoInteractor.delete"],"fullName":"createTodoInteractor.delete throws NOT_FOUND when the app does not exist","status":"passed","title":"throws NOT_FOUND when the app does not exist","duration":0.38719999999995025,"failureMessages":[],"meta":{},"tags":[]}],"startTime":1777126029465,"endTime":1777126029475.4373,"status":"passed","message":"","name":"C:/Users/Kazum/Desktop/programming/AI/website/tddTodoApp/backend/src/services/todo-interactor.test.ts"},{"assertionResults":[{"ancestorTitles":["AppError","constructor"],"fullName":"AppError constructor sets the name property to \"AppError\"","status":"passed","title":"sets the name property to \"AppError\"","duration":2.0560000000000116,"failureMessages":[],"meta":{},"tags":[]},{"ancestorTitles":["AppError","constructor"],"fullName":"AppError constructor sets the code property to the given error code","status":"passed","title":"sets the code property to the given error code","duration":0.17429999999998813,"failureMessages":[],"meta":{},"tags":[]},{"ancestorTitles":["AppError","constructor"],"fullName":"AppError constructor sets the message property to the given message","status":"passed","title":"sets the message property to the given message","duration":0.10569999999998458,"failureMessages":[],"meta":{},"tags":[]},{"ancestorTitles":["AppError","constructor"],"fullName":"AppError constructor is an instance of Error","status":"passed","title":"is an instance of Error","duration":0.1752999999999929,"failureMessages":[],"meta":{},"tags":[]},{"ancestorTitles":["AppError","constructor"],"fullName":"AppError constructor supports all error codes","status":"passed","title":"supports all error codes","duration":0.16440000000000055,"failureMessages":[],"meta":{},"tags":[]},{"ancestorTitles":["isAppError"],"fullName":"isAppError returns true for an AppError instance","status":"passed","title":"returns true for an AppError instance","duration":0.18429999999997904,"failureMessages":[],"meta":{},"tags":[]},{"ancestorTitles":["isAppError"],"fullName":"isAppError returns false for a plain Error","status":"passed","title":"returns false for a plain Error","duration":0.15949999999998,"failureMessages":[],"meta":{},"tags":[]},{"ancestorTitles":["isAppError"],"fullName":"isAppError returns false for a string","status":"passed","title":"returns false for a string","duration":0.10690000000002442,"failureMessages":[],"meta":{},"tags":[]},{"ancestorTitles":["isAppError"],"fullName":"isAppError returns false for null","status":"passed","title":"returns false for null","duration":0.3591000000000122,"failureMessages":[],"meta":{},"tags":[]},{"ancestorTitles":["isAppError"],"fullName":"isAppError returns false for undefined","status":"passed","title":"returns false for undefined","duration":0.24379999999999313,"failureMessages":[],"meta":{},"tags":[]},{"ancestorTitles":["isAppError"],"fullName":"isAppError returns false for a plain object","status":"passed","title":"returns false for a plain object","duration":0.19069999999999254,"failureMessages":[],"meta":{},"tags":[]}],"startTime":1777126029452,"endTime":1777126029456.3591,"status":"passed","message":"","name":"C:/Users/Kazum/Desktop/programming/AI/website/tddTodoApp/backend/src/models/app-error.test.ts"},{"assertionResults":[{"ancestorTitles":["AppController integration","create"],"fullName":"AppController integration create returns 201 with success:true and app DTO on valid input","status":"passed","title":"returns 201 with success:true and app DTO on valid input","duration":6.736700000000042,"failureMessages":[],"meta":{},"tags":[]},{"ancestorTitles":["AppController integration","create"],"fullName":"AppController integration create DTO does not include deletedAt","status":"passed","title":"DTO does not include deletedAt","duration":0.6136999999999944,"failureMessages":[],"meta":{},"tags":[]},{"ancestorTitles":["AppController integration","create"],"fullName":"AppController integration create returns 422 when name is missing","status":"passed","title":"returns 422 when name is missing","duration":0.3993000000000393,"failureMessages":[],"meta":{},"tags":[]},{"ancestorTitles":["AppController integration","create"],"fullName":"AppController integration create returns 422 when name is not a string","status":"passed","title":"returns 422 when name is not a string","duration":0.2767000000000053,"failureMessages":[],"meta":{},"tags":[]},{"ancestorTitles":["AppController integration","create"],"fullName":"AppController integration create returns 422 when name is an empty string","status":"passed","title":"returns 422 when name is an empty string","duration":0.29230000000001155,"failureMessages":[],"meta":{},"tags":[]},{"ancestorTitles":["AppController integration","create"],"fullName":"AppController integration create returns 409 when the name is already taken","status":"passed","title":"returns 409 when the name is already taken","duration":0.2558999999999969,"failureMessages":[],"meta":{},"tags":[]},{"ancestorTitles":["AppController integration","create"],"fullName":"AppController integration create returns 422 when body is null","status":"passed","title":"returns 422 when body is null","duration":0.11879999999996471,"failureMessages":[],"meta":{},"tags":[]},{"ancestorTitles":["AppController integration","list"],"fullName":"AppController integration list returns 200 with an empty array when no apps exist","status":"passed","title":"returns 200 with an empty array when no apps exist","duration":0.30049999999999955,"failureMessages":[],"meta":{},"tags":[]},{"ancestorTitles":["AppController integration","list"],"fullName":"AppController integration list returns 200 with all created apps","status":"passed","title":"returns 200 with all created apps","duration":0.4364999999999668,"failureMessages":[],"meta":{},"tags":[]},{"ancestorTitles":["AppController integration","get"],"fullName":"AppController integration get returns 200 with the correct app","status":"passed","title":"returns 200 with the correct app","duration":0.308400000000006,"failureMessages":[],"meta":{},"tags":[]},{"ancestorTitles":["AppController integration","get"],"fullName":"AppController integration get returns 404 for an unknown id","status":"passed","title":"returns 404 for an unknown id","duration":0.20609999999999218,"failureMessages":[],"meta":{},"tags":[]},{"ancestorTitles":["AppController integration","update"],"fullName":"AppController integration update returns 200 with the updated app","status":"passed","title":"returns 200 with the updated app","duration":0.23329999999998563,"failureMessages":[],"meta":{},"tags":[]},{"ancestorTitles":["AppController integration","update"],"fullName":"AppController integration update returns 422 when updated name is empty","status":"passed","title":"returns 422 when updated name is empty","duration":0.16699999999997317,"failureMessages":[],"meta":{},"tags":[]},{"ancestorTitles":["AppController integration","update"],"fullName":"AppController integration update returns 409 when the new name conflicts","status":"passed","title":"returns 409 when the new name conflicts","duration":0.3009000000000128,"failureMessages":[],"meta":{},"tags":[]},{"ancestorTitles":["AppController integration","update"],"fullName":"AppController integration update returns 404 for an unknown app id","status":"passed","title":"returns 404 for an unknown app id","duration":0.11059999999997672,"failureMessages":[],"meta":{},"tags":[]},{"ancestorTitles":["AppController integration","delete"],"fullName":"AppController integration delete returns 200 with the soft-deleted app","status":"passed","title":"returns 200 with the soft-deleted app","duration":0.21530000000001337,"failureMessages":[],"meta":{},"tags":[]},{"ancestorTitles":["AppController integration","delete"],"fullName":"AppController integration delete returns 404 for an unknown app id","status":"passed","title":"returns 404 for an unknown app id","duration":0.08979999999996835,"failureMessages":[],"meta":{},"tags":[]}],"startTime":1777126029461,"endTime":1777126029473.3008,"status":"passed","message":"","name":"C:/Users/Kazum/Desktop/programming/AI/website/tddTodoApp/backend/src/tests/integrations/controllers/app-controller.test.ts"},{"assertionResults":[{"ancestorTitles":["HttpPresenter integration","presentApp"],"fullName":"HttpPresenter integration presentApp returns the correct DTO shape from a real app entity","status":"passed","title":"returns the correct DTO shape from a real app entity","duration":6.030199999999979,"failureMessages":[],"meta":{},"tags":[]},{"ancestorTitles":["HttpPresenter integration","presentApp"],"fullName":"HttpPresenter integration presentApp DTO does not include deletedAt","status":"passed","title":"DTO does not include deletedAt","duration":0.8123000000000502,"failureMessages":[],"meta":{},"tags":[]},{"ancestorTitles":["HttpPresenter integration","presentApp"],"fullName":"HttpPresenter integration presentApp createdAt and updatedAt are ISO strings from the real entity","status":"passed","title":"createdAt and updatedAt are ISO strings from the real entity","duration":0.46109999999998763,"failureMessages":[],"meta":{},"tags":[]},{"ancestorTitles":["HttpPresenter integration","presentApp"],"fullName":"HttpPresenter integration presentApp name matches what was given at creation","status":"passed","title":"name matches what was given at creation","duration":0.36789999999996326,"failureMessages":[],"meta":{},"tags":[]},{"ancestorTitles":["HttpPresenter integration","presentTodo"],"fullName":"HttpPresenter integration presentTodo returns the correct DTO shape from a real todo entity","status":"passed","title":"returns the correct DTO shape from a real todo entity","duration":0.5258999999999787,"failureMessages":[],"meta":{},"tags":[]},{"ancestorTitles":["HttpPresenter integration","presentTodo"],"fullName":"HttpPresenter integration presentTodo DTO does not include deletedAt","status":"passed","title":"DTO does not include deletedAt","duration":0.23049999999994952,"failureMessages":[],"meta":{},"tags":[]},{"ancestorTitles":["HttpPresenter integration","presentTodo"],"fullName":"HttpPresenter integration presentTodo appId matches the parent app","status":"passed","title":"appId matches the parent app","duration":0.2296000000000049,"failureMessages":[],"meta":{},"tags":[]},{"ancestorTitles":["HttpPresenter integration","presentTodo"],"fullName":"HttpPresenter integration presentTodo completed defaults to false on a freshly created todo","status":"passed","title":"completed defaults to false on a freshly created todo","duration":0.2477000000000089,"failureMessages":[],"meta":{},"tags":[]},{"ancestorTitles":["HttpPresenter integration","presentTodo"],"fullName":"HttpPresenter integration presentTodo completed reflects the updated value from the real entity","status":"passed","title":"completed reflects the updated value from the real entity","duration":0.5508000000000379,"failureMessages":[],"meta":{},"tags":[]}],"startTime":1777126029465,"endTime":1777126029475.5508,"status":"passed","message":"","name":"C:/Users/Kazum/Desktop/programming/AI/website/tddTodoApp/backend/src/tests/integrations/controllers/http-presenter.test.ts"},{"assertionResults":[{"ancestorTitles":["RequestValidation integration","parseCreateAppInput"],"fullName":"RequestValidation integration parseCreateAppInput returns CreateAppInput with trimmed name","status":"passed","title":"returns CreateAppInput with trimmed name","duration":1.6476000000000113,"failureMessages":[],"meta":{},"tags":[]},{"ancestorTitles":["RequestValidation integration","parseCreateAppInput"],"fullName":"RequestValidation integration parseCreateAppInput throws VALIDATION_ERROR when name is missing","status":"passed","title":"throws VALIDATION_ERROR when name is missing","duration":0.40989999999999327,"failureMessages":[],"meta":{},"tags":[]},{"ancestorTitles":["RequestValidation integration","parseCreateAppInput"],"fullName":"RequestValidation integration parseCreateAppInput throws VALIDATION_ERROR when name is a number","status":"passed","title":"throws VALIDATION_ERROR when name is a number","duration":0.14610000000004675,"failureMessages":[],"meta":{},"tags":[]},{"ancestorTitles":["RequestValidation integration","parseCreateAppInput"],"fullName":"RequestValidation integration parseCreateAppInput throws VALIDATION_ERROR when name is whitespace only","status":"passed","title":"throws VALIDATION_ERROR when name is whitespace only","duration":0.14720000000005484,"failureMessages":[],"meta":{},"tags":[]},{"ancestorTitles":["RequestValidation integration","parseCreateAppInput"],"fullName":"RequestValidation integration parseCreateAppInput throws VALIDATION_ERROR when name exceeds 100 characters","status":"passed","title":"throws VALIDATION_ERROR when name exceeds 100 characters","duration":0.15020000000004075,"failureMessages":[],"meta":{},"tags":[]},{"ancestorTitles":["RequestValidation integration","parseCreateAppInput"],"fullName":"RequestValidation integration parseCreateAppInput accepts a name of exactly 100 characters","status":"passed","title":"accepts a name of exactly 100 characters","duration":0.5860000000000127,"failureMessages":[],"meta":{},"tags":[]},{"ancestorTitles":["RequestValidation integration","parseCreateAppInput"],"fullName":"RequestValidation integration parseCreateAppInput returns empty name from null body (null → empty record)","status":"passed","title":"returns empty name from null body (null → empty record)","duration":0.1897999999999911,"failureMessages":[],"meta":{},"tags":[]},{"ancestorTitles":["RequestValidation integration","parseCreateAppInput"],"fullName":"RequestValidation integration parseCreateAppInput throws VALIDATION_ERROR when body is an array","status":"passed","title":"throws VALIDATION_ERROR when body is an array","duration":0.17099999999999227,"failureMessages":[],"meta":{},"tags":[]},{"ancestorTitles":["RequestValidation integration","parseUpdateAppInput"],"fullName":"RequestValidation integration parseUpdateAppInput returns UpdateAppInput with appId only when body is empty","status":"passed","title":"returns UpdateAppInput with appId only when body is empty","duration":0.45130000000000337,"failureMessages":[],"meta":{},"tags":[]},{"ancestorTitles":["RequestValidation integration","parseUpdateAppInput"],"fullName":"RequestValidation integration parseUpdateAppInput includes trimmed name when provided","status":"passed","title":"includes trimmed name when provided","duration":0.19710000000003447,"failureMessages":[],"meta":{},"tags":[]},{"ancestorTitles":["RequestValidation integration","parseUpdateAppInput"],"fullName":"RequestValidation integration parseUpdateAppInput throws VALIDATION_ERROR when name is an empty string","status":"passed","title":"throws VALIDATION_ERROR when name is an empty string","duration":0.17309999999997672,"failureMessages":[],"meta":{},"tags":[]},{"ancestorTitles":["RequestValidation integration","parseUpdateAppInput"],"fullName":"RequestValidation integration parseUpdateAppInput throws VALIDATION_ERROR when name is not a string","status":"passed","title":"throws VALIDATION_ERROR when name is not a string","duration":0.09600000000000364,"failureMessages":[],"meta":{},"tags":[]},{"ancestorTitles":["RequestValidation integration","parseUpdateAppInput"],"fullName":"RequestValidation integration parseUpdateAppInput throws VALIDATION_ERROR when name exceeds 100 characters","status":"passed","title":"throws VALIDATION_ERROR when name exceeds 100 characters","duration":0.07960000000002765,"failureMessages":[],"meta":{},"tags":[]},{"ancestorTitles":["RequestValidation integration","parseUpdateAppInput"],"fullName":"RequestValidation integration parseUpdateAppInput ignores unknown extra fields","status":"passed","title":"ignores unknown extra fields","duration":0.07909999999998263,"failureMessages":[],"meta":{},"tags":[]},{"ancestorTitles":["RequestValidation integration","parseCreateTodoInput"],"fullName":"RequestValidation integration parseCreateTodoInput returns CreateTodoInput with appId and trimmed title","status":"passed","title":"returns CreateTodoInput with appId and trimmed title","duration":0.172300000000007,"failureMessages":[],"meta":{},"tags":[]},{"ancestorTitles":["RequestValidation integration","parseCreateTodoInput"],"fullName":"RequestValidation integration parseCreateTodoInput throws VALIDATION_ERROR when title is missing","status":"passed","title":"throws VALIDATION_ERROR when title is missing","duration":0.11759999999998172,"failureMessages":[],"meta":{},"tags":[]},{"ancestorTitles":["RequestValidation integration","parseCreateTodoInput"],"fullName":"RequestValidation integration parseCreateTodoInput throws VALIDATION_ERROR when title is a number","status":"passed","title":"throws VALIDATION_ERROR when title is a number","duration":0.08659999999997581,"failureMessages":[],"meta":{},"tags":[]},{"ancestorTitles":["RequestValidation integration","parseCreateTodoInput"],"fullName":"RequestValidation integration parseCreateTodoInput throws VALIDATION_ERROR when title is whitespace only","status":"passed","title":"throws VALIDATION_ERROR when title is whitespace only","duration":0.07400000000001228,"failureMessages":[],"meta":{},"tags":[]},{"ancestorTitles":["RequestValidation integration","parseCreateTodoInput"],"fullName":"RequestValidation integration parseCreateTodoInput throws VALIDATION_ERROR when title exceeds 200 characters","status":"passed","title":"throws VALIDATION_ERROR when title exceeds 200 characters","duration":0.06470000000001619,"failureMessages":[],"meta":{},"tags":[]},{"ancestorTitles":["RequestValidation integration","parseCreateTodoInput"],"fullName":"RequestValidation integration parseCreateTodoInput accepts a title of exactly 200 characters","status":"passed","title":"accepts a title of exactly 200 characters","duration":0.12229999999999563,"failureMessages":[],"meta":{},"tags":[]},{"ancestorTitles":["RequestValidation integration","parseCreateTodoInput"],"fullName":"RequestValidation integration parseCreateTodoInput preserves the appId in the returned input","status":"passed","title":"preserves the appId in the returned input","duration":0.11889999999999645,"failureMessages":[],"meta":{},"tags":[]},{"ancestorTitles":["RequestValidation integration","parseUpdateTodoInput"],"fullName":"RequestValidation integration parseUpdateTodoInput returns UpdateTodoInput with appId and todoId only when body is empty","status":"passed","title":"returns UpdateTodoInput with appId and todoId only when body is empty","duration":0.11530000000004748,"failureMessages":[],"meta":{},"tags":[]},{"ancestorTitles":["RequestValidation integration","parseUpdateTodoInput"],"fullName":"RequestValidation integration parseUpdateTodoInput includes trimmed title when provided","status":"passed","title":"includes trimmed title when provided","duration":0.06839999999999691,"failureMessages":[],"meta":{},"tags":[]},{"ancestorTitles":["RequestValidation integration","parseUpdateTodoInput"],"fullName":"RequestValidation integration parseUpdateTodoInput includes completed when provided as boolean true","status":"passed","title":"includes completed when provided as boolean true","duration":0.44599999999996953,"failureMessages":[],"meta":{},"tags":[]},{"ancestorTitles":["RequestValidation integration","parseUpdateTodoInput"],"fullName":"RequestValidation integration parseUpdateTodoInput includes completed when provided as boolean false","status":"passed","title":"includes completed when provided as boolean false","duration":0.10529999999999973,"failureMessages":[],"meta":{},"tags":[]},{"ancestorTitles":["RequestValidation integration","parseUpdateTodoInput"],"fullName":"RequestValidation integration parseUpdateTodoInput throws VALIDATION_ERROR when completed is a string","status":"passed","title":"throws VALIDATION_ERROR when completed is a string","duration":0.09719999999998663,"failureMessages":[],"meta":{},"tags":[]},{"ancestorTitles":["RequestValidation integration","parseUpdateTodoInput"],"fullName":"RequestValidation integration parseUpdateTodoInput throws VALIDATION_ERROR when title is an empty string","status":"passed","title":"throws VALIDATION_ERROR when title is an empty string","duration":0.06990000000001828,"failureMessages":[],"meta":{},"tags":[]},{"ancestorTitles":["RequestValidation integration","parseUpdateTodoInput"],"fullName":"RequestValidation integration parseUpdateTodoInput throws VALIDATION_ERROR when title exceeds 200 characters","status":"passed","title":"throws VALIDATION_ERROR when title exceeds 200 characters","duration":0.07019999999999982,"failureMessages":[],"meta":{},"tags":[]},{"ancestorTitles":["RequestValidation integration","parseUpdateTodoInput"],"fullName":"RequestValidation integration parseUpdateTodoInput accepts both title and completed together","status":"passed","title":"accepts both title and completed together","duration":0.07849999999996271,"failureMessages":[],"meta":{},"tags":[]},{"ancestorTitles":["RequestValidation integration","parseUpdateTodoInput"],"fullName":"RequestValidation integration parseUpdateTodoInput ignores unknown extra fields","status":"passed","title":"ignores unknown extra fields","duration":0.0665000000000191,"failureMessages":[],"meta":{},"tags":[]}],"startTime":1777126029448,"endTime":1777126029455.1052,"status":"passed","message":"","name":"C:/Users/Kazum/Desktop/programming/AI/website/tddTodoApp/backend/src/tests/integrations/controllers/request-validation.test.ts"},{"assertionResults":[{"ancestorTitles":["TodoController integration","create"],"fullName":"TodoController integration create returns 201 with success:true and todo DTO on valid input","status":"passed","title":"returns 201 with success:true and todo DTO on valid input","duration":4.554900000000032,"failureMessages":[],"meta":{},"tags":[]},{"ancestorTitles":["TodoController integration","create"],"fullName":"TodoController integration create DTO does not include deletedAt","status":"passed","title":"DTO does not include deletedAt","duration":0.5634999999999764,"failureMessages":[],"meta":{},"tags":[]},{"ancestorTitles":["TodoController integration","create"],"fullName":"TodoController integration create returns 422 when title is missing","status":"passed","title":"returns 422 when title is missing","duration":0.3310999999999922,"failureMessages":[],"meta":{},"tags":[]},{"ancestorTitles":["TodoController integration","create"],"fullName":"TodoController integration create returns 422 when title is not a string","status":"passed","title":"returns 422 when title is not a string","duration":0.21739999999999782,"failureMessages":[],"meta":{},"tags":[]},{"ancestorTitles":["TodoController integration","create"],"fullName":"TodoController integration create returns 422 when title is whitespace only","status":"passed","title":"returns 422 when title is whitespace only","duration":0.21719999999999118,"failureMessages":[],"meta":{},"tags":[]},{"ancestorTitles":["TodoController integration","create"],"fullName":"TodoController integration create returns 404 when the app does not exist","status":"passed","title":"returns 404 when the app does not exist","duration":0.22280000000000655,"failureMessages":[],"meta":{},"tags":[]},{"ancestorTitles":["TodoController integration","create"],"fullName":"TodoController integration create returns 422 when body is null","status":"passed","title":"returns 422 when body is null","duration":0.20429999999998927,"failureMessages":[],"meta":{},"tags":[]},{"ancestorTitles":["TodoController integration","list"],"fullName":"TodoController integration list returns 200 with empty array when no todos","status":"passed","title":"returns 200 with empty array when no todos","duration":0.2955000000000041,"failureMessages":[],"meta":{},"tags":[]},{"ancestorTitles":["TodoController integration","list"],"fullName":"TodoController integration list returns 200 with all todos for the app","status":"passed","title":"returns 200 with all todos for the app","duration":0.4201999999999657,"failureMessages":[],"meta":{},"tags":[]},{"ancestorTitles":["TodoController integration","list"],"fullName":"TodoController integration list returns 404 when the app does not exist","status":"passed","title":"returns 404 when the app does not exist","duration":0.19790000000000418,"failureMessages":[],"meta":{},"tags":[]},{"ancestorTitles":["TodoController integration","get"],"fullName":"TodoController integration get returns 200 with the correct todo","status":"passed","title":"returns 200 with the correct todo","duration":0.286200000000008,"failureMessages":[],"meta":{},"tags":[]},{"ancestorTitles":["TodoController integration","get"],"fullName":"TodoController integration get returns 404 for an unknown todoId","status":"passed","title":"returns 404 for an unknown todoId","duration":0.12350000000003547,"failureMessages":[],"meta":{},"tags":[]},{"ancestorTitles":["TodoController integration","get"],"fullName":"TodoController integration get returns 404 when the app does not exist","status":"passed","title":"returns 404 when the app does not exist","duration":0.08429999999998472,"failureMessages":[],"meta":{},"tags":[]},{"ancestorTitles":["TodoController integration","update"],"fullName":"TodoController integration update returns 200 with updated title","status":"passed","title":"returns 200 with updated title","duration":0.24610000000001264,"failureMessages":[],"meta":{},"tags":[]},{"ancestorTitles":["TodoController integration","update"],"fullName":"TodoController integration update returns 200 with completed set to true","status":"passed","title":"returns 200 with completed set to true","duration":0.17180000000001883,"failureMessages":[],"meta":{},"tags":[]},{"ancestorTitles":["TodoController integration","update"],"fullName":"TodoController integration update returns 422 when completed is not a boolean","status":"passed","title":"returns 422 when completed is not a boolean","duration":0.11040000000002692,"failureMessages":[],"meta":{},"tags":[]},{"ancestorTitles":["TodoController integration","update"],"fullName":"TodoController integration update returns 422 when updated title is empty","status":"passed","title":"returns 422 when updated title is empty","duration":0.10700000000002774,"failureMessages":[],"meta":{},"tags":[]},{"ancestorTitles":["TodoController integration","update"],"fullName":"TodoController integration update returns 404 for unknown todo","status":"passed","title":"returns 404 for unknown todo","duration":0.07960000000002765,"failureMessages":[],"meta":{},"tags":[]},{"ancestorTitles":["TodoController integration","update"],"fullName":"TodoController integration update returns 404 when app does not exist","status":"passed","title":"returns 404 when app does not exist","duration":0.07100000000002638,"failureMessages":[],"meta":{},"tags":[]},{"ancestorTitles":["TodoController integration","delete"],"fullName":"TodoController integration delete returns 200 with the soft-deleted todo","status":"passed","title":"returns 200 with the soft-deleted todo","duration":0.155900000000031,"failureMessages":[],"meta":{},"tags":[]},{"ancestorTitles":["TodoController integration","delete"],"fullName":"TodoController integration delete returns 404 for unknown todo","status":"passed","title":"returns 404 for unknown todo","duration":0.12870000000003756,"failureMessages":[],"meta":{},"tags":[]},{"ancestorTitles":["TodoController integration","delete"],"fullName":"TodoController integration delete returns 404 when app does not exist","status":"passed","title":"returns 404 when app does not exist","duration":0.07990000000000919,"failureMessages":[],"meta":{},"tags":[]}],"startTime":1777126029495,"endTime":1777126029505.1287,"status":"passed","message":"","name":"C:/Users/Kazum/Desktop/programming/AI/website/tddTodoApp/backend/src/tests/integrations/controllers/todo-controller.test.ts"},{"assertionResults":[{"ancestorTitles":["POST /api/v1/apps"],"fullName":"POST /api/v1/apps 201: creates an app with correct response shape","status":"passed","title":"201: creates an app with correct response shape","duration":16.20229999999998,"failureMessages":[],"meta":{},"tags":[]},{"ancestorTitles":["POST /api/v1/apps"],"fullName":"POST /api/v1/apps 422: missing name field","status":"passed","title":"422: missing name field","duration":0.8283999999999878,"failureMessages":[],"meta":{},"tags":[]},{"ancestorTitles":["POST /api/v1/apps"],"fullName":"POST /api/v1/apps 422: empty string name","status":"passed","title":"422: empty string name","duration":0.5454000000000292,"failureMessages":[],"meta":{},"tags":[]},{"ancestorTitles":["POST /api/v1/apps"],"fullName":"POST /api/v1/apps 422: whitespace-only name","status":"passed","title":"422: whitespace-only name","duration":0.5226000000000113,"failureMessages":[],"meta":{},"tags":[]},{"ancestorTitles":["POST /api/v1/apps"],"fullName":"POST /api/v1/apps 422: name exceeds 100 characters (101 chars)","status":"passed","title":"422: name exceeds 100 characters (101 chars)","duration":0.9282000000000039,"failureMessages":[],"meta":{},"tags":[]},{"ancestorTitles":["POST /api/v1/apps"],"fullName":"POST /api/v1/apps 201: name at exactly 100 characters is accepted","status":"passed","title":"201: name at exactly 100 characters is accepted","duration":0.5132999999999583,"failureMessages":[],"meta":{},"tags":[]},{"ancestorTitles":["POST /api/v1/apps"],"fullName":"POST /api/v1/apps 409: duplicate app name","status":"passed","title":"409: duplicate app name","duration":0.6381999999999834,"failureMessages":[],"meta":{},"tags":[]},{"ancestorTitles":["GET /api/v1/apps"],"fullName":"GET /api/v1/apps 200: returns an array","status":"passed","title":"200: returns an array","duration":0.5860999999999876,"failureMessages":[],"meta":{},"tags":[]},{"ancestorTitles":["GET /api/v1/apps"],"fullName":"GET /api/v1/apps 200: includes a previously created app","status":"passed","title":"200: includes a previously created app","duration":0.8001999999999612,"failureMessages":[],"meta":{},"tags":[]},{"ancestorTitles":["GET /api/v1/apps"],"fullName":"GET /api/v1/apps 200: excludes soft-deleted apps","status":"passed","title":"200: excludes soft-deleted apps","duration":0.7242999999999711,"failureMessages":[],"meta":{},"tags":[]},{"ancestorTitles":["GET /api/v1/apps"],"fullName":"GET /api/v1/apps 200: response items do not expose deletedAt","status":"passed","title":"200: response items do not expose deletedAt","duration":0.5943000000000325,"failureMessages":[],"meta":{},"tags":[]},{"ancestorTitles":["GET /api/v1/apps/:appId"],"fullName":"GET /api/v1/apps/:appId 200: returns the app","status":"passed","title":"200: returns the app","duration":0.5880000000000223,"failureMessages":[],"meta":{},"tags":[]},{"ancestorTitles":["GET /api/v1/apps/:appId"],"fullName":"GET /api/v1/apps/:appId 404: app does not exist","status":"passed","title":"404: app does not exist","duration":0.294399999999996,"failureMessages":[],"meta":{},"tags":[]},{"ancestorTitles":["GET /api/v1/apps/:appId"],"fullName":"GET /api/v1/apps/:appId 404: soft-deleted app is not found","status":"passed","title":"404: soft-deleted app is not found","duration":0.5129000000000019,"failureMessages":[],"meta":{},"tags":[]},{"ancestorTitles":["GET /api/v1/apps/:appId"],"fullName":"GET /api/v1/apps/:appId 200: response does not expose deletedAt","status":"passed","title":"200: response does not expose deletedAt","duration":0.4164000000000101,"failureMessages":[],"meta":{},"tags":[]},{"ancestorTitles":["PUT /api/v1/apps/:appId"],"fullName":"PUT /api/v1/apps/:appId 200: updates the app name","status":"passed","title":"200: updates the app name","duration":0.5808000000000106,"failureMessages":[],"meta":{},"tags":[]},{"ancestorTitles":["PUT /api/v1/apps/:appId"],"fullName":"PUT /api/v1/apps/:appId 422: empty name","status":"passed","title":"422: empty name","duration":0.40589999999997417,"failureMessages":[],"meta":{},"tags":[]},{"ancestorTitles":["PUT /api/v1/apps/:appId"],"fullName":"PUT /api/v1/apps/:appId 422: whitespace-only name","status":"passed","title":"422: whitespace-only name","duration":0.35789999999997235,"failureMessages":[],"meta":{},"tags":[]},{"ancestorTitles":["PUT /api/v1/apps/:appId"],"fullName":"PUT /api/v1/apps/:appId 422: name exceeds 100 characters","status":"passed","title":"422: name exceeds 100 characters","duration":0.41329999999999245,"failureMessages":[],"meta":{},"tags":[]},{"ancestorTitles":["PUT /api/v1/apps/:appId"],"fullName":"PUT /api/v1/apps/:appId 404: app does not exist","status":"passed","title":"404: app does not exist","duration":0.319500000000005,"failureMessages":[],"meta":{},"tags":[]},{"ancestorTitles":["PUT /api/v1/apps/:appId"],"fullName":"PUT /api/v1/apps/:appId 409: duplicate name when updating","status":"passed","title":"409: duplicate name when updating","duration":0.4826999999999657,"failureMessages":[],"meta":{},"tags":[]},{"ancestorTitles":["PUT /api/v1/apps/:appId"],"fullName":"PUT /api/v1/apps/:appId 200: updatedAt is later than createdAt after update","status":"passed","title":"200: updatedAt is later than createdAt after update","duration":11.021200000000022,"failureMessages":[],"meta":{},"tags":[]},{"ancestorTitles":["DELETE /api/v1/apps/:appId"],"fullName":"DELETE /api/v1/apps/:appId 200: soft-deletes the app and returns it","status":"passed","title":"200: soft-deletes the app and returns it","duration":0.337099999999964,"failureMessages":[],"meta":{},"tags":[]},{"ancestorTitles":["DELETE /api/v1/apps/:appId"],"fullName":"DELETE /api/v1/apps/:appId 200: deleted app no longer appears in GET /apps list","status":"passed","title":"200: deleted app no longer appears in GET /apps list","duration":0.38210000000003674,"failureMessages":[],"meta":{},"tags":[]},{"ancestorTitles":["DELETE /api/v1/apps/:appId"],"fullName":"DELETE /api/v1/apps/:appId 404: deleted app returns 404 on GET detail","status":"passed","title":"404: deleted app returns 404 on GET detail","duration":0.2699999999999818,"failureMessages":[],"meta":{},"tags":[]},{"ancestorTitles":["DELETE /api/v1/apps/:appId"],"fullName":"DELETE /api/v1/apps/:appId 404: app does not exist","status":"passed","title":"404: app does not exist","duration":0.16180000000008476,"failureMessages":[],"meta":{},"tags":[]},{"ancestorTitles":["DELETE /api/v1/apps/:appId"],"fullName":"DELETE /api/v1/apps/:appId 200: cascade-deletes associated todos","status":"passed","title":"200: cascade-deletes associated todos","duration":0.9147000000000389,"failureMessages":[],"meta":{},"tags":[]}],"startTime":1777126029591,"endTime":1777126029631.9148,"status":"passed","message":"","name":"C:/Users/Kazum/Desktop/programming/AI/website/tddTodoApp/backend/src/tests/integrations/infrastructure/app.test.ts"},{"assertionResults":[{"ancestorTitles":["HonoApp integration","root route"],"fullName":"HonoApp integration root route GET / returns 200 with text response","status":"passed","title":"GET / returns 200 with text response","duration":18.23399999999998,"failureMessages":[],"meta":{},"tags":[]},{"ancestorTitles":["HonoApp integration","unknown routes"],"fullName":"HonoApp integration unknown routes GET /unknown returns 404","status":"passed","title":"GET /unknown returns 404","duration":1.236099999999965,"failureMessages":[],"meta":{},"tags":[]},{"ancestorTitles":["HonoApp integration","unknown routes"],"fullName":"HonoApp integration unknown routes GET /api/v1/unknown returns 404","status":"passed","title":"GET /api/v1/unknown returns 404","duration":0.6447000000000003,"failureMessages":[],"meta":{},"tags":[]},{"ancestorTitles":["HonoApp integration","unknown routes"],"fullName":"HonoApp integration unknown routes POST /api/v1/unknown returns 404","status":"passed","title":"POST /api/v1/unknown returns 404","duration":0.6633999999999673,"failureMessages":[],"meta":{},"tags":[]},{"ancestorTitles":["HonoApp integration","Content-Type header"],"fullName":"HonoApp integration Content-Type header GET /api/v1/apps returns application/json Content-Type","status":"passed","title":"GET /api/v1/apps returns application/json Content-Type","duration":0.7427999999999884,"failureMessages":[],"meta":{},"tags":[]},{"ancestorTitles":["HonoApp integration","Content-Type header"],"fullName":"HonoApp integration Content-Type header POST /api/v1/apps returns application/json Content-Type on success","status":"passed","title":"POST /api/v1/apps returns application/json Content-Type on success","duration":1.7466999999999757,"failureMessages":[],"meta":{},"tags":[]},{"ancestorTitles":["HonoApp integration","Content-Type header"],"fullName":"HonoApp integration Content-Type header POST /api/v1/apps returns application/json Content-Type on error","status":"passed","title":"POST /api/v1/apps returns application/json Content-Type on error","duration":0.9089999999999918,"failureMessages":[],"meta":{},"tags":[]},{"ancestorTitles":["HonoApp integration","malformed body handling"],"fullName":"HonoApp integration malformed body handling POST with non-JSON body falls back to empty body (returns 422)","status":"passed","title":"POST with non-JSON body falls back to empty body (returns 422)","duration":0.6427000000000476,"failureMessages":[],"meta":{},"tags":[]},{"ancestorTitles":["HonoApp integration","malformed body handling"],"fullName":"HonoApp integration malformed body handling PUT with no body falls back to empty body (returns 422 for missing name)","status":"passed","title":"PUT with no body falls back to empty body (returns 422 for missing name)","duration":1.670000000000016,"failureMessages":[],"meta":{},"tags":[]},{"ancestorTitles":["HonoApp integration","all app routes are wired"],"fullName":"HonoApp integration all app routes are wired POST /api/v1/apps creates an app (201)","status":"passed","title":"POST /api/v1/apps creates an app (201)","duration":1.2382000000000062,"failureMessages":[],"meta":{},"tags":[]},{"ancestorTitles":["HonoApp integration","all app routes are wired"],"fullName":"HonoApp integration all app routes are wired GET /api/v1/apps lists apps (200)","status":"passed","title":"GET /api/v1/apps lists apps (200)","duration":0.43479999999999563,"failureMessages":[],"meta":{},"tags":[]},{"ancestorTitles":["HonoApp integration","all app routes are wired"],"fullName":"HonoApp integration all app routes are wired GET /api/v1/apps/:id gets app (200)","status":"passed","title":"GET /api/v1/apps/:id gets app (200)","duration":0.8997999999999706,"failureMessages":[],"meta":{},"tags":[]},{"ancestorTitles":["HonoApp integration","all app routes are wired"],"fullName":"HonoApp integration all app routes are wired PUT /api/v1/apps/:id updates app (200)","status":"passed","title":"PUT /api/v1/apps/:id updates app (200)","duration":0.8296999999999457,"failureMessages":[],"meta":{},"tags":[]},{"ancestorTitles":["HonoApp integration","all app routes are wired"],"fullName":"HonoApp integration all app routes are wired DELETE /api/v1/apps/:id deletes app (200)","status":"passed","title":"DELETE /api/v1/apps/:id deletes app (200)","duration":0.70150000000001,"failureMessages":[],"meta":{},"tags":[]},{"ancestorTitles":["HonoApp integration","all todo routes are wired"],"fullName":"HonoApp integration all todo routes are wired POST /api/v1/apps/:id/todos creates a todo (201)","status":"passed","title":"POST /api/v1/apps/:id/todos creates a todo (201)","duration":0.9331000000000245,"failureMessages":[],"meta":{},"tags":[]},{"ancestorTitles":["HonoApp integration","all todo routes are wired"],"fullName":"HonoApp integration all todo routes are wired GET /api/v1/apps/:id/todos lists todos (200)","status":"passed","title":"GET /api/v1/apps/:id/todos lists todos (200)","duration":0.7183999999999742,"failureMessages":[],"meta":{},"tags":[]}],"startTime":1777126029495,"endTime":1777126029528.7185,"status":"passed","message":"","name":"C:/Users/Kazum/Desktop/programming/AI/website/tddTodoApp/backend/src/tests/integrations/infrastructure/hono-app.test.ts"},{"assertionResults":[{"ancestorTitles":["InMemoryRepositories cross-repo integration","shared storage between app and todo repos"],"fullName":"InMemoryRepositories cross-repo integration shared storage between app and todo repos save in appRepo and retrieve from the same storage","status":"passed","title":"save in appRepo and retrieve from the same storage","duration":1.539199999999994,"failureMessages":[],"meta":{},"tags":[]},{"ancestorTitles":["InMemoryRepositories cross-repo integration","shared storage between app and todo repos"],"fullName":"InMemoryRepositories cross-repo integration shared storage between app and todo repos save in todoRepo and retrieve from the same storage","status":"passed","title":"save in todoRepo and retrieve from the same storage","duration":0.5264999999999986,"failureMessages":[],"meta":{},"tags":[]},{"ancestorTitles":["InMemoryRepositories cross-repo integration","shared storage between app and todo repos"],"fullName":"InMemoryRepositories cross-repo integration shared storage between app and todo repos both repos share the same storage instance (app deletion visible to todoRepo)","status":"passed","title":"both repos share the same storage instance (app deletion visible to todoRepo)","duration":1.3268999999999664,"failureMessages":[],"meta":{},"tags":[]},{"ancestorTitles":["InMemoryRepositories cross-repo integration","shared storage between app and todo repos"],"fullName":"InMemoryRepositories cross-repo integration shared storage between app and todo repos storage.clear() resets both repos at once","status":"passed","title":"storage.clear() resets both repos at once","duration":0.54200000000003,"failureMessages":[],"meta":{},"tags":[]},{"ancestorTitles":["InMemoryRepositories cross-repo integration","separate storage instances are isolated"],"fullName":"InMemoryRepositories cross-repo integration separate storage instances are isolated two separate storages do not share data","status":"passed","title":"two separate storages do not share data","duration":0.3902999999999679,"failureMessages":[],"meta":{},"tags":[]},{"ancestorTitles":["InMemoryRepositories cross-repo integration","app repo cross-repo cascade scenario"],"fullName":"InMemoryRepositories cross-repo integration app repo cross-repo cascade scenario manual cascade: soft-deleting todos after app delete removes them from active list","status":"passed","title":"manual cascade: soft-deleting todos after app delete removes them from active list","duration":0.31989999999996144,"failureMessages":[],"meta":{},"tags":[]},{"ancestorTitles":["InMemoryRepositories cross-repo integration","app repo cross-repo cascade scenario"],"fullName":"InMemoryRepositories cross-repo integration app repo cross-repo cascade scenario todos from one app are invisible to another app","status":"passed","title":"todos from one app are invisible to another app","duration":0.4923999999999751,"failureMessages":[],"meta":{},"tags":[]},{"ancestorTitles":["InMemoryRepositories cross-repo integration","repository returns clones (no mutation through returned reference)"],"fullName":"InMemoryRepositories cross-repo integration repository returns clones (no mutation through returned reference) mutating a returned app entity does not affect stored data","status":"passed","title":"mutating a returned app entity does not affect stored data","duration":0.2966999999999871,"failureMessages":[],"meta":{},"tags":[]},{"ancestorTitles":["InMemoryRepositories cross-repo integration","repository returns clones (no mutation through returned reference)"],"fullName":"InMemoryRepositories cross-repo integration repository returns clones (no mutation through returned reference) mutating a returned todo entity does not affect stored data","status":"passed","title":"mutating a returned todo entity does not affect stored data","duration":0.5982999999999947,"failureMessages":[],"meta":{},"tags":[]}],"startTime":1777126029449,"endTime":1777126029455.5984,"status":"passed","message":"","name":"C:/Users/Kazum/Desktop/programming/AI/website/tddTodoApp/backend/src/tests/integrations/infrastructure/in-memory-repositories.test.ts"},{"assertionResults":[{"ancestorTitles":["InMemoryStorage integration","createInMemoryStorage"],"fullName":"InMemoryStorage integration createInMemoryStorage creates storage with empty apps map","status":"passed","title":"creates storage with empty apps map","duration":2.2121999999999957,"failureMessages":[],"meta":{},"tags":[]},{"ancestorTitles":["InMemoryStorage integration","createInMemoryStorage"],"fullName":"InMemoryStorage integration createInMemoryStorage creates storage with empty todos map","status":"passed","title":"creates storage with empty todos map","duration":0.16849999999999454,"failureMessages":[],"meta":{},"tags":[]},{"ancestorTitles":["InMemoryStorage integration","createInMemoryStorage"],"fullName":"InMemoryStorage integration createInMemoryStorage apps and todos are separate Map instances","status":"passed","title":"apps and todos are separate Map instances","duration":0.6291000000000224,"failureMessages":[],"meta":{},"tags":[]},{"ancestorTitles":["InMemoryStorage integration","createInMemoryStorage"],"fullName":"InMemoryStorage integration createInMemoryStorage creates a fresh independent instance each time","status":"passed","title":"creates a fresh independent instance each time","duration":0.13769999999999527,"failureMessages":[],"meta":{},"tags":[]},{"ancestorTitles":["InMemoryStorage integration","direct Map operations"],"fullName":"InMemoryStorage integration direct Map operations can store and retrieve an app entity","status":"passed","title":"can store and retrieve an app entity","duration":0.13700000000000045,"failureMessages":[],"meta":{},"tags":[]},{"ancestorTitles":["InMemoryStorage integration","direct Map operations"],"fullName":"InMemoryStorage integration direct Map operations can store and retrieve a todo entity","status":"passed","title":"can store and retrieve a todo entity","duration":0.0963000000000136,"failureMessages":[],"meta":{},"tags":[]},{"ancestorTitles":["InMemoryStorage integration","clear()"],"fullName":"InMemoryStorage integration clear() empties the apps map","status":"passed","title":"empties the apps map","duration":0.20800000000002683,"failureMessages":[],"meta":{},"tags":[]},{"ancestorTitles":["InMemoryStorage integration","clear()"],"fullName":"InMemoryStorage integration clear() empties the todos map","status":"passed","title":"empties the todos map","duration":0.12199999999998568,"failureMessages":[],"meta":{},"tags":[]},{"ancestorTitles":["InMemoryStorage integration","clear()"],"fullName":"InMemoryStorage integration clear() clears both maps in a single call","status":"passed","title":"clears both maps in a single call","duration":0.3421000000000163,"failureMessages":[],"meta":{},"tags":[]},{"ancestorTitles":["InMemoryStorage integration","clear()"],"fullName":"InMemoryStorage integration clear() is idempotent — calling clear() twice does not throw","status":"passed","title":"is idempotent — calling clear() twice does not throw","duration":0.6014999999999873,"failureMessages":[],"meta":{},"tags":[]},{"ancestorTitles":["InMemoryStorage integration","clear()"],"fullName":"InMemoryStorage integration clear() maps are still usable after clear()","status":"passed","title":"maps are still usable after clear()","duration":0.17830000000000723,"failureMessages":[],"meta":{},"tags":[]}],"startTime":1777126029450,"endTime":1777126029455.1782,"status":"passed","message":"","name":"C:/Users/Kazum/Desktop/programming/AI/website/tddTodoApp/backend/src/tests/integrations/infrastructure/in-memory-storage.test.ts"},{"assertionResults":[{"ancestorTitles":["GET /"],"fullName":"GET / when the root endpoint is requested, then it returns the greeting text","status":"passed","title":"when the root endpoint is requested, then it returns the greeting text","duration":15.16270000000003,"failureMessages":[],"meta":{},"tags":[]}],"startTime":1777126029591,"endTime":1777126029606.1626,"status":"passed","message":"","name":"C:/Users/Kazum/Desktop/programming/AI/website/tddTodoApp/backend/src/tests/integrations/infrastructure/index.test.ts"},{"assertionResults":[{"ancestorTitles":["Registry integration","createBackendRegistry"],"fullName":"Registry integration createBackendRegistry returns an object with app and clearStorage","status":"passed","title":"returns an object with app and clearStorage","duration":1.9177999999999997,"failureMessages":[],"meta":{},"tags":[]},{"ancestorTitles":["Registry integration","createBackendRegistry"],"fullName":"Registry integration createBackendRegistry app is a Hono-compatible handler (has request method)","status":"passed","title":"app is a Hono-compatible handler (has request method)","duration":0.18200000000001637,"failureMessages":[],"meta":{},"tags":[]},{"ancestorTitles":["Registry integration","createBackendRegistry"],"fullName":"Registry integration createBackendRegistry app responds to GET /","status":"passed","title":"app responds to GET /","duration":14.6832,"failureMessages":[],"meta":{},"tags":[]},{"ancestorTitles":["Registry integration","createBackendRegistry"],"fullName":"Registry integration createBackendRegistry app responds to GET /api/v1/apps with 200","status":"passed","title":"app responds to GET /api/v1/apps with 200","duration":1.749900000000025,"failureMessages":[],"meta":{},"tags":[]},{"ancestorTitles":["Registry integration","createBackendRegistry"],"fullName":"Registry integration createBackendRegistry clearStorage() empties persisted data","status":"passed","title":"clearStorage() empties persisted data","duration":3.334699999999998,"failureMessages":[],"meta":{},"tags":[]},{"ancestorTitles":["Registry integration","createBackendRegistry"],"fullName":"Registry integration createBackendRegistry each call to createBackendRegistry creates an isolated registry","status":"passed","title":"each call to createBackendRegistry creates an isolated registry","duration":1.274499999999989,"failureMessages":[],"meta":{},"tags":[]}],"startTime":1777126029506,"endTime":1777126029529.
[...]
 excluded by id (self-check)","status":"passed","title":"returns false when the only matching entity is excluded by id (self-check)","duration":0.08480000000000132,"failureMessages":[],"meta":{},"tags":[]},{"ancestorTitles":["AppRepository contract","existsActiveByName"],"fullName":"AppRepository contract existsActiveByName returns true when another entity (not excluded by id) has the same name","status":"passed","title":"returns true when another entity (not excluded by id) has the same name","duration":0.09260000000000446,"failureMessages":[],"meta":{},"tags":[]}],"startTime":1777126029460,"endTime":1777126029466.0925,"status":"passed","message":"","name":"C:/Users/Kazum/Desktop/programming/AI/website/tddTodoApp/backend/src/tests/integrations/repositories/app-repository.test.ts"},{"assertionResults":[{"ancestorTitles":["TodoRepository contract","save + findActiveById"],"fullName":"TodoRepository contract save + findActiveById persisted entity is retrievable by appId and todoId","status":"passed","title":"persisted entity is retrievable by appId and todoId","duration":1.7117999999999824,"failureMessages":[],"meta":{},"tags":[]},{"ancestorTitles":["TodoRepository contract","save + findActiveById"],"fullName":"TodoRepository contract save + findActiveById returns null for an unknown todoId","status":"passed","title":"returns null for an unknown todoId","duration":0.19880000000000564,"failureMessages":[],"meta":{},"tags":[]},{"ancestorTitles":["TodoRepository contract","save + findActiveById"],"fullName":"TodoRepository contract save + findActiveById returns null when appId does not match the stored todo","status":"passed","title":"returns null when appId does not match the stored todo","duration":0.16209999999995262,"failureMessages":[],"meta":{},"tags":[]},{"ancestorTitles":["TodoRepository contract","save + findActiveById"],"fullName":"TodoRepository contract save + findActiveById returns null for a soft-deleted entity","status":"passed","title":"returns null for a soft-deleted entity","duration":0.19319999999999027,"failureMessages":[],"meta":{},"tags":[]},{"ancestorTitles":["TodoRepository contract","save + findActiveById"],"fullName":"TodoRepository contract save + findActiveById overwriting with the same id updates the entity","status":"passed","title":"overwriting with the same id updates the entity","duration":0.2366999999999848,"failureMessages":[],"meta":{},"tags":[]},{"ancestorTitles":["TodoRepository contract","save + findActiveById"],"fullName":"TodoRepository contract save + findActiveById returned entity is a defensive copy, not the original reference","status":"passed","title":"returned entity is a defensive copy, not the original reference","duration":0.6846999999999639,"failureMessages":[],"meta":{},"tags":[]},{"ancestorTitles":["TodoRepository contract","listActiveByAppId"],"fullName":"TodoRepository contract listActiveByAppId returns empty array when no todos exist for the appId","status":"passed","title":"returns empty array when no todos exist for the appId","duration":0.2686999999999671,"failureMessages":[],"meta":{},"tags":[]},{"ancestorTitles":["TodoRepository contract","listActiveByAppId"],"fullName":"TodoRepository contract listActiveByAppId returns active todos for the given appId","status":"passed","title":"returns active todos for the given appId","duration":0.7214999999999918,"failureMessages":[],"meta":{},"tags":[]},{"ancestorTitles":["TodoRepository contract","listActiveByAppId"],"fullName":"TodoRepository contract listActiveByAppId excludes todos belonging to a different appId","status":"passed","title":"excludes todos belonging to a different appId","duration":0.8346000000000231,"failureMessages":[],"meta":{},"tags":[]},{"ancestorTitles":["TodoRepository contract","listActiveByAppId"],"fullName":"TodoRepository contract listActiveByAppId excludes soft-deleted todos","status":"passed","title":"excludes soft-deleted todos","duration":0.4322999999999979,"failureMessages":[],"meta":{},"tags":[]}],"startTime":1777126029445,"endTime":1777126029451.4324,"status":"passed","message":"","name":"C:/Users/Kazum/Desktop/programming/AI/website/tddTodoApp/backend/src/tests/integrations/repositories/todo-repository.test.ts"},{"assertionResults":[{"ancestorTitles":["AppInteractor integration","create"],"fullName":"AppInteractor integration create creates an app with a UUID id and ISO timestamps","status":"passed","title":"creates an app with a UUID id and ISO timestamps","duration":5.209199999999953,"failureMessages":[],"meta":{},"tags":[]},{"ancestorTitles":["AppInteractor integration","create"],"fullName":"AppInteractor integration create createdAt equals updatedAt on initial creation","status":"passed","title":"createdAt equals updatedAt on initial creation","duration":0.22289999999998145,"failureMessages":[],"meta":{},"tags":[]},{"ancestorTitles":["AppInteractor integration","create"],"fullName":"AppInteractor integration create persists to repository so it appears in list","status":"passed","title":"persists to repository so it appears in list","duration":0.21030000000001792,"failureMessages":[],"meta":{},"tags":[]},{"ancestorTitles":["AppInteractor integration","create"],"fullName":"AppInteractor integration create throws CONFLICT when the name is already taken","status":"passed","title":"throws CONFLICT when the name is already taken","duration":1.3521000000000072,"failureMessages":[],"meta":{},"tags":[]},{"ancestorTitles":["AppInteractor integration","create"],"fullName":"AppInteractor integration create allows creating two apps with different names","status":"passed","title":"allows creating two apps with different names","duration":0.37299999999999045,"failureMessages":[],"meta":{},"tags":[]},{"ancestorTitles":["AppInteractor integration","list"],"fullName":"AppInteractor integration list returns an empty array when no apps exist","status":"passed","title":"returns an empty array when no apps exist","duration":0.30419999999998026,"failureMessages":[],"meta":{},"tags":[]},{"ancestorTitles":["AppInteractor integration","list"],"fullName":"AppInteractor integration list returns all created apps","status":"passed","title":"returns all created apps","duration":0.6680000000000064,"failureMessages":[],"meta":{},"tags":[]},{"ancestorTitles":["AppInteractor integration","list"],"fullName":"AppInteractor integration list excludes soft-deleted apps","status":"passed","title":"excludes soft-deleted apps","duration":0.359800000000007,"failureMessages":[],"meta":{},"tags":[]},{"ancestorTitles":["AppInteractor integration","get"],"fullName":"AppInteractor integration get returns the correct app by id","status":"passed","title":"returns the correct app by id","duration":0.4671999999999912,"failureMessages":[],"meta":{},"tags":[]},{"ancestorTitles":["AppInteractor integration","get"],"fullName":"AppInteractor integration get throws NOT_FOUND for an unknown id","status":"passed","title":"throws NOT_FOUND for an unknown id","duration":0.24149999999997362,"failureMessages":[],"meta":{},"tags":[]},{"ancestorTitles":["AppInteractor integration","get"],"fullName":"AppInteractor integration get throws NOT_FOUND for a soft-deleted app","status":"passed","title":"throws NOT_FOUND for a soft-deleted app","duration":0.268600000000049,"failureMessages":[],"meta":{},"tags":[]},{"ancestorTitles":["AppInteractor integration","update"],"fullName":"AppInteractor integration update updates the app name and returns the new entity","status":"passed","title":"updates the app name and returns the new entity","duration":0.19200000000000728,"failureMessages":[],"meta":{},"tags":[]},{"ancestorTitles":["AppInteractor integration","update"],"fullName":"AppInteractor integration update preserves original name when no name is given in the update","status":"passed","title":"preserves original name when no name is given in the update","duration":0.09600000000000364,"failureMessages":[],"meta":{},"tags":[]},{"ancestorTitles":["AppInteractor integration","update"],"fullName":"AppInteractor integration update allows updating to the same name (self-exclusion)","status":"passed","title":"allows updating to the same name (self-exclusion)","duration":0.0765999999999849,"failureMessages":[],"meta":{},"tags":[]},{"ancestorTitles":["AppInteractor integration","update"],"fullName":"AppInteractor integration update throws CONFLICT when the new name is taken by another app","status":"passed","title":"throws CONFLICT when the new name is taken by another app","duration":0.22090000000002874,"failureMessages":[],"meta":{},"tags":[]},{"ancestorTitles":["AppInteractor integration","update"],"fullName":"AppInteractor integration update throws NOT_FOUND for an unknown app","status":"passed","title":"throws NOT_FOUND for an unknown app","duration":1.1569000000000074,"failureMessages":[],"meta":{},"tags":[]},{"ancestorTitles":["AppInteractor integration","delete"],"fullName":"AppInteractor integration delete soft-deletes the app and returns it with deletedAt set","status":"passed","title":"soft-deletes the app and returns it with deletedAt set","duration":0.19429999999999836,"failureMessages":[],"meta":{},"tags":[]},{"ancestorTitles":["AppInteractor integration","delete"],"fullName":"AppInteractor integration delete deleted app is no longer in the list","status":"passed","title":"deleted app is no longer in the list","duration":0.10590000000001965,"failureMessages":[],"meta":{},"tags":[]},{"ancestorTitles":["AppInteractor integration","delete"],"fullName":"AppInteractor integration delete cascade-deletes associated todos via shared repository","status":"passed","title":"cascade-deletes associated todos via shared repository","duration":0.17879999999996699,"failureMessages":[],"meta":{},"tags":[]},{"ancestorTitles":["AppInteractor integration","delete"],"fullName":"AppInteractor integration delete throws NOT_FOUND for an unknown app","status":"passed","title":"throws NOT_FOUND for an unknown app","duration":0.1308999999999969,"failureMessages":[],"meta":{},"tags":[]}],"startTime":1777126029449,"endTime":1777126029462.1787,"status":"passed","message":"","name":"C:/Users/Kazum/Desktop/programming/AI/website/tddTodoApp/backend/src/tests/integrations/services/app-interactor.test.ts"},{"assertionResults":[{"ancestorTitles":["AppUsecase interface contract"],"fullName":"AppUsecase interface contract createAppInteractor satisfies the AppUsecase interface","status":"passed","title":"createAppInteractor satisfies the AppUsecase interface","duration":2.4703999999999837,"failureMessages":[],"meta":{},"tags":[]},{"ancestorTitles":["AppUsecase interface contract"],"fullName":"AppUsecase interface contract create resolves to an AppEntity shape","status":"passed","title":"create resolves to an AppEntity shape","duration":3.6111999999999966,"failureMessages":[],"meta":{},"tags":[]},{"ancestorTitles":["AppUsecase interface contract"],"fullName":"AppUsecase interface contract list resolves to an array","status":"passed","title":"list resolves to an array","duration":0.2167999999999779,"failureMessages":[],"meta":{},"tags":[]},{"ancestorTitles":["AppUsecase interface contract"],"fullName":"AppUsecase interface contract get resolves to the app by id","status":"passed","title":"get resolves to the app by id","duration":0.19089999999999918,"failureMessages":[],"meta":{},"tags":[]},{"ancestorTitles":["AppUsecase interface contract"],"fullName":"AppUsecase interface contract update resolves to the modified app","status":"passed","title":"update resolves to the modified app","duration":0.24540000000001783,"failureMessages":[],"meta":{},"tags":[]},{"ancestorTitles":["AppUsecase interface contract"],"fullName":"AppUsecase interface contract delete resolves to the soft-deleted app","status":"passed","title":"delete resolves to the soft-deleted app","duration":0.26080000000001746,"failureMessages":[],"meta":{},"tags":[]}],"startTime":1777126029452,"endTime":1777126029459.2607,"status":"passed","message":"","name":"C:/Users/Kazum/Desktop/programming/AI/website/tddTodoApp/backend/src/tests/integrations/services/app-usecase.test.ts"},{"assertionResults":[{"ancestorTitles":["TodoInteractor integration","create"],"fullName":"TodoInteractor integration create creates a todo with UUID id, correct appId, and ISO timestamps","status":"passed","title":"creates a todo with UUID id, correct appId, and ISO timestamps","duration":4.2070000000000505,"failureMessages":[],"meta":{},"tags":[]},{"ancestorTitles":["TodoInteractor integration","create"],"fullName":"TodoInteractor integration create persists to repository so it appears in list","status":"passed","title":"persists to repository so it appears in list","duration":0.34440000000000737,"failureMessages":[],"meta":{},"tags":[]},{"ancestorTitles":["TodoInteractor integration","create"],"fullName":"TodoInteractor integration create throws NOT_FOUND when the app does not exist","status":"passed","title":"throws NOT_FOUND when the app does not exist","duration":1.380800000000022,"failureMessages":[],"meta":{},"tags":[]},{"ancestorTitles":["TodoInteractor integration","list"],"fullName":"TodoInteractor integration list returns an empty array when no todos exist for the app","status":"passed","title":"returns an empty array when no todos exist for the app","duration":0.3866999999999621,"failureMessages":[],"meta":{},"tags":[]},{"ancestorTitles":["TodoInteractor integration","list"],"fullName":"TodoInteractor integration list returns all active todos for the app","status":"passed","title":"returns all active todos for the app","duration":0.8024000000000342,"failureMessages":[],"meta":{},"tags":[]},{"ancestorTitles":["TodoInteractor integration","list"],"fullName":"TodoInteractor integration list excludes soft-deleted todos","status":"passed","title":"excludes soft-deleted todos","duration":0.36779999999998836,"failureMessages":[],"meta":{},"tags":[]},{"ancestorTitles":["TodoInteractor integration","list"],"fullName":"TodoInteractor integration list throws NOT_FOUND when the app does not exist","status":"passed","title":"throws NOT_FOUND when the app does not exist","duration":0.2592999999999961,"failureMessages":[],"meta":{},"tags":[]},{"ancestorTitles":["TodoInteractor integration","get"],"fullName":"TodoInteractor integration get returns the correct todo by appId and todoId","status":"passed","title":"returns the correct todo by appId and todoId","duration":0.19559999999995625,"failureMessages":[],"meta":{},"tags":[]},{"ancestorTitles":["TodoInteractor integration","get"],"fullName":"TodoInteractor integration get throws NOT_FOUND for an unknown todoId","status":"passed","title":"throws NOT_FOUND for an unknown todoId","duration":0.4134999999999991,"failureMessages":[],"meta":{},"tags":[]},{"ancestorTitles":["TodoInteractor integration","get"],"fullName":"TodoInteractor integration get throws NOT_FOUND when the app does not exist","status":"passed","title":"throws NOT_FOUND when the app does not exist","duration":0.23140000000000782,"failureMessages":[],"meta":{},"tags":[]},{"ancestorTitles":["TodoInteractor integration","update"],"fullName":"TodoInteractor integration update updates the title","status":"passed","title":"updates the title","duration":0.29590000000001737,"failureMessages":[],"meta":{},"tags":[]},{"ancestorTitles":["TodoInteractor integration","update"],"fullName":"TodoInteractor integration update marks todo as completed","status":"passed","title":"marks todo as completed","duration":0.1862000000000421,"failureMessages":[],"meta":{},"tags":[]},{"ancestorTitles":["TodoInteractor integration","update"],"fullName":"TodoInteractor integration update marks a completed todo back to incomplete","status":"passed","title":"marks a completed todo back to incomplete","duration":0.13649999999995543,"failureMessages":[],"meta":{},"tags":[]},{"ancestorTitles":["TodoInteractor integration","update"],"fullName":"TodoInteractor integration update preserves title and completed when neither is updated","status":"passed","title":"preserves title and completed when neither is updated","duration":0.8652999999999906,"failureMessages":[],"meta":{},"tags":[]},{"ancestorTitles":["TodoInteractor integration","update"],"fullName":"TodoInteractor integration update throws NOT_FOUND for an unknown todo","status":"passed","title":"throws NOT_FOUND for an unknown todo","duration":0.34149999999999636,"failureMessages":[],"meta":{},"tags":[]},{"ancestorTitles":["TodoInteractor integration","update"],"fullName":"TodoInteractor integration update throws NOT_FOUND when the app does not exist","status":"passed","title":"throws NOT_FOUND when the app does not exist","duration":0.15899999999999181,"failureMessages":[],"meta":{},"tags":[]},{"ancestorTitles":["TodoInteractor integration","delete"],"fullName":"TodoInteractor integration delete soft-deletes the todo and returns it with deletedAt set","status":"passed","title":"soft-deletes the todo and returns it with deletedAt set","duration":0.23259999999999081,"failureMessages":[],"meta":{},"tags":[]},{"ancestorTitles":["TodoInteractor integration","delete"],"fullName":"TodoInteractor integration delete deleted todo is no longer in the list","status":"passed","title":"deleted todo is no longer in the list","duration":0.12169999999997572,"failureMessages":[],"meta":{},"tags":[]},{"ancestorTitles":["TodoInteractor integration","delete"],"fullName":"TodoInteractor integration delete throws NOT_FOUND for an unknown todo","status":"passed","title":"throws NOT_FOUND for an unknown todo","duration":0.1390999999999849,"failureMessages":[],"meta":{},"tags":[]},{"ancestorTitles":["TodoInteractor integration","delete"],"fullName":"TodoInteractor integration delete throws NOT_FOUND when the app does not exist","status":"passed","title":"throws NOT_FOUND when the app does not exist","duration":0.20699999999999363,"failureMessages":[],"meta":{},"tags":[]}],"startTime":1777126029462,"endTime":1777126029474.2327,"status":"passed","message":"","name":"C:/Users/Kazum/Desktop/programming/AI/website/tddTodoApp/backend/src/tests/integrations/services/todo-interactor.test.ts"},{"assertionResults":[{"ancestorTitles":["TodoUsecase interface contract"],"fullName":"TodoUsecase interface contract createTodoInteractor satisfies the TodoUsecase interface","status":"passed","title":"createTodoInteractor satisfies the TodoUsecase interface","duration":2.2257999999999925,"failureMessages":[],"meta":{},"tags":[]},{"ancestorTitles":["TodoUsecase interface contract"],"fullName":"TodoUsecase interface contract create resolves to a TodoEntity shape","status":"passed","title":"create resolves to a TodoEntity shape","duration":4.0031999999999925,"failureMessages":[],"meta":{},"tags":[]},{"ancestorTitles":["TodoUsecase interface contract"],"fullName":"TodoUsecase interface contract list resolves to an array","status":"passed","title":"list resolves to an array","duration":0.26019999999999754,"failureMessages":[],"meta":{},"tags":[]},{"ancestorTitles":["TodoUsecase interface contract"],"fullName":"TodoUsecase interface contract get resolves to the todo by appId and todoId","status":"passed","title":"get resolves to the todo by appId and todoId","duration":0.2441000000000031,"failureMessages":[],"meta":{},"tags":[]},{"ancestorTitles":["TodoUsecase interface contract"],"fullName":"TodoUsecase interface contract update resolves to the modified todo","status":"passed","title":"update resolves to the modified todo","duration":0.2674000000000092,"failureMessages":[],"meta":{},"tags":[]},{"ancestorTitles":["TodoUsecase interface contract"],"fullName":"TodoUsecase interface contract delete resolves to the soft-deleted todo","status":"passed","title":"delete resolves to the soft-deleted todo","duration":0.3247000000000071,"failureMessages":[],"meta":{},"tags":[]}],"startTime":1777126029465,"endTime":1777126029472.3247,"status":"passed","message":"","name":"C:/Users/Kazum/Desktop/programming/AI/website/tddTodoApp/backend/src/tests/integrations/services/todo-usecase.test.ts"}]}