{"numTotalTestSuites":150,"numPassedTestSuites":150,"numFailedTestSuites":0,"numPendingTestSuites":0,"numTotalTests":437,"numPassedTests":437,"numFailedTests":0,"numPendingTests":0,"numTodoTests":0,"snapshot":{"added":0,"failure":false,"filesAdded":0,"filesRemoved":0,"filesRemovedList":[],"filesUnmatched":0,"filesUpdated":0,"matched":0,"total":0,"unchecked":0,"uncheckedKeysByFile":[],"unmatched":0,"updated":0,"didUpdate":false},"startTime":1778505146193,"success":true,"testResults":[{"assertionResults":[{"ancestorTitles":["resolveApp"],"fullName":"resolveApp falls back to in-memory when NODE_ENV is production and no DB config is set","status":"passed","title":"falls back to in-memory when NODE_ENV is production and no DB config is set","duration":2.120400000000018,"failureMessages":[],"meta":{},"tags":[]},{"ancestorTitles":["resolveApp"],"fullName":"resolveApp falls back to in-memory when NODE_ENV is test regardless of DB config","status":"passed","title":"falls back to in-memory when NODE_ENV is test regardless of DB config","duration":0.5160999999999945,"failureMessages":[],"meta":{},"tags":[]}],"startTime":1778505146956,"endTime":1778505146958.516,"status":"passed","message":"","name":"C:/Users/Kazum/Desktop/programming/AI/website/tddTodoApp/backend/src/index.small.test.ts"},{"assertionResults":[{"ancestorTitles":["presentApp"],"fullName":"presentApp returns the correct DTO fields","status":"passed","title":"returns the correct DTO fields","duration":2.345899999999972,"failureMessages":[],"meta":{},"tags":[]},{"ancestorTitles":["presentApp"],"fullName":"presentApp does not include deletedAt in the output","status":"passed","title":"does not include deletedAt in the output","duration":0.4368999999999801,"failureMessages":[],"meta":{},"tags":[]},{"ancestorTitles":["presentApp"],"fullName":"presentApp works when deletedAt has a value on the entity","status":"passed","title":"works when deletedAt has a value on the entity","duration":0.23579999999998336,"failureMessages":[],"meta":{},"tags":[]},{"ancestorTitles":["presentTodo"],"fullName":"presentTodo returns the correct DTO fields","status":"passed","title":"returns the correct DTO fields","duration":0.387800000000027,"failureMessages":[],"meta":{},"tags":[]},{"ancestorTitles":["presentTodo"],"fullName":"presentTodo does not include deletedAt in the output","status":"passed","title":"does not include deletedAt in the output","duration":0.21769999999997935,"failureMessages":[],"meta":{},"tags":[]},{"ancestorTitles":["presentTodo"],"fullName":"presentTodo reflects completed: true","status":"passed","title":"reflects completed: true","duration":0.17090000000001737,"failureMessages":[],"meta":{},"tags":[]},{"ancestorTitles":["presentSuccess"],"fullName":"presentSuccess defaults to status 200","status":"passed","title":"defaults to status 200","duration":0.2685999999999922,"failureMessages":[],"meta":{},"tags":[]},{"ancestorTitles":["presentSuccess"],"fullName":"presentSuccess uses the provided status code","status":"passed","title":"uses the provided status code","duration":0.1753999999999678,"failureMessages":[],"meta":{},"tags":[]},{"ancestorTitles":["presentSuccess"],"fullName":"presentSuccess sets success to true","status":"passed","title":"sets success to true","duration":0.6363999999999805,"failureMessages":[],"meta":{},"tags":[]},{"ancestorTitles":["presentSuccess"],"fullName":"presentSuccess passes through the data payload","status":"passed","title":"passes through the data payload","duration":0.26830000000001064,"failureMessages":[],"meta":{},"tags":[]},{"ancestorTitles":["presentSuccess"],"fullName":"presentSuccess does not include an error field","status":"passed","title":"does not include an error field","duration":0.22169999999999845,"failureMessages":[],"meta":{},"tags":[]},{"ancestorTitles":["presentError"],"fullName":"presentError maps VALIDATION_ERROR to status 422","status":"passed","title":"maps VALIDATION_ERROR to status 422","duration":0.2448999999999728,"failureMessages":[],"meta":{},"tags":[]},{"ancestorTitles":["presentError"],"fullName":"presentError maps CONFLICT to status 409","status":"passed","title":"maps CONFLICT to status 409","duration":0.17910000000000537,"failureMessages":[],"meta":{},"tags":[]},{"ancestorTitles":["presentError"],"fullName":"presentError maps NOT_FOUND to status 404","status":"passed","title":"maps NOT_FOUND to status 404","duration":0.1261000000000081,"failureMessages":[],"meta":{},"tags":[]},{"ancestorTitles":["presentError"],"fullName":"presentError maps REPOSITORY_ERROR to status 500","status":"passed","title":"maps REPOSITORY_ERROR to status 500","duration":0.1261000000000081,"failureMessages":[],"meta":{},"tags":[]},{"ancestorTitles":["presentError"],"fullName":"presentError sets success to false","status":"passed","title":"sets success to false","duration":0.12049999999999272,"failureMessages":[],"meta":{},"tags":[]},{"ancestorTitles":["presentError"],"fullName":"presentError sets data to null","status":"passed","title":"sets data to null","duration":0.1320999999999799,"failureMessages":[],"meta":{},"tags":[]},{"ancestorTitles":["presentError"],"fullName":"presentError includes the error code and message in the body","status":"passed","title":"includes the error code and message in the body","duration":0.14240000000000919,"failureMessages":[],"meta":{},"tags":[]},{"ancestorTitles":["handleControllerError"],"fullName":"handleControllerError returns a JSON response for a known AppError","status":"passed","title":"returns a JSON response for a known AppError","duration":0.23460000000000036,"failureMessages":[],"meta":{},"tags":[]},{"ancestorTitles":["handleControllerError"],"fullName":"handleControllerError re-throws unknown errors","status":"passed","title":"re-throws unknown errors","duration":0.8804999999999836,"failureMessages":[],"meta":{},"tags":[]}],"startTime":1778505146683,"endTime":1778505146690.8806,"status":"passed","message":"","name":"C:/Users/Kazum/Desktop/programming/AI/website/tddTodoApp/backend/src/controllers/http-presenter.small.test.ts"},{"assertionResults":[{"ancestorTitles":["parseCreateAppInput"],"fullName":"parseCreateAppInput returns CreateAppInput with trimmed name for valid input","status":"passed","title":"returns CreateAppInput with trimmed name for valid input","duration":4.287899999999979,"failureMessages":[],"meta":{},"tags":[]},{"ancestorTitles":["parseCreateAppInput"],"fullName":"parseCreateAppInput trims surrounding whitespace from name","status":"passed","title":"trims surrounding whitespace from name","duration":0.5509999999999877,"failureMessages":[],"meta":{},"tags":[]},{"ancestorTitles":["parseCreateAppInput"],"fullName":"parseCreateAppInput accepts a name exactly 100 characters long","status":"passed","title":"accepts a name exactly 100 characters long","duration":0.3602999999999952,"failureMessages":[],"meta":{},"tags":[]},{"ancestorTitles":["parseCreateAppInput"],"fullName":"parseCreateAppInput throws VALIDATION_ERROR when name is missing","status":"passed","title":"throws VALIDATION_ERROR when name is missing","duration":1.309599999999989,"failureMessages":[],"meta":{},"tags":[]},{"ancestorTitles":["parseCreateAppInput"],"fullName":"parseCreateAppInput throws VALIDATION_ERROR when name is not a string","status":"passed","title":"throws VALIDATION_ERROR when name is not a string","duration":0.3047000000000253,"failureMessages":[],"meta":{},"tags":[]},{"ancestorTitles":["parseCreateAppInput"],"fullName":"parseCreateAppInput throws VALIDATION_ERROR when name is empty string","status":"passed","title":"throws VALIDATION_ERROR when name is empty string","duration":0.4641000000000304,"failureMessages":[],"meta":{},"tags":[]},{"ancestorTitles":["parseCreateAppInput"],"fullName":"parseCreateAppInput throws VALIDATION_ERROR when name is whitespace only","status":"passed","title":"throws VALIDATION_ERROR when name is whitespace only","duration":0.5390999999999622,"failureMessages":[],"meta":{},"tags":[]},{"ancestorTitles":["parseCreateAppInput"],"fullName":"parseCreateAppInput throws VALIDATION_ERROR when name exceeds 100 characters","status":"passed","title":"throws VALIDATION_ERROR when name exceeds 100 characters","duration":0.6342999999999961,"failureMessages":[],"meta":{},"tags":[]},{"ancestorTitles":["parseCreateAppInput"],"fullName":"parseCreateAppInput returns empty record when body is not an object","status":"passed","title":"returns empty record when body is not an object","duration":1.1218000000000075,"failureMessages":[],"meta":{},"tags":[]},{"ancestorTitles":["parseUpdateAppInput"],"fullName":"parseUpdateAppInput returns UpdateAppInput with appId and trimmed name","status":"passed","title":"returns UpdateAppInput with appId and trimmed name","duration":0.5783999999999878,"failureMessages":[],"meta":{},"tags":[]},{"ancestorTitles":["parseUpdateAppInput"],"fullName":"parseUpdateAppInput returns UpdateAppInput with only appId when name is not provided","status":"passed","title":"returns UpdateAppInput with only appId when name is not provided","duration":0.32929999999998927,"failureMessages":[],"meta":{},"tags":[]},{"ancestorTitles":["parseUpdateAppInput"],"fullName":"parseUpdateAppInput does not include name key when body has no name","status":"passed","title":"does not include name key when body has no name","duration":0.13049999999998363,"failureMessages":[],"meta":{},"tags":[]},{"ancestorTitles":["parseUpdateAppInput"],"fullName":"parseUpdateAppInput throws VALIDATION_ERROR when name is empty string","status":"passed","title":"throws VALIDATION_ERROR when name is empty string","duration":0.4855000000000018,"failureMessages":[],"meta":{},"tags":[]},{"ancestorTitles":["parseUpdateAppInput"],"fullName":"parseUpdateAppInput throws VALIDATION_ERROR when name is whitespace only","status":"passed","title":"throws VALIDATION_ERROR when name is whitespace only","duration":0.25600000000002865,"failureMessages":[],"meta":{},"tags":[]},{"ancestorTitles":["parseUpdateAppInput"],"fullName":"parseUpdateAppInput throws VALIDATION_ERROR when name exceeds 100 characters","status":"passed","title":"throws VALIDATION_ERROR when name exceeds 100 characters","duration":0.28860000000003083,"failureMessages":[],"meta":{},"tags":[]},{"ancestorTitles":["parseCreateTodoInput"],"fullName":"parseCreateTodoInput returns CreateTodoInput with appId and trimmed title","status":"passed","title":"returns CreateTodoInput with appId and trimmed title","duration":0.4411000000000058,"failureMessages":[],"meta":{},"tags":[]},{"ancestorTitles":["parseCreateTodoInput"],"fullName":"parseCreateTodoInput trims surrounding whitespace from title","status":"passed","title":"trims surrounding whitespace from title","duration":0.14039999999999964,"failureMessages":[],"meta":{},"tags":[]},{"ancestorTitles":["parseCreateTodoInput"],"fullName":"parseCreateTodoInput accepts a title exactly 200 characters long","status":"passed","title":"accepts a title exactly 200 characters long","duration":0.1600999999999999,"failureMessages":[],"meta":{},"tags":[]},{"ancestorTitles":["parseCreateTodoInput"],"fullName":"parseCreateTodoInput throws VALIDATION_ERROR when title is missing","status":"passed","title":"throws VALIDATION_ERROR when title is missing","duration":0.3533999999999651,"failureMessages":[],"meta":{},"tags":[]},{"ancestorTitles":["parseCreateTodoInput"],"fullName":"parseCreateTodoInput throws VALIDATION_ERROR when title is not a string","status":"passed","title":"throws VALIDATION_ERROR when title is not a string","duration":0.22550000000001091,"failureMessages":[],"meta":{},"tags":[]},{"ancestorTitles":["parseCreateTodoInput"],"fullName":"parseCreateTodoInput throws VALIDATION_ERROR when title is empty string","status":"passed","title":"throws VALIDATION_ERROR when title is empty string","duration":0.14320000000003574,"failureMessages":[],"meta":{},"tags":[]},{"ancestorTitles":["parseCreateTodoInput"],"fullName":"parseCreateTodoInput throws VALIDATION_ERROR when title is whitespace only","status":"passed","title":"throws VALIDATION_ERROR when title is whitespace only","duration":0.17489999999997963,"failureMessages":[],"meta":{},"tags":[]},{"ancestorTitles":["parseCreateTodoInput"],"fullName":"parseCreateTodoInput throws VALIDATION_ERROR when title exceeds 200 characters","status":"passed","title":"throws VALIDATION_ERROR when title exceeds 200 characters","duration":0.12329999999997199,"failureMessages":[],"meta":{},"tags":[]},{"ancestorTitles":["parseUpdateTodoInput"],"fullName":"parseUpdateTodoInput returns UpdateTodoInput with appId, todoId, and trimmed title","status":"passed","title":"returns UpdateTodoInput with appId, todoId, and trimmed title","duration":0.33099999999996044,"failureMessages":[],"meta":{},"tags":[]},{"ancestorTitles":["parseUpdateTodoInput"],"fullName":"parseUpdateTodoInput returns UpdateTodoInput with completed field","status":"passed","title":"returns UpdateTodoInput with completed field","duration":0.20270000000004984,"failureMessages":[],"meta":{},"tags":[]},{"ancestorTitles":["parseUpdateTodoInput"],"fullName":"parseUpdateTodoInput accepts completed: false","status":"passed","title":"accepts completed: false","duration":0.091700000000003,"failureMessages":[],"meta":{},"tags":[]},{"ancestorTitles":["parseUpdateTodoInput"],"fullName":"parseUpdateTodoInput returns base input when body has no fields","status":"passed","title":"returns base input when body has no fields","duration":0.1280999999999608,"failureMessages":[],"meta":{},"tags":[]},{"ancestorTitles":["parseUpdateTodoInput"],"fullName":"parseUpdateTodoInput throws VALIDATION_ERROR when title is empty","status":"passed","title":"throws VALIDATION_ERROR when title is empty","duration":0.26380000000000337,"failureMessages":[],"meta":{},"tags":[]},{"ancestorTitles":["parseUpdateTodoInput"],"fullName":"parseUpdateTodoInput throws VALIDATION_ERROR when title is whitespace only","status":"passed","title":"throws VALIDATION_ERROR when title is whitespace only","duration":0.13450000000000273,"failureMessages":[],"meta":{},"tags":[]},{"ancestorTitles":["parseUpdateTodoInput"],"fullName":"parseUpdateTodoInput throws VALIDATION_ERROR when title exceeds 200 characters","status":"passed","title":"throws VALIDATION_ERROR when title exceeds 200 characters","duration":0.1956000000000131,"failureMessages":[],"meta":{},"tags":[]},{"ancestorTitles":["parseUpdateTodoInput"],"fullName":"parseUpdateTodoInput throws VALIDATION_ERROR when completed is not a boolean","status":"passed","title":"throws VALIDATION_ERROR when completed is not a boolean","duration":0.16789999999997463,"failureMessages":[],"meta":{},"tags":[]},{"ancestorTitles":["parseUpdateTodoInput"],"fullName":"parseUpdateTodoInput throws VALIDATION_ERROR when completed is a number","status":"passed","title":"throws VALIDATION_ERROR when completed is a number","duration":0.10669999999998936,"failureMessages":[],"meta":{},"tags":[]}],"startTime":1778505146743,"endTime":1778505146759.1956,"status":"passed","message":"","name":"C:/Users/Kazum/Desktop/programming/AI/website/tddTodoApp/backend/src/controllers/request-validation.small.test.ts"},{"assertionResults":[{"ancestorTitles":["createInMemoryAppRepository","save / findActiveById"],"fullName":"createInMemoryAppRepository save / findActiveById stores and retrieves an app by id","status":"passed","title":"stores and retrieves an app by id","duration":2.696199999999976,"failureMessages":[],"meta":{},"tags":[]},{"ancestorTitles":["createInMemoryAppRepository","save / findActiveById"],"fullName":"createInMemoryAppRepository save / findActiveById returns null for an unknown id","status":"passed","title":"returns null for an unknown id","duration":0.36719999999996844,"failureMessages":[],"meta":{},"tags":[]},{"ancestorTitles":["createInMemoryAppRepository","save / findActiveById"],"fullName":"createInMemoryAppRepository save / findActiveById returns null for a soft-deleted app","status":"passed","title":"returns null for a soft-deleted app","duration":0.3129999999999882,"failureMessages":[],"meta":{},"tags":[]},{"ancestorTitles":["createInMemoryAppRepository","save / findActiveById"],"fullName":"createInMemoryAppRepository save / findActiveById returns a copy, not the original reference","status":"passed","title":"returns a copy, not the original reference","duration":0.7054999999999723,"failureMessages":[],"meta":{},"tags":[]},{"ancestorTitles":["createInMemoryAppRepository","save / findActiveById"],"fullName":"createInMemoryAppRepository save / findActiveById overwrites the app on repeated saves","status":"passed","title":"overwrites the app on repeated saves","duration":0.34700000000003683,"failureMessages":[],"meta":{},"tags":[]},{"ancestorTitles":["createInMemoryAppRepository","listActive"],"fullName":"createInMemoryAppRepository listActive returns all active (non-deleted) apps","status":"passed","title":"returns all active (non-deleted) apps","duration":0.9640999999999735,"failureMessages":[],"meta":{},"tags":[]},{"ancestorTitles":["createInMemoryAppRepository","listActive"],"fullName":"createInMemoryAppRepository listActive excludes soft-deleted apps","status":"passed","title":"excludes soft-deleted apps","duration":0.45640000000003056,"failureMessages":[],"meta":{},"tags":[]},{"ancestorTitles":["createInMemoryAppRepository","listActive"],"fullName":"createInMemoryAppRepository listActive returns an empty array when no apps exist","status":"passed","title":"returns an empty array when no apps exist","duration":0.18959999999998445,"failureMessages":[],"meta":{},"tags":[]},{"ancestorTitles":["createInMemoryAppRepository","existsActiveByName"],"fullName":"createInMemoryAppRepository existsActiveByName returns true when an active app with the name exists","status":"passed","title":"returns true when an active app with the name exists","duration":0.47970000000003665,"failureMessages":[],"meta":{},"tags":[]},{"ancestorTitles":["createInMemoryAppRepository","existsActiveByName"],"fullName":"createInMemoryAppRepository existsActiveByName returns false when no app with the name exists","status":"passed","title":"returns false when no app with the name exists","duration":0.2068999999999619,"failureMessages":[],"meta":{},"tags":[]},{"ancestorTitles":["createInMemoryAppRepository","existsActiveByName"],"fullName":"createInMemoryAppRepository existsActiveByName returns false for a soft-deleted app with the same name","status":"passed","title":"returns false for a soft-deleted app with the same name","duration":0.23579999999998336,"failureMessages":[],"meta":{},"tags":[]},{"ancestorTitles":["createInMemoryAppRepository","existsActiveByName"],"fullName":"createInMemoryAppRepository existsActiveByName returns false when the only match is the excluded id","status":"passed","title":"returns false when the only match is the excluded id","duration":0.11259999999998627,"failureMessages":[],"meta":{},"tags":[]},{"ancestorTitles":["createInMemoryAppRepository","existsActiveByName"],"fullName":"createInMemoryAppRepository existsActiveByName returns true when another app has the same name (excluding self)","status":"passed","title":"returns true when another app has the same name (excluding self)","duration":0.10050000000001091,"failureMessages":[],"meta":{},"tags":[]},{"ancestorTitles":["createInMemoryTodoRepository","save / findActiveById"],"fullName":"createInMemoryTodoRepository save / findActiveById stores and retrieves a todo by appId and todoId","status":"passed","title":"stores and retrieves a todo by appId and todoId","duration":0.38470000000000937,"failureMessages":[],"meta":{},"tags":[]},{"ancestorTitles":["createInMemoryTodoRepository","save / findActiveById"],"fullName":"createInMemoryTodoRepository save / findActiveById returns null for an unknown todo id","status":"passed","title":"returns null for an unknown todo id","duration":0.1338999999999828,"failureMessages":[],"meta":{},"tags":[]},{"ancestorTitles":["createInMemoryTodoRepository","save / findActiveById"],"fullName":"createInMemoryTodoRepository save / findActiveById returns null when appId does not match","status":"passed","title":"returns null when appId does not match","duration":0.11000000000001364,"failureMessages":[],"meta":{},"tags":[]},{"ancestorTitles":["createInMemoryTodoRepository","save / findActiveById"],"fullName":"createInMemoryTodoRepository save / findActiveById returns null for a soft-deleted todo","status":"passed","title":"returns null for a soft-deleted todo","duration":0.10039999999997917,"failureMessages":[],"meta":{},"tags":[]},{"ancestorTitles":["createInMemoryTodoRepository","save / findActiveById"],"fullName":"createInMemoryTodoRepository save / findActiveById returns a copy, not the original reference","status":"passed","title":"returns a copy, not the original reference","duration":0.14990000000000236,"failureMessages":[],"meta":{},"tags":[]},{"ancestorTitles":["createInMemoryTodoRepository","listActiveByAppId"],"fullName":"createInMemoryTodoRepository listActiveByAppId returns active todos for the given appId","status":"passed","title":"returns active todos for the given appId","duration":0.36149999999997817,"failureMessages":[],"meta":{},"tags":[]},{"ancestorTitles":["createInMemoryTodoRepository","listActiveByAppId"],"fullName":"createInMemoryTodoRepository listActiveByAppId excludes todos from a different app","status":"passed","title":"excludes todos from a different app","duration":0.2658000000000129,"failureMessages":[],"meta":{},"tags":[]},{"ancestorTitles":["createInMemoryTodoRepository","listActiveByAppId"],"fullName":"createInMemoryTodoRepository listActiveByAppId excludes soft-deleted todos","status":"passed","title":"excludes soft-deleted todos","duration":0.3442999999999756,"failureMessages":[],"meta":{},"tags":[]},{"ancestorTitles":["createInMemoryTodoRepository","listActiveByAppId"],"fullName":"createInMemoryTodoRepository listActiveByAppId returns an empty array when no todos exist for the appId","status":"passed","title":"returns an empty array when no todos exist for the appId","duration":0.14889999999996917,"failureMessages":[],"meta":{},"tags":[]},{"ancestorTitles":["createInMemoryTodoRepository","REPOSITORY_ERROR wrapping"],"fullName":"createInMemoryTodoRepository REPOSITORY_ERROR wrapping save on a corrupted storage wraps the error as AppError","status":"passed","title":"save on a corrupted storage wraps the error as AppError","duration":4.023900000000026,"failureMessages":[],"meta":{},"tags":[]}],"startTime":1778505146676,"endTime":1778505146690.024,"status":"passed","message":"","name":"C:/Users/Kazum/Desktop/programming/AI/website/tddTodoApp/backend/src/infrastructure/in-memory-repositories.small.test.ts"},{"assertionResults":[{"ancestorTitles":["parseUpdateUserProfileInput","Happy Path - Valid Email Only"],"fullName":"parseUpdateUserProfileInput Happy Path - Valid Email Only when body contains a valid email, then returns success true","status":"passed","title":"when body contains a valid email, then returns success true","duration":2.4034000000000333,"failureMessages":[],"meta":{},"tags":[]},{"ancestorTitles":["parseUpdateUserProfileInput","Happy Path - Valid Email Only"],"fullName":"parseUpdateUserProfileInput Happy Path - Valid Email Only when body contains a valid email, then returned email matches the input","status":"passed","title":"when body contains a valid email, then returned email matches the input","duration":0.309599999999989,"failureMessages":[],"meta":{},"tags":[]},{"ancestorTitles":["parseUpdateUserProfileInput","Happy Path - Valid Email Only"],"fullName":"parseUpdateUserProfileInput Happy Path - Valid Email Only when body contains an email with leading/trailing spaces, then email is trimmed","status":"passed","title":"when body contains an email with leading/trailing spaces, then email is trimmed","duration":0.224899999999991,"failureMessages":[],"meta":{},"tags":[]},{"ancestorTitles":["parseUpdateUserProfileInput","Happy Path - Valid Email With Both Passwords"],"fullName":"parseUpdateUserProfileInput Happy Path - Valid Email With Both Passwords when body contains valid email, currentPassword and newPassword, then returns success true","status":"passed","title":"when body contains valid email, currentPassword and newPassword, then returns success true","duration":0.26389999999997826,"failureMessages":[],"meta":{},"tags":[]},{"ancestorTitles":["parseUpdateUserProfileInput","Happy Path - Valid Email With Both Passwords"],"fullName":"parseUpdateUserProfileInput Happy Path - Valid Email With Both Passwords when body contains valid email and both passwords, then currentPassword is returned","status":"passed","title":"when body contains valid email and both passwords, then currentPassword is returned","duration":0.23419999999998709,"failureMessages":[],"meta":{},"tags":[]},{"ancestorTitles":["parseUpdateUserProfileInput","Happy Path - Valid Email With Both Passwords"],"fullName":"parseUpdateUserProfileInput Happy Path - Valid Email With Both Passwords when body contains valid email and both passwords, then newPassword is returned","status":"passed","title":"when body contains valid email and both passwords, then newPassword is returned","duration":0.18900000000002137,"failureMessages":[],"meta":{},"tags":[]},{"ancestorTitles":["parseUpdateUserProfileInput","Validation Errors - Invalid Email Format"],"fullName":"parseUpdateUserProfileInput Validation Errors - Invalid Email Format when email is missing the @ symbol, then returns success false","status":"passed","title":"when email is missing the @ symbol, then returns success false","duration":0.24230000000000018,"failureMessages":[],"meta":{},"tags":[]},{"ancestorTitles":["parseUpdateUserProfileInput","Validation Errors - Invalid Email Format"],"fullName":"parseUpdateUserProfileInput Validation Errors - Invalid Email Format when email is an empty string, then returns success false","status":"passed","title":"when email is an empty string, then returns success false","duration":0.19160000000005084,"failureMessages":[],"meta":{},"tags":[]},{"ancestorTitles":["parseUpdateUserProfileInput","Validation Errors - Invalid Email Format"],"fullName":"parseUpdateUserProfileInput Validation Errors - Invalid Email Format when email is a whitespace-only string, then returns success false","status":"passed","title":"when email is a whitespace-only string, then returns success false","duration":0.6278000000000361,"failureMessages":[],"meta":{},"tags":[]},{"ancestorTitles":["parseUpdateUserProfileInput","Validation Errors - Invalid Email Format"],"fullName":"parseUpdateUserProfileInput Validation Errors - Invalid Email Format when email is not a string (number), then returns success false","status":"passed","title":"when email is not a string (number), then returns success false","duration":0.2699000000000069,"failureMessages":[],"meta":{},"tags":[]},{"ancestorTitles":["parseUpdateUserProfileInput","Validation Errors - Invalid Email Format"],"fullName":"parseUpdateUserProfileInput Validation Errors - Invalid Email Format when email is missing from the body, then returns success false","status":"passed","title":"when email is missing from the body, then returns success false","duration":0.2336999999999989,"failureMessages":[],"meta":{},"tags":[]},{"ancestorTitles":["parseUpdateUserProfileInput","Validation Errors - Invalid Email Format"],"fullName":"parseUpdateUserProfileInput Validation Errors - Invalid Email Format when body is null, then returns success false","status":"passed","title":"when body is null, then returns success false","duration":0.146000000000015,"failureMessages":[],"meta":{},"tags":[]},{"ancestorTitles":["parseUpdateUserProfileInput","Validation Errors - Invalid Email Format"],"fullName":"parseUpdateUserProfileInput Validation Errors - Invalid Email Format when body is not an object (string), then returns success false","status":"passed","title":"when body is not an object (string), then returns success false","duration":0.1338000000000079,"failureMessages":[],"meta":{},"tags":[]},{"ancestorTitles":["parseUpdateUserProfileInput","Validation Errors - Password Pair Constraints"],"fullName":"parseUpdateUserProfileInput Validation Errors - Password Pair Constraints when newPassword is provided without currentPassword, then returns success false","status":"passed","title":"when newPassword is provided without currentPassword, then returns success false","duration":0.13849999999996498,"failureMessages":[],"meta":{},"tags":[]},{"ancestorTitles":["parseUpdateUserProfileInput","Validation Errors - Password Pair Constraints"],"fullName":"parseUpdateUserProfileInput Validation Errors - Password Pair Constraints when newPassword is provided without currentPassword, then error message references currentPassword","status":"passed","title":"when newPassword is provided without currentPassword, then error message references currentPassword","duration":0.2681999999999789,"failureMessages":[],"meta":{},"tags":[]},{"ancestorTitles":["parseUpdateUserProfileInput","Validation Errors - Password Pair Constraints"],"fullName":"parseUpdateUserProfileInput Validation Errors - Password Pair Constraints when currentPassword is provided without newPassword, then returns success false","status":"passed","title":"when currentPassword is provided without newPassword, then returns success false","duration":0.130299999999977,"failureMessages":[],"meta":{},"tags":[]},{"ancestorTitles":["parseUpdateUserProfileInput","Validation Errors - Password Pair Constraints"],"fullName":"parseUpdateUserProfileInput Validation Errors - Password Pair Constraints when currentPassword is provided without newPassword, then error message references newPassword","status":"passed","title":"when currentPassword is provided without newPassword, then error message references newPassword","duration":0.14069999999998117,"failureMessages":[],"meta":{},"tags":[]},{"ancestorTitles":["parseUpdateUserProfileInput","Validation Errors - Password Pair Constraints"],"fullName":"parseUpdateUserProfileInput Validation Errors - Password Pair Constraints when both currentPassword and newPassword are empty strings, then returns success false","status":"passed","title":"when both currentPassword and newPassword are empty strings, then returns success false","duration":0.11879999999996471,"failureMessages":[],"meta":{},"tags":[]},{"ancestorTitles":["parseUpdateUserProfileInput","Boundary Cases - Email Format Edge Values"],"fullName":"parseUpdateUserProfileInput Boundary Cases - Email Format Edge Values when email is missing the domain part after @, then returns success false","status":"passed","title":"when email is missing the domain part after @, then returns success false","duration":0.19589999999999463,"failureMessages":[],"meta":{},"tags":[]},{"ancestorTitles":["parseUpdateUserProfileInput","Boundary Cases - Email Format Edge Values"],"fullName":"parseUpdateUserProfileInput Boundary Cases - Email Format Edge Values when email has no local part before @, then returns success false","status":"passed","title":"when email has no local part before @, then returns success false","duration":0.13339999999999463,"failureMessages":[],"meta":{},"tags":[]},{"ancestorTitles":["parseUpdateUserProfileInput","Boundary Cases - Email Format Edge Values"],"fullName":"parseUpdateUserProfileInput Boundary Cases - Email Format Edge Values when email is a minimal valid address (a@b.c), then returns success true","status":"passed","title":"when email is a minimal valid address (a@b.c), then returns success true","duration":0.2016999999999598,"failureMessages":[],"meta":{},"tags":[]}],"startTime":1778505146626,"endTime":1778505146634.2017,"status":"passed","message":"","name":"C:/Users/Kazum/Desktop/programming/AI/website/tddTodoApp/backend/src/infrastructure/user-profile-validation.small.test.ts"},{"assertionResults":[{"ancestorTitles":["AppError","constructor"],"fullName":"AppError constructor sets the name property to \"AppError\"","status":"passed","title":"sets the name property to \"AppError\"","duration":2.125799999999998,"failureMessages":[],"meta":{},"tags":[]},{"ancestorTitles":["AppError","constructor"],"fullName":"AppError constructor sets the code property to the given error code","status":"passed","title":"sets the code property to the given error code","duration":0.25610000000000355,"failureMessages":[],"meta":{},"tags":[]},{"ancestorTitles":["AppError","constructor"],"fullName":"AppError constructor sets the message property to the given message","status":"passed","title":"sets the message property to the given message","duration":0.16480000000001382,"failureMessages":[],"meta":{},"tags":[]},{"ancestorTitles":["AppError","constructor"],"fullName":"AppError constructor is an instance of Error","status":"passed","title":"is an instance of Error","duration":0.29419999999998936,"failureMessages":[],"meta":{},"tags":[]},{"ancestorTitles":["AppError","constructor"],"fullName":"AppError constructor supports all error codes","status":"passed","title":"supports all error codes","duration":0.3341000000000349,"failureMessages":[],"meta":{},"tags":[]},{"ancestorTitles":["isAppError"],"fullName":"isAppError returns true for an AppError instance","status":"passed","title":"returns true for an AppError instance","duration":0.32809999999994943,"failureMessages":[],"meta":{},"tags":[]},{"ancestorTitles":["isAppError"],"fullName":"isAppError returns false for a plain Error","status":"passed","title":"returns false for a plain Error","duration":0.27429999999998245,"failureMessages":[],"meta":{},"tags":[]},{"ancestorTitles":["isAppError"],"fullName":"isAppError returns false for a string","status":"passed","title":"returns false for a string","duration":0.16609999999997171,"failureMessages":[],"meta":{},"tags":[]},{"ancestorTitles":["isAppError"],"fullName":"isAppError returns false for null","status":"passed","title":"returns false for null","duration":0.5371000000000095,"failureMessages":[],"meta":{},"tags":[]},{"ancestorTitles":["isAppError"],"fullName":"isAppError returns false for undefined","status":"passed","title":"returns false for undefined","duration":0.22319999999996298,"failureMessages":[],"meta":{},"tags":[]},{"ancestorTitles":["isAppError"],"fullName":"isAppError returns false for a plain object","status":"passed","title":"returns false for a plain object","duration":0.19700000000000273,"failureMessages":[],"meta":{},"tags":[]}],"startTime":1778505146683,"endTime":1778505146689.197,"status":"passed","message":"","name":"C:/Users/Kazum/Desktop/programming/AI/website/tddTodoApp/backend/src/models/app-error.small.test.ts"},{"assertionResults":[{"ancestorTitles":["createAppInteractor.create"],"fullName":"createAppInteractor.create saves and returns a new app entity","status":"passed","title":"saves and returns a new app entity","duration":4.612099999999998,"failureMessages":[],"meta":{},"tags":[]},{"ancestorTitles":["createAppInteractor.create"],"fullName":"createAppInteractor.create throws CONFLICT when app name already exists","status":"passed","title":"throws CONFLICT when app name already exists","duration":1.6940999999999917,"failureMessages":[],"meta":{},"tags":[]},{"ancestorTitles":["createAppInteractor.create"],"fullName":"createAppInteractor.create does not call save when duplicate is detected","status":"passed","title":"does not call save when duplicate is detected","duration":1.1246999999999616,"failureMessages":[],"meta":{},"tags":[]},{"ancestorTitles":["createAppInteractor.list"],"fullName":"createAppInteractor.list returns the list of active apps from the repository","status":"passed","title":"returns the list of active apps from the repository","duration":0.40610000000003765,"failureMessages":[],"meta":{},"tags":[]},{"ancestorTitles":["createAppInteractor.list"],"fullName":"createAppInteractor.list returns an empty array when no apps exist","status":"passed","title":"returns an empty array when no apps exist","duration":0.3387000000000171,"failureMessages":[],"meta":{},"tags":[]},{"ancestorTitles":["createAppInteractor.get"],"fullName":"createAppInteractor.get returns the app when found","status":"passed","title":"returns the app when found","duration":0.3679000000000201,"failureMessages":[],"meta":{},"tags":[]},{"ancestorTitles":["createAppInteractor.get"],"fullName":"createAppInteractor.get throws NOT_FOUND when app does not exist","status":"passed","title":"throws NOT_FOUND when app does not exist","duration":0.49279999999998836,"failureMessages":[],"meta":{},"tags":[]},{"ancestorTitles":["createAppInteractor.update"],"fullName":"createAppInteractor.update saves and returns the updated app entity","status":"passed","title":"saves and returns the updated app entity","duration":1.0412000000000035,"failureMessages":[],"meta":{},"tags":[]},{"ancestorTitles":["createAppInteractor.update"],"fullName":"createAppInteractor.update keeps original name when name is not provided in the update","status":"passed","title":"keeps original name when name is not provided in the update","duration":0.7078999999999951,"failureMessages":[],"meta":{},"tags":[]},{"ancestorTitles":["createAppInteractor.update"],"fullName":"createAppInteractor.update throws NOT_FOUND when app does not exist","status":"passed","title":"throws NOT_FOUND when app does not exist","duration":0.4510999999999967,"failureMessages":[],"meta":{},"tags":[]},{"ancestorTitles":["createAppInteractor.update"],"fullName":"createAppInteractor.update throws CONFLICT when new name is already taken by a different app","status":"passed","title":"throws CONFLICT when new name is already taken by a different app","duration":0.4660999999999831,"failureMessages":[],"meta":{},"tags":[]},{"ancestorTitles":["createAppInteractor.delete"],"fullName":"createAppInteractor.delete marks the app as deleted and returns it","status":"passed","title":"marks the app as deleted and returns it","duration":0.3943999999999619,"failureMessages":[],"meta":{},"tags":[]},{"ancestorTitles":["createAppInteractor.delete"],"fullName":"createAppInteractor.delete saves the deleted app to the repository","status":"passed","title":"saves the deleted app to the repository","duration":0.4168000000000234,"failureMessages":[],"meta":{},"tags":[]},{"ancestorTitles":["createAppInteractor.delete"],"fullName":"createAppInteractor.delete cascade-deletes all active todos belonging to the app","status":"passed","title":"cascade-deletes all active todos belonging to the app","duration":2.9884999999999877,"failureMessages":[],"meta":{},"tags":[]},{"ancestorTitles":["createAppInteractor.delete"],"fullName":"createAppInteractor.delete throws NOT_FOUND when app does not exist","status":"passed","title":"throws NOT_FOUND when app does not exist","duration":0.3946000000000254,"failureMessages":[],"meta":{},"tags":[]}],"startTime":1778505146695,"endTime":1778505146712.3945,"status":"passed","message":"","name":"C:/Users/Kazum/Desktop/programming/AI/website/tddTodoApp/backend/src/services/app-interactor.small.test.ts"},{"assertionResults":[{"ancestorTitles":["createTodoInteractor.create"],"fullName":"createTodoInteractor.create saves and returns a new todo entity","status":"passed","title":"saves and returns a new todo entity","duration":5.0966999999999985,"failureMessages":[],"meta":{},"tags":[]},{"ancestorTitles":["createTodoInteractor.create"],"fullName":"createTodoInteractor.create throws NOT_FOUND when the app does not exist","status":"passed","title":"throws NOT_FOUND when the app does not exist","duration":1.711500000000001,"failureMessages":[],"meta":{},"tags":[]},{"ancestorTitles":["createTodoInteractor.create"],"fullName":"createTodoInteractor.create sets completed to false by default","status":"passed","title":"sets completed to false by default","duration":0.49039999999996553,"failureMessages":[],"meta":{},"tags":[]},{"ancestorTitles":["createTodoInteractor.list"],"fullName":"createTodoInteractor.list returns the active todos for the given app","status":"passed","title":"returns the active todos for the given app","duration":0.43619999999998527,"failureMessages":[],"meta":{},"tags":[]},{"ancestorTitles":["createTodoInteractor.list"],"fullName":"createTodoInteractor.list throws NOT_FOUND when the app does not exist","status":"passed","title":"throws NOT_FOUND when the app does not exist","duration":0.375,"failureMessages":[],"meta":{},"tags":[]},{"ancestorTitles":["createTodoInteractor.get"],"fullName":"createTodoInteractor.get returns the todo when found","status":"passed","title":"returns the todo when found","duration":0.5970999999999549,"failureMessages":[],"meta":{},"tags":[]},{"ancestorTitles":["createTodoInteractor.get"],"fullName":"createTodoInteractor.get throws NOT_FOUND when the todo does not exist","status":"passed","title":"throws NOT_FOUND when the todo does not exist","duration":0.508199999999988,"failureMessages":[],"meta":{},"tags":[]},{"ancestorTitles":["createTodoInteractor.get"],"fullName":"createTodoInteractor.get throws NOT_FOUND when the app does not exist","status":"passed","title":"throws NOT_FOUND when the app does not exist","duration":0.40449999999998454,"failureMessages":[],"meta":{},"tags":[]},{"ancestorTitles":["createTodoInteractor.update"],"fullName":"createTodoInteractor.update saves and returns the todo with updated title","status":"passed","title":"saves and returns the todo with updated title","duration":0.9008000000000038,"failureMessages":[],"meta":{},"tags":[]},{"ancestorTitles":["createTodoInteractor.update"],"fullName":"createTodoInteractor.update updates completed status","status":"passed","title":"updates completed status","duration":0.4160999999999717,"failureMessages":[],"meta":{},"tags":[]},{"ancestorTitles":["createTodoInteractor.update"],"fullName":"createTodoInteractor.update preserves original values when no update fields are provided","status":"passed","title":"preserves original values when no update fields are provided","duration":0.40929999999997335,"failureMessages":[],"meta":{},"tags":[]},{"ancestorTitles":["createTodoInteractor.update"],"fullName":"createTodoInteractor.update throws NOT_FOUND when the todo does not exist","status":"passed","title":"throws NOT_FOUND when the todo does not exist","duration":0.362199999999973,"failureMessages":[],"meta":{},"tags":[]},{"ancestorTitles":["createTodoInteractor.update"],"fullName":"createTodoInteractor.update throws NOT_FOUND when the app does not exist","status":"passed","title":"throws NOT_FOUND when the app does not exist","duration":1.429200000000037,"failureMessages":[],"meta":{},"tags":[]},{"ancestorTitles":["createTodoInteractor.delete"],"fullName":"createTodoInteractor.delete marks the todo as deleted and returns it","status":"passed","title":"marks the todo as deleted and returns it","duration":0.5509000000000128,"failureMessages":[],"meta":{},"tags":[]},{"ancestorTitles":["createTodoInteractor.delete"],"fullName":"createTodoInteractor.delete throws NOT_FOUND when the todo does not exist","status":"passed","title":"throws NOT_FOUND when the todo does not exist","duration":0.321200000000033,"failureMessages":[],"meta":{},"tags":[]},{"ancestorTitles":["createTodoInteractor.delete"],"fullName":"createTodoInteractor.delete throws NOT_FOUND when the app does not exist","status":"passed","title":"throws NOT_FOUND when the app does not exist","duration":0.34290000000004284,"failureMessages":[],"meta":{},"tags":[]}],"startTime":1778505146694,"endTime":1778505146709.343,"status":"passed","message":"","name":"C:/Users/Kazum/Desktop/programming/AI/website/tddTodoApp/backend/src/services/todo-interactor.small.test.ts"},{"assertionResults":[{"ancestorTitles":["backend coverage reporting configuration"],"fullName":"backend coverage reporting configuration defines backend coverage scripts","status":"passed","title":"defines backend coverage scripts","duration":1.8430999999999926,"failureMessages":[],"meta":{},"tags":[]},{"ancestorTitles":["backend coverage reporting configuration"],"fullName":"backend coverage reporting configuration configures unit coverage output","status":"passed","title":"configures unit coverage output","duration":0.46170000000000755,"failureMessages":[],"meta":{},"tags":[]},{"ancestorTitles":["backend coverage reporting configuration"],"fullName":"backend coverage reporting configuration configures integration coverage output","status":"passed","title":"configures integration coverage output","duration":0.4539000000000044,"failureMessages":[],"meta":{},"tags":[]},{"ancestorTitles":["backend coverage reporting configuration"],"fullName":"backend coverage reporting configuration keeps root coverage dashboard support wired","status":"passed","title":"keeps root coverage dashboard support wired","duration":0.6529000000000167,"failureMessages":[],"meta":{},"tags":[]}],"startTime":1778505146670,"endTime":1778505146673.6528,"status":"passed","message":"","name":"C:/Users/Kazum/Desktop/programming/AI/website/tddTodoApp/backend/src/tests/coverage-integration.medium.test.ts"},{"assertionResults":[{"ancestorTitles":["PUT /api/v1/users/:userId","Happy Path - Valid Email Only"],"fullName":"PUT /api/v1/users/:userId Happy Path - Valid Email Only when called with a valid email, then returns 200 status","status":"passed","title":"when called with a valid email, then returns 200 status","duration":18.253199999999993,"failureMessages":[],"meta":{},"tags":[]},{"ancestorTitles":["PUT /api/v1/users/:userId","Happy Path - Valid Email Only"],"fullName":"PUT /api/v1/users/:userId Happy Path - Valid Email Only when called with a valid email, then response body has success true","status":"passed","title":"when called with a valid email, then response body has success true","duration":0.9775000000000773,"failureMessages":[],"meta":{},"tags":[]},{"ancestorTitles":["PUT /api/v1/users/:userId","Happy Path - Valid Email Only"],"fullName":"PUT /api/v1/users/:userId Happy Path - Valid Email Only when called with a valid email, then response data contains the updated email","status":"passed","title":"when called with a valid email, then response data contains the updated email","duration":0.8718000000000075,"failureMessages":[],"meta":{},"tags":[]},{"ancestorTitles":["PUT /api/v1/users/:userId","Happy Path - Valid Email Only"],"fullName":"PUT /api/v1/users/:userId Happy Path - Valid Email Only when called with a valid email, then response data id matches the :userId param","status":"passed","title":"when called with a valid email, then response data id matches the :userId param","duration":0.8053999999999633,"failureMessages":[],"meta":{},"tags":[]},{"ancestorTitles":["PUT /api/v1/users/:userId","Happy Path - Valid Email Only"],"fullName":"PUT /api/v1/users/:userId Happy Path - Valid Email Only when called with a valid email, then response Content-Type is application/json","status":"passed","title":"when called with a valid email, then response Content-Type is application/json","duration":0.7498000000000502,"failureMessages":[],"meta":{},"tags":[]},{"ancestorTitles":["PUT /api/v1/users/:userId","Happy Path - Valid Email With Both Passwords"],"fullName":"PUT /api/v1/users/:userId Happy Path - Valid Email With Both Passwords when called with valid email, currentPassword and newPassword, then returns 200","status":"passed","title":"when called with valid email, currentPassword and newPassword, then returns 200","duration":0.7422000000000253,"failureMessages":[],"meta":{},"tags":[]},{"ancestorTitles":["PUT /api/v1/users/:userId","Happy Path - Valid Email With Both Passwords"],"fullName":"PUT /api/v1/users/:userId Happy Path - Valid Email With Both Passwords when called with both passwords, then response body has success true","status":"passed","title":"when called with both passwords, then response body has success true","duration":0.508899999999926,"failureMessages":[],"meta":{},"tags":[]},{"ancestorTitles":["PUT /api/v1/users/:userId","Validation Errors - Invalid Email Format"],"fullName":"PUT /api/v1/users/:userId Validation Errors - Invalid Email Format when email is not a valid format, then returns 422","status":"passed","title":"when email is not a valid format, then returns 422","duration":0.4136000000000877,"failureMessages":[],"meta":{},"tags":[]},{"ancestorTitles":["PUT /api/v1/users/:userId","Validation Errors - Invalid Email Format"],"fullName":"PUT /api/v1/users/:userId Validation Errors - Invalid Email Format when email is invalid, then response body has success false","status":"passed","title":"when email is invalid, then response body has success false","duration":0.8744999999998981,"failureMessages":[],"meta":{},"tags":[]},{"ancestorTitles":["PUT /api/v1/users/:userId","Validation Errors - Invalid Email Format"],"fullName":"PUT /api/v1/users/:userId Validation Errors - Invalid Email Format when email is invalid, then error code is VALIDATION_ERROR","status":"passed","title":"when email is invalid, then error code is VALIDATION_ERROR","duration":0.5053000000000338,"failureMessages":[],"meta":{},"tags":[]},{"ancestorTitles":["PUT /api/v1/users/:userId","Validation Errors - Invalid Email Format"],"fullName":"PUT /api/v1/users/:userId Validation Errors - Invalid Email Format when email is an empty string, then returns 422","status":"passed","title":"when email is an empty string, then returns 422","duration":0.39790000000004966,"failureMessages":[],"meta":{},"tags":[]},{"ancestorTitles":["PUT /api/v1/users/:userId","Validation Errors - Invalid Email Format"],"fullName":"PUT /api/v1/users/:userId Validation Errors - Invalid Email Format when body is empty object (email missing), then returns 422","status":"passed","title":"when body is empty object (email missing), then returns 422","duration":0.282100000000014,"failureMessages":[],"meta":{},"tags":[]},{"ancestorTitles":["PUT /api/v1/users/:userId","Validation Errors - Password Pair Constraints"],"fullName":"PUT /api/v1/users/:userId Validation Errors - Password Pair Constraints when newPassword is sent without currentPassword, then returns 422","status":"passed","title":"when newPassword is sent without currentPassword, then returns 422","duration":0.32809999999994943,"failureMessages":[],"meta":{},"tags":[]},{"ancestorTitles":["PUT /api/v1/users/:userId","Validation Errors - Password Pair Constraints"],"fullName":"PUT /api/v1/users/:userId Validation Errors - Password Pair Constraints when newPassword is sent without currentPassword, then error code is VALIDATION_ERROR","status":"passed","title":"when newPassword is sent without currentPassword, then error code is VALIDATION_ERROR","duration":0.28539999999998145,"failureMessages":[],"meta":{},"tags":[]},{"ancestorTitles":["PUT /api/v1/users/:userId","Validation Errors - Password Pair Constraints"],"fullName":"PUT /api/v1/users/:userId Validation Errors - Password Pair Constraints when currentPassword is sent without newPassword, then returns 422","status":"passed","title":"when currentPassword is sent without newPassword, then returns 422","duration":0.23689999999999145,"failureMessages":[],"meta":{},"tags":[]},{"ancestorTitles":["PUT /api/v1/users/:userId","Validation Errors - Password Pair Constraints"],"fullName":"PUT /api/v1/users/:userId Validation Errors - Password Pair Constraints when currentPassword is sent without newPassword, then error code is VALIDATION_ERROR","status":"passed","title":"when currentPassword is sent without newPassword, then error code is VALIDATION_ERROR","duration":0.30939999999998236,"failureMessages":[],"meta":{},"tags":[]}],"startTime":1778505146889,"endTime":1778505146916.3093,"status":"passed","message":"","name":"C:/Users/Kazum/Desktop/programming/AI/website/tddTodoApp/backend/src/tests/user-profile.medium.test.ts"},{"assertionResults":[{"ancestorTitles":["AppController integration","create"],"fullName":"AppController integration create returns 201 with success:true and app DTO on valid input","status":"passed","title":"returns 201 with success:true and app DTO on valid input","duration":6.633199999999988,"failureMessages":[],"meta":{},"tags":[]},{"ancestorTitles":["AppController integration","create"],"fullName":"AppController integration create DTO does not include deletedAt","status":"passed","title":"DTO does not include deletedAt","duration":0.7469999999999573,"failureMessages":[],"meta":{},"tags":[]},{"ancestorTitles":["AppController integration","create"],"fullName":"AppController integration create returns 422 when name is missing","status":"passed","title":"returns 422 when name is missing","duration":0.8494000000000028,"failureMessages":[],"meta":{},"tags":[]},{"ancestorTitles":["AppController integration","create"],"fullName":"AppController integration create returns 422 when name is not a string","status":"passed","title":"returns 422 when name is not a string","duration":0.46359999999998536,"failureMessages":[],"meta":{},"tags":[]},{"ancestorTitles":["AppController integration","create"],"fullName":"AppController integration create returns 422 when name is an empty string","status":"passed","title":"returns 422 when name is an empty string","duration":0.38330000000001974,"failureMessages":[],"meta":{},"tags":[]},{"ancestorTitles":["AppController integration","create"],"fullName":"AppController integration create returns 409 when the name is already taken","status":"passed","title":"returns 409 when the name is already taken","duration":0.3312000000000239,"failureMessages":[],"meta":{},"tags":[]},{"ancestorTitles":["AppController integration","create"],"fullName":"AppController integration create returns 422 when body is null","status":"passed","title":"returns 422 when body is null","duration":0.22010000000000218,"failureMessages":[],"meta":{},"tags":[]},{"ancestorTitles":["AppController integration","list"],"fullName":"AppController integration list returns 200 with an empty array when no apps exist","status":"passed","title":"returns 200 with an empty array when no apps exist","duration":0.39529999999996335,"failureMessages":[],"meta":{},"tags":[]},{"ancestorTitles":["AppController integration","list"],"fullName":"AppController integration list returns 200 with all created apps","status":"passed","title":"returns 200 with all created apps","duration":0.5991999999999962,"failureMessages":[],"meta":{},"tags":[]},{"ancestorTitles":["AppController integration","get"],"fullName":"AppController integration get returns 200 with the correct app","status":"passed","title":"returns 200 with the correct app","duration":0.4619000000000142,"failureMessages":[],"meta":{},"tags":[]},{"ancestorTitles":["AppController integration","get"],"fullName":"AppController integration get returns 404 for an unknown id","status":"passed","title":"returns 404 for an unknown id","duration":0.2297999999999547,"failureMessages":[],"meta":{},"tags":[]},{"ancestorTitles":["AppController integration","update"],"fullName":"AppController integration update returns 200 with the updated app","status":"passed","title":"returns 200 with the updated app","duration":0.47500000000002274,"failureMessages":[],"meta":{},"tags":[]},{"ancestorTitles":["AppController integration","update"],"fullName":"AppController integration update returns 422 when updated name is empty","status":"passed","title":"returns 422 when updated name is empty","duration":0.33509999999995443,"failureMessages":[],"meta":{},"tags":[]},{"ancestorTitles":["AppController integration","update"],"fullName":"AppController integration update returns 409 when the new name conflicts","status":"passed","title":"returns 409 when the new name conflicts","duration":0.2884999999999991,"failureMessages":[],"meta":{},"tags":[]},{"ancestorTitles":["AppController integration","update"],"fullName":"AppController integration update returns 404 for an unknown app id","status":"passed","title":"returns 404 for an unknown app id","duration":0.1570000000000391,"failureMessages":[],"meta":{},"tags":[]},{"ancestorTitles":["AppController integration","delete"],"fullName":"AppController integration delete returns 200 with the soft-deleted app","status":"passed","title":"returns 200 with the soft-deleted app","duration":0.23619999999999663,"failureMessages":[],"meta":{},"tags":[]},{"ancestorTitles":["AppController integration","delete"],"fullName":"AppController integration delete returns 404 for an unknown app id","status":"passed","title":"returns 404 for an unknown app id","duration":0.15919999999999845,"failureMessages":[],"meta":{},"tags":[]}],"startTime":1778505146756,"endTime":1778505146770.236,"status":"passed","message":"","name":"C:/Users/Kazum/Desktop/programming/AI/website/tddTodoApp/backend/src/tests/integrations/controllers/app-controller.medium.test.ts"},{"assertionResults":[{"ancestorTitles":["HttpPresenter integration","presentApp"],"fullName":"HttpPresenter integration presentApp returns the correct DTO shape from a real app entity","status":"passed","title":"returns the correct DTO shape from a real app entity","duration":5.808199999999999,"failureMessages":[],"meta":{},"tags":[]},{"ancestorTitles":["HttpPresenter integration","presentApp"],"fullName":"HttpPresenter integration presentApp DTO does not include deletedAt","status":"passed","title":"DTO does not include deletedAt","duration":0.8501999999999725,"failureMessages":[],"meta":{},"tags":[]},{"ancestorTitles":["HttpPresenter integration","presentApp"],"fullName":"HttpPresenter integration presentApp createdAt and updatedAt are ISO strings from the real entity","status":"passed","title":"createdAt and updatedAt are ISO strings from the real entity","duration":0.4915999999999485,"failureMessages":[],"meta":{},"tags":[]},{"ancestorTitles":["HttpPresenter integration","presentApp"],"fullName":"HttpPresenter integration presentApp name matches what was given at creation","status":"passed","title":"name matches what was given at creation","duration":0.3906999999999812,"failureMessages":[],"meta":{},"tags":[]},{"ancestorTitles":["HttpPresenter integration","presentTodo"],"fullName":"HttpPresenter integration presentTodo returns the correct DTO shape from a real todo entity","status":"passed","title":"returns the correct DTO shape from a real todo entity","duration":0.5733000000000175,"failureMessages":[],"meta":{},"tags":[]},{"ancestorTitles":["HttpPresenter integration","presentTodo"],"fullName":"HttpPresenter integration presentTodo DTO does not include deletedAt","status":"passed","title":"DTO does not include deletedAt","duration":0.3550000000000182,"failureMessages":[],"meta":{},"tags":[]},{"ancestorTitles":["HttpPresenter integration","presentTodo"],"fullName":"HttpPresenter integration presentTodo appId matches the parent app","status":"passed","title":"appId matches the parent app","duration":0.41090000000002647,"failureMessages":[],"meta":{},"tags":[]},{"ancestorTitles":["HttpPresenter integration","presentTodo"],"fullName":"HttpPresenter integration presentTodo completed defaults to false on a freshly created todo","status":"passed","title":"completed defaults to false on a freshly created todo","duration":0.400799999999947,"failureMessages":[],"meta":{},"tags":[]},{"ancestorTitles":["HttpPresenter integration","presentTodo"],"fullName":"HttpPresenter integration presentTodo completed reflects the updated value from the real entity","status":"passed","title":"completed reflects the updated value from the real entity","duration":0.843400000000031,"failureMessages":[],"meta":{},"tags":[]}],"startTime":1778505146699,"endTime":1778505146709.8435,"status":"passed","message":"","name":"C:/Users/Kazum/Desktop/programming/AI/website/tddTodoApp/backend/src/tests/integrations/controllers/http-presenter.medium.test.ts"},{"assertionResults":[{"ancestorTitles":["RequestValidation integration","parseCreateAppInput"],"fullName":"RequestValidation integration parseCreateAppInput returns CreateAppInput with trimmed name","status":"passed","title":"returns CreateAppInput with trimmed name","duration":4.190099999999973,"failureMessages":[],"meta":{},"tags":[]},{"ancestorTitles":["RequestValidation integration","parseCreateAppInput"],"fullName":"RequestValidation integration parseCreateAppInput throws VALIDATION_ERROR when name is missing","status":"passed","title":"throws VALIDATION_ERROR when name is missing","duration":1.552699999999959,"failureMessages":[],"meta":{},"tags":[]},{"ancestorTitles":["RequestValidation integration","parseCreateAppInput"],"fullName":"RequestValidation integration parseCreateAppInput throws VALIDATION_ERROR when name is a number","status":"passed","title":"throws VALIDATION_ERROR when name is a number","duration":0.5074000000000183,"failureMessages":[],"meta":{},"tags":[]},{"ancestorTitles":["RequestValidation integration","parseCreateAppInput"],"fullName":"RequestValidation integration parseCreateAppInput throws VALIDATION_ERROR when name is whitespace only","status":"passed","title":"throws VALIDATION_ERROR when name is whitespace only","duration":0.7094999999999914,"failureMessages":[],"meta":{},"tags":[]},{"ancestorTitles":["RequestValidation integration","parseCreateAppInput"],"fullName":"RequestValidation integration parseCreateAppInput throws VALIDATION_ERROR when name exceeds 100 characters","status":"passed","title":"throws VALIDATION_ERROR when name exceeds 100 characters","duration":0.411200000000008,"failureMessages":[],"meta":{},"tags":[]},{"ancestorTitles":["RequestValidation integration","parseCreateAppInput"],"fullName":"RequestValidation integration parseCreateAppInput accepts a name of exactly 100 characters","status":"passed","title":"accepts a name of exactly 100 characters","duration":1.0891999999999484,"failureMessages":[],"meta":{},"tags":[]},{"ancestorTitles":["RequestValidation integration","parseCreateAppInput"],"fullName":"RequestValidation integration parseCreateAppInput returns empty name from null body (null → empty record)","status":"passed","title":"returns empty name from null body (null → empty record)","duration":0.49459999999999127,"failureMessages":[],"meta":{},"tags":[]},{"ancestorTitles":["RequestValidation integration","parseCreateAppInput"],"fullName":"RequestValidation integration parseCreateAppInput throws VALIDATION_ERROR when body is an array","status":"passed","title":"throws VALIDATION_ERROR when body is an array","duration":0.37419999999997344,"failureMessages":[],"meta":{},"tags":[]},{"ancestorTitles":["RequestValidation integration","parseUpdateAppInput"],"fullName":"RequestValidation integration parseUpdateAppInput returns UpdateAppInput with appId only when body is empty","status":"passed","title":"returns UpdateAppInput with appId only when body is empty","duration":1.0686000000000035,"failureMessages":[],"meta":{},"tags":[]},{"ancestorTitles":["RequestValidation integration","parseUpdateAppInput"],"fullName":"RequestValidation integration parseUpdateAppInput includes trimmed name when provided","status":"passed","title":"includes trimmed name when provided","duration":0.3854999999999791,"failureMessages":[],"meta":{},"tags":[]},{"ancestorTitles":["RequestValidation integration","parseUpdateAppInput"],"fullName":"RequestValidation integration parseUpdateAppInput throws VALIDATION_ERROR when name is an empty string","status":"passed","title":"throws VALIDATION_ERROR when name is an empty string","duration":0.39819999999997435,"failureMessages":[],"meta":{},"tags":[]},{"ancestorTitles":["RequestValidation integration","parseUpdateAppInput"],"fullName":"RequestValidation integration parseUpdateAppInput throws VALIDATION_ERROR when name is not a string","status":"passed","title":"throws VALIDATION_ERROR when name is not a string","duration":0.19690000000002783,"failureMessages":[],"meta":{},"tags":[]},{"ancestorTitles":["RequestValidation integration","parseUpdateAppInput"],"fullName":"RequestValidation integration parseUpdateAppInput throws VALIDATION_ERROR when name exceeds 100 characters","status":"passed","title":"throws VALIDATION_ERROR when name exceeds 100 characters","duration":0.24849999999997863,"failureMessages":[],"meta":{},"tags":[]},{"ancestorTitles":["RequestValidation integration","parseUpdateAppInput"],"fullName":"RequestValidation integration parseUpdateAppInput ignores unknown extra fields","status":"passed","title":"ignores unknown extra fields","duration":0.16270000000002938,"failureMessages":[],"meta":{},"tags":[]},{"ancestorTitles":["RequestValidation integration","parseCreateTodoInput"],"fullName":"RequestValidation integration parseCreateTodoInput returns CreateTodoInput with appId and trimmed title","status":"passed","title":"returns CreateTodoInput with appId and trimmed title","duration":0.39620000000002165,"failureMessages":[],"meta":{},"tags":[]},{"ancestorTitles":["RequestValidation integration","parseCreateTodoInput"],"fullName":"RequestValidation integration parseCreateTodoInput throws VALIDATION_ERROR when title is missing","status":"passed","title":"throws VALIDATION_ERROR when title is missing","duration":0.3053000000000452,"failureMessages":[],"meta":{},"tags":[]},{"ancestorTitles":["RequestValidation integration","parseCreateTodoInput"],"fullName":"RequestValidation integration parseCreateTodoInput throws VALIDATION_ERROR when title is a number","status":"passed","title":"throws VALIDATION_ERROR when title is a number","duration":0.18720000000001846,"failureMessages":[],"meta":{},"tags":[]},{"ancestorTitles":["RequestValidation integration","parseCreateTodoInput"],"fullName":"RequestValidation integration parseCreateTodoInput throws VALIDATION_ERROR when title is whitespace only","status":"passed","title":"throws VALIDATION_ERROR when title is whitespace only","duration":0.13229999999998654,"failureMessages":[],"meta":{},"tags":[]},{"ancestorTitles":["RequestValidation integration","parseCreateTodoInput"],"fullName":"RequestValidation integration parseCreateTodoInput throws VALIDATION_ERROR when title exceeds 200 characters","status":"passed","title":"throws VALIDATION_ERROR when title exceeds 200 characters","duration":0.15989999999999327,"failureMessages":[],"meta":{},"tags":[]},{"ancestorTitles":["RequestValidation integration","parseCreateTodoInput"],"fullName":"RequestValidation integration parseCreateTodoInput accepts a title of exactly 200 characters","status":"passed","title":"accepts a title of exactly 200 characters","duration":0.15330000000000155,"failureMessages":[],"meta":{},"tags":[]},{"ancestorTitles":["RequestValidation integration","parseCreateTodoInput"],"fullName":"RequestValidation integration parseCreateTodoInput preserves the appId in the returned input","status":"passed","title":"preserves the appId in the returned input","duration":0.18419999999997572,"failureMessages":[],"meta":{},"tags":[]},{"ancestorTitles":["RequestValidation integration","parseUpdateTodoInput"],"fullName":"RequestValidation integration parseUpdateTodoInput returns UpdateTodoInput with appId and todoId only when body is empty","status":"passed","title":"returns UpdateTodoInput with appId and todoId only when body is empty","duration":0.3024000000000342,"failureMessages":[],"meta":{},"tags":[]},{"ancestorTitles":["RequestValidation integration","parseUpdateTodoInput"],"fullName":"RequestValidation integration parseUpdateTodoInput includes trimmed title when provided","status":"passed","title":"includes trimmed title when provided","duration":0.09810000000004493,"failureMessages":[],"meta":{},"tags":[]},{"ancestorTitles":["RequestValidation integration","parseUpdateTodoInput"],"fullName":"RequestValidation integration parseUpdateTodoInput includes completed when provided as boolean true","status":"passed","title":"includes completed when provided as boolean true","duration":0.5429000000000315,"failureMessages":[],"meta":{},"tags":[]},{"ancestorTitles":["RequestValidation integration","parseUpdateTodoInput"],"fullName":"RequestValidation integration parseUpdateTodoInput includes completed when provided as boolean false","status":"passed","title":"includes completed when provided as boolean false","duration":0.1712999999999738,"failureMessages":[],"meta":{},"tags":[]},{"ancestorTitles":["RequestValidation integration","parseUpdateTodoInput"],"fullName":"RequestValidation integration parseUpdateTodoInput throws VALIDATION_ERROR when completed is a string","status":"passed","title":"throws VALIDATION_ERROR when completed is a string","duration":0.24020000000001573,"failureMessages":[],"meta":{},"tags":[]},{"ancestorTitles":["RequestValidation integration","parseUpdateTodoInput"],"fullName":"RequestValidation integration parseUpdateTodoInput throws VALIDATION_ERROR when title is an empty string","status":"passed","title":"throws VALIDATION_ERROR when title is an empty string","duration":0.1664000000000101,"failureMessages":[],"meta":{},"tags":[]},{"ancestorTitles":["RequestValidation integration","parseUpdateTodoInput"],"fullName":"RequestValidation integration parseUpdateTodoInput throws VALIDATION_ERROR when title exceeds 200 characters","status":"passed","title":"throws VALIDATION_ERROR when title exceeds 200 characters","duration":0.166499999999985,"failureMessages":[],"meta":{},"tags":[]},{"ancestorTitles":["RequestValidation integration","parseUpdateTodoInput"],"fullName":"RequestValidation integration parseUpdateTodoInput accepts both title and completed together","status":"passed","title":"accepts both title and completed together","duration":0.168200000000013,"failureMessages":[],"meta":{},"tags":[]},{"ancestorTitles":["RequestValidation integration","parseUpdateTodoInput"],"fullName":"RequestValidation integration parseUpdateTodoInput ignores unknown extra fields","status":"passed","title":"ignores unknown extra fields","duration":0.1271000000000413,"failureMessages":[],"meta":{},"tags":[]}],"startTime":1778505146745,"endTime":1778505146761.2402,"status":"passed","message":"","name":"C:/Users/Kazum/Desktop/programming/AI/website/tddTodoApp/backend/src/tests/integrations/controllers/request-validation.medium.test.ts"},{"assertionResults":[{"ancestorTitles":["TodoController integration","create"],"fullName":"TodoController integration create returns 201 with success:true and todo DTO on valid input","status":"passed","title":"returns 201 with success:true and todo DTO on valid input","duration":5.775699999999972,"failureMessages":[],"meta":{},"tags":[]},{"ancestorTitles":["TodoController integration","create"],"fullName":"TodoController integration create DTO does not include deletedAt","status":"passed","title":"DTO does not include deletedAt","duration":0.6357000000000426,"failureMessages":[],"meta":{},"tags":[]},{"ancestorTitles":["TodoController integration","create"],"fullName":"TodoController integration create returns 422 when title is missing","status":"passed","title":"returns 422 when title is missing","duration":0.7927000000000817,"failureMessages":[],"meta":{},"tags":[]},{"ancestorTitles":["TodoController integration","create"],"fullName":"TodoController integration create returns 422 when title is not a string","status":"passed","title":"returns 422 when title is not a string","duration":0.3955000000000837,"failureMessages":[],"meta":{},"tags":[]},{"ancestorTitles":["TodoController integration","create"],"fullName":"TodoController integration create returns 422 when title is whitespace only","status":"passed","title":"returns 422 when title is whitespace only","duration":0.3730000000000473,"failureMessages":[],"meta":{},"tags":[]},{"ancestorTitles":["TodoController integration","create"],"fullName":"TodoController integration create returns 404 when the app does not exist","status":"passed","title":"returns 404 when the app does not exist","duration":0.26559999999994943,"failureMessages":[],"meta":{},"tags":[]},{"ancestorTitles":["TodoController integration","create"],"fullName":"TodoController integration create returns 422 when body is null","status":"passed","title":"returns 422 when body is null","duration":0.2807000000000244,"failureMessages":[],"meta":{},"tags":[]},{"ancestorTitles":["TodoController integration","list"],"fullName":"TodoController integration list returns 200 with empty array when no todos","status":"passed","title":"returns 200 with empty array when no todos","duration":0.3816999999999098,"failureMessages":[],"meta":{},"tags":[]},{"ancestorTitles":["TodoController integration","list"],"fullName":"TodoController integration list returns 200 with all todos for the app","status":"passed","title":"returns 200 with all todos for the app","duration":0.5692000000000235,"failureMessages":[],"meta":{},"tags":[]},{"ancestorTitles":["TodoController integration","list"],"fullName":"TodoController integration list returns 404 when the app does not exist","status":"passed","title":"returns 404 when the app does not exist","duration":0.260599999999954,"failureMessages":[],"meta":{},"tags":[]},{"ancestorTitles":["TodoController integration","get"],"fullName":"TodoController integration get returns 200 with the correct todo","status":"passed","title":"returns 200 with the correct todo","duration":0.3665999999999485,"failureMessages":[],"meta":{},"tags":[]},{"ancestorTitles":["TodoController integration","get"],"fullName":"TodoController integration get returns 404 for an unknown todoId","status":"passed","title":"returns 404 for an unknown todoId","duration":0.1630999999999858,"failureMessages":[],"meta":{},"tags":[]},{"ancestorTitles":["TodoController integration","get"],"fullName":"TodoController integration get returns 404 when the app does not exist","status":"passed","title":"returns 404 when the app does not exist","duration":0.14359999999999218,"failureMessages":[],"meta":{},"tags":[]},{"ancestorTitles":["TodoController integration","update"],"fullName":"TodoController integration update returns 200 with updated title","status":"passed","title":"returns 200 with updated title","duration":0.5650000000000546,"failureMessages":[],"meta":{},"tags":[]},{"ancestorTitles":["TodoController integration","update"],"fullName":"TodoController integration update returns 200 with completed set to true","status":"passed","title":"returns 200 with completed set to true","duration":0.30330000000003565,"failureMessages":[],"meta":{},"tags":[]},{"ancestorTitles":["TodoController integration","update"],"fullName":"TodoController integration update returns 422 when completed is not a boolean","status":"passed","title":"returns 422 when completed is not a boolean","duration":0.32939999999996417,"failureMessages":[],"meta":{},"tags":[]},{"ancestorTitles":["TodoController integration","update"],"fullName":"TodoController integration update returns 422 when updated title is empty","status":"passed","title":"returns 422 when updated title is empty","duration":0.2676999999999907,"failureMessages":[],"meta":{},"tags":[]},{"ancestorTitles":["TodoController integration","update"],"fullName":"TodoController integration update returns 404 for unknown todo","status":"passed","title":"returns 404 for unknown todo","duration":0.20519999999999072,"failureMessages":[],"meta":{},"tags":[]},{"ancestorTitles":["TodoController integration","update"],"fullName":"TodoController integration update returns 404 when app does not exist","status":"passed","title":"returns 404 when app does not exist","duration":0.16289999999992233,"failureMessages":[],"meta":{},"tags":[]},{"ancestorTitles":["TodoController integration","delete"],"fullName":"TodoController integration delete returns 200 with the soft-deleted todo","status":"passed","title":"returns 200 with the soft-deleted todo","duration":0.240099999999984,"failureMessages":[],"meta":{},"tags":[]},{"ancestorTitles":["TodoController integration","delete"],"fullName":"TodoController integration delete returns 404 for unknown todo","status":"passed","title":"returns 404 for unknown todo","duration":0.1573999999999387,"failureMessages":[],"meta":{},"tags":[]},{"ancestorTitles":["TodoController integration","delete"],"fullName":"TodoController integration delete returns 404 when app does not exist","status":"passed","title":"returns 404 when app does not exist","duration":0.09730000000001837,"failureMessages":[],"meta":{},"tags":[]}],"startTime":1778505146779,"endTime":1778505146792.24,"status":"passed","message":"","name":"C:/Users/Kazum/Desktop/programming/AI/website/tddTodoApp/backend/src/tests/integrations/controllers/todo-controller.medium.test.ts"},{"assertionResults":[{"ancestorTitles":["POST /api/v1/apps"],"fullName":"POST /api/v1/apps 201: creates an app with correct response shape","status":"passed","title":"201: creates an app with correct response shape","duration":19.685100000000034,"failureMessages":[],"meta":{},"tags":[]},{"ancestorTitles":["POST /api/v1/apps"],"fullName":"POST /api/v1/apps 422: missing name field","status":"passed","title":"422: missing name field","duration":1.783399999999915,"failureMessages":[],"meta":{},"tags":[]},{"ancestorTitles":["POST /api/v1/apps"],"fullName":"POST /api/v1/apps 422: empty string name","status":"passed","title":"422: empty string name","duration":1.2031000000000631,"failureMessages":[],"meta":{},"tags":[]},{"ancestorTitles":["POST /api/v1/apps"],"fullName":"POST /api/v1/apps 422: whitespace-only name","status":"passed","title":"422: whitespace-only name","duration":0.7938000000000329,"failureMessages":[],"meta":{},"tags":[]},{"ancestorTitles":["POST /api/v1/apps"],"fullName":"POST /api/v1/apps 422: name exceeds 100 characters (101 chars)","status":"passed","title":"422: name exceeds 100 characters (101 chars)","duration":1.0300999999999476,"failureMessages":[],"meta":{},"tags":[]},{"ancestorTitles":["POST /api/v1/apps"],"fullName":"POST /api/v1/apps 201: name at exactly 100 characters is accepted","status":"passed","title":"201: name at exactly 100 characters is accepted","duration":0.6159999999999854,"failureMessages":[],"meta":{},"tags":[]},{"ancestorTitles":["POST /api/v1/apps"],"fullName":"POST /api/v1/apps 409: duplicate app name","status":"passed","title":"409: duplicate app name","duration":0.7712999999999965,"failureMessages":[],"meta":{},"tags":[]},{"ancestorTitles":["GET /api/v1/apps"],"fullName":"GET /api/v1/apps 200: returns an array","status":"passed","title":"200: returns an array","duration":0.7155999999999949,"failureMessages":[],"meta":{},"tags":[]},{"ancestorTitles":["GET /api/v1/apps"],"fullName":"GET /api/v1/apps 200: includes a previously created app","status":"passed","title":"200: includes a previously created app","duration":1.0339999999999918,"failureMessages":[],"meta":{},"tags":[]},{"ancestorTitles":["GET /api/v1/apps"],"fullName":"GET /api/v1/apps 200: excludes soft-deleted apps","status":"passed","title":"200: excludes soft-deleted apps","duration":1.1462000000000216,"failureMessages":[],"meta":{},"tags":[]},{"ancestorTitles":["GET /api/v1/apps"],"fullName":"GET /api/v1/apps 200: response items do not expose deletedAt","status":"passed","title":"200: response items do not expose deletedAt","duration":0.7432999999999765,"failureMessages":[],"meta":{},"tags":[]},{"ancestorTitles":["GET /api/v1/apps/:appId"],"fullName":"GET /api/v1/apps/:appId 200: returns the app","status":"passed","title":"200: returns the app","duration":1.865099999999984,"failureMessages":[],"meta":{},"tags":[]},{"ancestorTitles":["GET /api/v1/apps/:appId"],"fullName":"GET /api/v1/apps/:appId 404: app does not exist","status":"passed","title":"404: app does not exist","duration":0.43209999999999127,"failureMessages":[],"meta":{},"tags":[]},{"ancestorTitles":["GET /api/v1/apps/:appId"],"fullName":"GET /api/v1/apps/:appId 404: soft-deleted app is not found","status":"passed","title":"404: soft-deleted app is not found","duration":0.6643000000000256,"failureMessages":[],"meta":{},"tags":[]},{"ancestorTitles":["GET /api/v1/apps/:appId"],"fullName":"GET /api/v1/apps/:appId 200: response does not expose deletedAt","status":"passed","title":"200: response does not expose deletedAt","duration":0.4341999999999189,"failureMessages":[],"meta":{},"tags":[]},{"ancestorTitles":["PUT /api/v1/apps/:app
[...]
:0.2178000000000111,"failureMessages":[],"meta":{},"tags":[]},{"ancestorTitles":["AppError cross-layer propagation"],"fullName":"AppError cross-layer propagation isAppError returns false for a plain object with a code property","status":"passed","title":"isAppError returns false for a plain object with a code property","duration":0.18430000000000746,"failureMessages":[],"meta":{},"tags":[]},{"ancestorTitles":["AppError cross-layer propagation"],"fullName":"AppError cross-layer propagation infrastructure wraps unexpected storage errors as REPOSITORY_ERROR","status":"passed","title":"infrastructure wraps unexpected storage errors as REPOSITORY_ERROR","duration":0.48169999999998936,"failureMessages":[],"meta":{},"tags":[]}],"startTime":1778505146691,"endTime":1778505146699.4817,"status":"passed","message":"","name":"C:/Users/Kazum/Desktop/programming/AI/website/tddTodoApp/backend/src/tests/integrations/models/app-error.medium.test.ts"},{"assertionResults":[{"ancestorTitles":["AppEntity"],"fullName":"AppEntity active entity has deletedAt as null","status":"passed","title":"active entity has deletedAt as null","duration":1.9378000000000384,"failureMessages":[],"meta":{},"tags":[]},{"ancestorTitles":["AppEntity"],"fullName":"AppEntity soft-deleted entity has deletedAt as an ISO string","status":"passed","title":"soft-deleted entity has deletedAt as an ISO string","duration":0.4329000000000178,"failureMessages":[],"meta":{},"tags":[]},{"ancestorTitles":["AppEntity"],"fullName":"AppEntity entity created by interactor has all AppEntity fields with correct types","status":"passed","title":"entity created by interactor has all AppEntity fields with correct types","duration":3.578900000000033,"failureMessages":[],"meta":{},"tags":[]},{"ancestorTitles":["AppEntity"],"fullName":"AppEntity soft-deleted entity returned by interactor has deletedAt set to a string","status":"passed","title":"soft-deleted entity returned by interactor has deletedAt set to a string","duration":0.7660999999999945,"failureMessages":[],"meta":{},"tags":[]},{"ancestorTitles":["AppEntity"],"fullName":"AppEntity entity is stored and retrieved with the same shape through the repository","status":"passed","title":"entity is stored and retrieved with the same shape through the repository","duration":0.9209999999999923,"failureMessages":[],"meta":{},"tags":[]}],"startTime":1778505146692,"endTime":1778505146699.921,"status":"passed","message":"","name":"C:/Users/Kazum/Desktop/programming/AI/website/tddTodoApp/backend/src/tests/integrations/models/app.medium.test.ts"},{"assertionResults":[{"ancestorTitles":["TodoEntity"],"fullName":"TodoEntity active entity has completed as false and deletedAt as null","status":"passed","title":"active entity has completed as false and deletedAt as null","duration":2.380300000000034,"failureMessages":[],"meta":{},"tags":[]},{"ancestorTitles":["TodoEntity"],"fullName":"TodoEntity completed entity has completed as true","status":"passed","title":"completed entity has completed as true","duration":0.3505000000000109,"failureMessages":[],"meta":{},"tags":[]},{"ancestorTitles":["TodoEntity"],"fullName":"TodoEntity entity created by interactor has all TodoEntity fields with correct types","status":"passed","title":"entity created by interactor has all TodoEntity fields with correct types","duration":4.231799999999964,"failureMessages":[],"meta":{},"tags":[]},{"ancestorTitles":["TodoEntity"],"fullName":"TodoEntity soft-deleted entity returned by interactor has deletedAt set to a string","status":"passed","title":"soft-deleted entity returned by interactor has deletedAt set to a string","duration":0.6041000000000167,"failureMessages":[],"meta":{},"tags":[]},{"ancestorTitles":["TodoEntity"],"fullName":"TodoEntity entity is stored and retrieved with the same shape through the repository","status":"passed","title":"entity is stored and retrieved with the same shape through the repository","duration":0.9594000000000165,"failureMessages":[],"meta":{},"tags":[]}],"startTime":1778505146695,"endTime":1778505146703.9595,"status":"passed","message":"","name":"C:/Users/Kazum/Desktop/programming/AI/website/tddTodoApp/backend/src/tests/integrations/models/todo.medium.test.ts"},{"assertionResults":[{"ancestorTitles":["AppInteractor integration","create"],"fullName":"AppInteractor integration create creates an app with a UUID id and ISO timestamps","status":"passed","title":"creates an app with a UUID id and ISO timestamps","duration":6.47320000000002,"failureMessages":[],"meta":{},"tags":[]},{"ancestorTitles":["AppInteractor integration","create"],"fullName":"AppInteractor integration create createdAt equals updatedAt on initial creation","status":"passed","title":"createdAt equals updatedAt on initial creation","duration":0.43360000000001264,"failureMessages":[],"meta":{},"tags":[]},{"ancestorTitles":["AppInteractor integration","create"],"fullName":"AppInteractor integration create persists to repository so it appears in list","status":"passed","title":"persists to repository so it appears in list","duration":0.4533000000000129,"failureMessages":[],"meta":{},"tags":[]},{"ancestorTitles":["AppInteractor integration","create"],"fullName":"AppInteractor integration create throws CONFLICT when the name is already taken","status":"passed","title":"throws CONFLICT when the name is already taken","duration":2.3828000000000316,"failureMessages":[],"meta":{},"tags":[]},{"ancestorTitles":["AppInteractor integration","create"],"fullName":"AppInteractor integration create allows creating two apps with different names","status":"passed","title":"allows creating two apps with different names","duration":0.6397999999999797,"failureMessages":[],"meta":{},"tags":[]},{"ancestorTitles":["AppInteractor integration","list"],"fullName":"AppInteractor integration list returns an empty array when no apps exist","status":"passed","title":"returns an empty array when no apps exist","duration":0.4530000000000314,"failureMessages":[],"meta":{},"tags":[]},{"ancestorTitles":["AppInteractor integration","list"],"fullName":"AppInteractor integration list returns all created apps","status":"passed","title":"returns all created apps","duration":1.1236000000000104,"failureMessages":[],"meta":{},"tags":[]},{"ancestorTitles":["AppInteractor integration","list"],"fullName":"AppInteractor integration list excludes soft-deleted apps","status":"passed","title":"excludes soft-deleted apps","duration":0.6371000000000322,"failureMessages":[],"meta":{},"tags":[]},{"ancestorTitles":["AppInteractor integration","get"],"fullName":"AppInteractor integration get returns the correct app by id","status":"passed","title":"returns the correct app by id","duration":0.7964000000000055,"failureMessages":[],"meta":{},"tags":[]},{"ancestorTitles":["AppInteractor integration","get"],"fullName":"AppInteractor integration get throws NOT_FOUND for an unknown id","status":"passed","title":"throws NOT_FOUND for an unknown id","duration":0.46220000000005257,"failureMessages":[],"meta":{},"tags":[]},{"ancestorTitles":["AppInteractor integration","get"],"fullName":"AppInteractor integration get throws NOT_FOUND for a soft-deleted app","status":"passed","title":"throws NOT_FOUND for a soft-deleted app","duration":0.4252999999999929,"failureMessages":[],"meta":{},"tags":[]},{"ancestorTitles":["AppInteractor integration","update"],"fullName":"AppInteractor integration update updates the app name and returns the new entity","status":"passed","title":"updates the app name and returns the new entity","duration":0.32630000000000337,"failureMessages":[],"meta":{},"tags":[]},{"ancestorTitles":["AppInteractor integration","update"],"fullName":"AppInteractor integration update preserves original name when no name is given in the update","status":"passed","title":"preserves original name when no name is given in the update","duration":0.20439999999996417,"failureMessages":[],"meta":{},"tags":[]},{"ancestorTitles":["AppInteractor integration","update"],"fullName":"AppInteractor integration update allows updating to the same name (self-exclusion)","status":"passed","title":"allows updating to the same name (self-exclusion)","duration":0.22199999999998,"failureMessages":[],"meta":{},"tags":[]},{"ancestorTitles":["AppInteractor integration","update"],"fullName":"AppInteractor integration update throws CONFLICT when the new name is taken by another app","status":"passed","title":"throws CONFLICT when the new name is taken by another app","duration":0.3772999999999911,"failureMessages":[],"meta":{},"tags":[]},{"ancestorTitles":["AppInteractor integration","update"],"fullName":"AppInteractor integration update throws NOT_FOUND for an unknown app","status":"passed","title":"throws NOT_FOUND for an unknown app","duration":0.33379999999999654,"failureMessages":[],"meta":{},"tags":[]},{"ancestorTitles":["AppInteractor integration","delete"],"fullName":"AppInteractor integration delete soft-deletes the app and returns it with deletedAt set","status":"passed","title":"soft-deletes the app and returns it with deletedAt set","duration":0.26439999999996644,"failureMessages":[],"meta":{},"tags":[]},{"ancestorTitles":["AppInteractor integration","delete"],"fullName":"AppInteractor integration delete deleted app is no longer in the list","status":"passed","title":"deleted app is no longer in the list","duration":1.568899999999985,"failureMessages":[],"meta":{},"tags":[]},{"ancestorTitles":["AppInteractor integration","delete"],"fullName":"AppInteractor integration delete cascade-deletes associated todos via shared repository","status":"passed","title":"cascade-deletes associated todos via shared repository","duration":0.31440000000003465,"failureMessages":[],"meta":{},"tags":[]},{"ancestorTitles":["AppInteractor integration","delete"],"fullName":"AppInteractor integration delete throws NOT_FOUND for an unknown app","status":"passed","title":"throws NOT_FOUND for an unknown app","duration":0.3084999999999809,"failureMessages":[],"meta":{},"tags":[]}],"startTime":1778505146693,"endTime":1778505146712.3145,"status":"passed","message":"","name":"C:/Users/Kazum/Desktop/programming/AI/website/tddTodoApp/backend/src/tests/integrations/services/app-interactor.medium.test.ts"},{"assertionResults":[{"ancestorTitles":["AppUsecase interface contract"],"fullName":"AppUsecase interface contract createAppInteractor satisfies the AppUsecase interface","status":"passed","title":"createAppInteractor satisfies the AppUsecase interface","duration":2.582899999999995,"failureMessages":[],"meta":{},"tags":[]},{"ancestorTitles":["AppUsecase interface contract"],"fullName":"AppUsecase interface contract create resolves to an AppEntity shape","status":"passed","title":"create resolves to an AppEntity shape","duration":4.44459999999998,"failureMessages":[],"meta":{},"tags":[]},{"ancestorTitles":["AppUsecase interface contract"],"fullName":"AppUsecase interface contract list resolves to an array","status":"passed","title":"list resolves to an array","duration":0.3242000000000189,"failureMessages":[],"meta":{},"tags":[]},{"ancestorTitles":["AppUsecase interface contract"],"fullName":"AppUsecase interface contract get resolves to the app by id","status":"passed","title":"get resolves to the app by id","duration":0.3380999999999972,"failureMessages":[],"meta":{},"tags":[]},{"ancestorTitles":["AppUsecase interface contract"],"fullName":"AppUsecase interface contract update resolves to the modified app","status":"passed","title":"update resolves to the modified app","duration":0.43319999999999936,"failureMessages":[],"meta":{},"tags":[]},{"ancestorTitles":["AppUsecase interface contract"],"fullName":"AppUsecase interface contract delete resolves to the soft-deleted app","status":"passed","title":"delete resolves to the soft-deleted app","duration":0.4615999999999758,"failureMessages":[],"meta":{},"tags":[]}],"startTime":1778505146700,"endTime":1778505146708.4617,"status":"passed","message":"","name":"C:/Users/Kazum/Desktop/programming/AI/website/tddTodoApp/backend/src/tests/integrations/services/app-usecase.medium.test.ts"},{"assertionResults":[{"ancestorTitles":["TodoInteractor integration","create"],"fullName":"TodoInteractor integration create creates a todo with UUID id, correct appId, and ISO timestamps","status":"passed","title":"creates a todo with UUID id, correct appId, and ISO timestamps","duration":6.775400000000047,"failureMessages":[],"meta":{},"tags":[]},{"ancestorTitles":["TodoInteractor integration","create"],"fullName":"TodoInteractor integration create persists to repository so it appears in list","status":"passed","title":"persists to repository so it appears in list","duration":0.5855000000000246,"failureMessages":[],"meta":{},"tags":[]},{"ancestorTitles":["TodoInteractor integration","create"],"fullName":"TodoInteractor integration create throws NOT_FOUND when the app does not exist","status":"passed","title":"throws NOT_FOUND when the app does not exist","duration":2.2549000000000206,"failureMessages":[],"meta":{},"tags":[]},{"ancestorTitles":["TodoInteractor integration","list"],"fullName":"TodoInteractor integration list returns an empty array when no todos exist for the app","status":"passed","title":"returns an empty array when no todos exist for the app","duration":0.7115000000000009,"failureMessages":[],"meta":{},"tags":[]},{"ancestorTitles":["TodoInteractor integration","list"],"fullName":"TodoInteractor integration list returns all active todos for the app","status":"passed","title":"returns all active todos for the app","duration":1.320100000000025,"failureMessages":[],"meta":{},"tags":[]},{"ancestorTitles":["TodoInteractor integration","list"],"fullName":"TodoInteractor integration list excludes soft-deleted todos","status":"passed","title":"excludes soft-deleted todos","duration":0.6385999999999967,"failureMessages":[],"meta":{},"tags":[]},{"ancestorTitles":["TodoInteractor integration","list"],"fullName":"TodoInteractor integration list throws NOT_FOUND when the app does not exist","status":"passed","title":"throws NOT_FOUND when the app does not exist","duration":0.4592000000000098,"failureMessages":[],"meta":{},"tags":[]},{"ancestorTitles":["TodoInteractor integration","get"],"fullName":"TodoInteractor integration get returns the correct todo by appId and todoId","status":"passed","title":"returns the correct todo by appId and todoId","duration":0.3690000000000282,"failureMessages":[],"meta":{},"tags":[]},{"ancestorTitles":["TodoInteractor integration","get"],"fullName":"TodoInteractor integration get throws NOT_FOUND for an unknown todoId","status":"passed","title":"throws NOT_FOUND for an unknown todoId","duration":0.7908999999999651,"failureMessages":[],"meta":{},"tags":[]},{"ancestorTitles":["TodoInteractor integration","get"],"fullName":"TodoInteractor integration get throws NOT_FOUND when the app does not exist","status":"passed","title":"throws NOT_FOUND when the app does not exist","duration":0.4087000000000103,"failureMessages":[],"meta":{},"tags":[]},{"ancestorTitles":["TodoInteractor integration","update"],"fullName":"TodoInteractor integration update updates the title","status":"passed","title":"updates the title","duration":0.4590000000000032,"failureMessages":[],"meta":{},"tags":[]},{"ancestorTitles":["TodoInteractor integration","update"],"fullName":"TodoInteractor integration update marks todo as completed","status":"passed","title":"marks todo as completed","duration":0.35180000000002565,"failureMessages":[],"meta":{},"tags":[]},{"ancestorTitles":["TodoInteractor integration","update"],"fullName":"TodoInteractor integration update marks a completed todo back to incomplete","status":"passed","title":"marks a completed todo back to incomplete","duration":0.2488999999999919,"failureMessages":[],"meta":{},"tags":[]},{"ancestorTitles":["TodoInteractor integration","update"],"fullName":"TodoInteractor integration update preserves title and completed when neither is updated","status":"passed","title":"preserves title and completed when neither is updated","duration":2.668900000000008,"failureMessages":[],"meta":{},"tags":[]},{"ancestorTitles":["TodoInteractor integration","update"],"fullName":"TodoInteractor integration update throws NOT_FOUND for an unknown todo","status":"passed","title":"throws NOT_FOUND for an unknown todo","duration":0.455099999999959,"failureMessages":[],"meta":{},"tags":[]},{"ancestorTitles":["TodoInteractor integration","update"],"fullName":"TodoInteractor integration update throws NOT_FOUND when the app does not exist","status":"passed","title":"throws NOT_FOUND when the app does not exist","duration":0.2615000000000123,"failureMessages":[],"meta":{},"tags":[]},{"ancestorTitles":["TodoInteractor integration","delete"],"fullName":"TodoInteractor integration delete soft-deletes the todo and returns it with deletedAt set","status":"passed","title":"soft-deletes the todo and returns it with deletedAt set","duration":0.41210000000000946,"failureMessages":[],"meta":{},"tags":[]},{"ancestorTitles":["TodoInteractor integration","delete"],"fullName":"TodoInteractor integration delete deleted todo is no longer in the list","status":"passed","title":"deleted todo is no longer in the list","duration":0.21879999999998745,"failureMessages":[],"meta":{},"tags":[]},{"ancestorTitles":["TodoInteractor integration","delete"],"fullName":"TodoInteractor integration delete throws NOT_FOUND for an unknown todo","status":"passed","title":"throws NOT_FOUND for an unknown todo","duration":0.2787000000000148,"failureMessages":[],"meta":{},"tags":[]},{"ancestorTitles":["TodoInteractor integration","delete"],"fullName":"TodoInteractor integration delete throws NOT_FOUND when the app does not exist","status":"passed","title":"throws NOT_FOUND when the app does not exist","duration":0.3676999999999566,"failureMessages":[],"meta":{},"tags":[]}],"startTime":1778505146697,"endTime":1778505146717.412,"status":"passed","message":"","name":"C:/Users/Kazum/Desktop/programming/AI/website/tddTodoApp/backend/src/tests/integrations/services/todo-interactor.medium.test.ts"},{"assertionResults":[{"ancestorTitles":["TodoUsecase interface contract"],"fullName":"TodoUsecase interface contract createTodoInteractor satisfies the TodoUsecase interface","status":"passed","title":"createTodoInteractor satisfies the TodoUsecase interface","duration":2.727899999999977,"failureMessages":[],"meta":{},"tags":[]},{"ancestorTitles":["TodoUsecase interface contract"],"fullName":"TodoUsecase interface contract create resolves to a TodoEntity shape","status":"passed","title":"create resolves to a TodoEntity shape","duration":4.757599999999968,"failureMessages":[],"meta":{},"tags":[]},{"ancestorTitles":["TodoUsecase interface contract"],"fullName":"TodoUsecase interface contract list resolves to an array","status":"passed","title":"list resolves to an array","duration":0.4100999999999999,"failureMessages":[],"meta":{},"tags":[]},{"ancestorTitles":["TodoUsecase interface contract"],"fullName":"TodoUsecase interface contract get resolves to the todo by appId and todoId","status":"passed","title":"get resolves to the todo by appId and todoId","duration":0.3873999999999569,"failureMessages":[],"meta":{},"tags":[]},{"ancestorTitles":["TodoUsecase interface contract"],"fullName":"TodoUsecase interface contract update resolves to the modified todo","status":"passed","title":"update resolves to the modified todo","duration":0.440400000000011,"failureMessages":[],"meta":{},"tags":[]},{"ancestorTitles":["TodoUsecase interface contract"],"fullName":"TodoUsecase interface contract delete resolves to the soft-deleted todo","status":"passed","title":"delete resolves to the soft-deleted todo","duration":0.5013000000000147,"failureMessages":[],"meta":{},"tags":[]}],"startTime":1778505146701,"endTime":1778505146710.5012,"status":"passed","message":"","name":"C:/Users/Kazum/Desktop/programming/AI/website/tddTodoApp/backend/src/tests/integrations/services/todo-usecase.medium.test.ts"}]}